CRITICAL - 2024-05-25 04:12:28 --> Undefined array key "is_appoinments"
in APPPATH\Helpers\auth_helper.php on line 161.
 1 APPPATH\Helpers\auth_helper.php(161): CodeIgniter\Debug\Exceptions->errorHandler(2, 'Undefined array key "is_appoinments"', 'APPPATH\\Helpers\\auth_helper.php', 161)
 2 APPPATH\Views\dashboard.php(86): is_appoinments('1')
 3 SYSTEMPATH\View\View.php(213): include('APPPATH\\Views\\dashboard.php')
 4 SYSTEMPATH\View\View.php(216): CodeIgniter\View\View->CodeIgniter\View\{closure}()
 5 SYSTEMPATH\Common.php(1184): CodeIgniter\View\View->render('dashboard', [], true)
 6 APPPATH\Controllers\Home.php(140): view('dashboard')
 7 SYSTEMPATH\CodeIgniter.php(934): App\Controllers\Home->index()
 8 SYSTEMPATH\CodeIgniter.php(499): CodeIgniter\CodeIgniter->runController(Object(App\Controllers\Home))
 9 SYSTEMPATH\CodeIgniter.php(368): CodeIgniter\CodeIgniter->handleRequest(null, Object(Config\Cache), false)
10 FCPATH\index.php(67): CodeIgniter\CodeIgniter->run()
CRITICAL - 2024-05-25 05:29:19 --> Cannot redeclare App\Controllers\Appoinments::index()
in APPPATH\Controllers\Appoinments.php on line 82.
 1 [internal function]: CodeIgniter\Debug\Exceptions->shutdownHandler()
CRITICAL - 2024-05-25 06:32:29 --> Class "Picqer\Barcode\BarcodeGeneratorJPG" not found
in APPPATH\Controllers\Generate_barcode.php on line 73.
 1 SYSTEMPATH\CodeIgniter.php(934): App\Controllers\Generate_barcode->index()
 2 SYSTEMPATH\CodeIgniter.php(499): CodeIgniter\CodeIgniter->runController(Object(App\Controllers\Generate_barcode))
 3 SYSTEMPATH\CodeIgniter.php(368): CodeIgniter\CodeIgniter->handleRequest(null, Object(Config\Cache), false)
 4 FCPATH\index.php(67): CodeIgniter\CodeIgniter->run()
CRITICAL - 2024-05-25 07:34:28 --> syntax error, unexpected token "}"
in APPPATH\Controllers\Appointments.php on line 130.
 1 SYSTEMPATH\Autoloader\Autoloader.php(289): CodeIgniter\Autoloader\Autoloader->includeFile('APPPATH\\Controllers\\Appointments.php')
 2 SYSTEMPATH\Autoloader\Autoloader.php(267): CodeIgniter\Autoloader\Autoloader->loadInNamespace('App\\Controllers\\Appointments')
 3 [internal function]: CodeIgniter\Autoloader\Autoloader->loadClass('App\\Controllers\\Appointments')
 4 SYSTEMPATH\CodeIgniter.php(892): class_exists('\\App\\Controllers\\Appointments', true)
 5 SYSTEMPATH\CodeIgniter.php(486): CodeIgniter\CodeIgniter->startController()
 6 SYSTEMPATH\CodeIgniter.php(368): CodeIgniter\CodeIgniter->handleRequest(null, Object(Config\Cache), false)
 7 FCPATH\index.php(67): CodeIgniter\CodeIgniter->run()
CRITICAL - 2024-05-25 09:44:37 --> Undefined variable $product_data
in APPPATH\Views\appointments\resources.php on line 177.
 1 APPPATH\Views\appointments\resources.php(177): CodeIgniter\Debug\Exceptions->errorHandler(2, 'Undefined variable $product_data', 'APPPATH\\Views\\appointments\\resources.php', 177)
 2 SYSTEMPATH\View\View.php(213): include('APPPATH\\Views\\appointments\\resources.php')
 3 SYSTEMPATH\View\View.php(216): CodeIgniter\View\View->CodeIgniter\View\{closure}()
 4 SYSTEMPATH\Common.php(1184): CodeIgniter\View\View->render('appointments/resources', [], true)
 5 APPPATH\Controllers\Appointments.php(105): view('appointments/resources', [...])
 6 SYSTEMPATH\CodeIgniter.php(934): App\Controllers\Appointments->resources()
 7 SYSTEMPATH\CodeIgniter.php(499): CodeIgniter\CodeIgniter->runController(Object(App\Controllers\Appointments))
 8 SYSTEMPATH\CodeIgniter.php(368): CodeIgniter\CodeIgniter->handleRequest(null, Object(Config\Cache), false)
 9 FCPATH\index.php(67): CodeIgniter\CodeIgniter->run()
CRITICAL - 2024-05-25 09:53:58 --> Undefined array key "product_name"
in APPPATH\Views\appointments\resources.php on line 171.
 1 APPPATH\Views\appointments\resources.php(171): CodeIgniter\Debug\Exceptions->errorHandler(2, 'Undefined array key "product_name"', 'APPPATH\\Views\\appointments\\resources.php', 171)
 2 SYSTEMPATH\View\View.php(213): include('APPPATH\\Views\\appointments\\resources.php')
 3 SYSTEMPATH\View\View.php(216): CodeIgniter\View\View->CodeIgniter\View\{closure}()
 4 SYSTEMPATH\Common.php(1184): CodeIgniter\View\View->render('appointments/resources', [], true)
 5 APPPATH\Controllers\Appointments.php(108): view('appointments/resources', [...])
 6 SYSTEMPATH\CodeIgniter.php(934): App\Controllers\Appointments->resources()
 7 SYSTEMPATH\CodeIgniter.php(499): CodeIgniter\CodeIgniter->runController(Object(App\Controllers\Appointments))
 8 SYSTEMPATH\CodeIgniter.php(368): CodeIgniter\CodeIgniter->handleRequest(null, Object(Config\Cache), false)
 9 FCPATH\index.php(67): CodeIgniter\CodeIgniter->run()
CRITICAL - 2024-05-25 09:54:41 --> Undefined variable $pager
in APPPATH\Views\appointments\resources.php on line 198.
 1 APPPATH\Views\appointments\resources.php(198): CodeIgniter\Debug\Exceptions->errorHandler(2, 'Undefined variable $pager', 'APPPATH\\Views\\appointments\\resources.php', 198)
 2 SYSTEMPATH\View\View.php(213): include('APPPATH\\Views\\appointments\\resources.php')
 3 SYSTEMPATH\View\View.php(216): CodeIgniter\View\View->CodeIgniter\View\{closure}()
 4 SYSTEMPATH\Common.php(1184): CodeIgniter\View\View->render('appointments/resources', [], true)
 5 APPPATH\Controllers\Appointments.php(108): view('appointments/resources', [...])
 6 SYSTEMPATH\CodeIgniter.php(934): App\Controllers\Appointments->resources()
 7 SYSTEMPATH\CodeIgniter.php(499): CodeIgniter\CodeIgniter->runController(Object(App\Controllers\Appointments))
 8 SYSTEMPATH\CodeIgniter.php(368): CodeIgniter\CodeIgniter->handleRequest(null, Object(Config\Cache), false)
 9 FCPATH\index.php(67): CodeIgniter\CodeIgniter->run()
