CRITICAL - 2023-09-14 04:09:51 --> Undefined variable $ins_id
in APPPATH\Controllers\Fees_and_payments.php on line 652.
 1 APPPATH\Controllers\Fees_and_payments.php(652): CodeIgniter\Debug\Exceptions->errorHandler(2, 'Undefined variable $ins_id', 'APPPATH\\Controllers\\Fees_and_payments.php', 652)
 2 SYSTEMPATH\CodeIgniter.php(934): App\Controllers\Fees_and_payments->generate_invoices('347', '417')
 3 SYSTEMPATH\CodeIgniter.php(499): CodeIgniter\CodeIgniter->runController(Object(App\Controllers\Fees_and_payments))
 4 SYSTEMPATH\CodeIgniter.php(368): CodeIgniter\CodeIgniter->handleRequest(null, Object(Config\Cache), false)
 5 FCPATH\index.php(67): CodeIgniter\CodeIgniter->run()
ERROR - 2023-09-14 05:51:03 --> mysqli_sql_exception: Table 'aitsun_app_db.main_companies' doesn't exist in C:\xampp\htdocs\aitsun_app\system\Database\MySQLi\Connection.php:295
Stack trace:
#0 C:\xampp\htdocs\aitsun_app\system\Database\MySQLi\Connection.php(295): mysqli->query('SELECT *\nFROM `...', 0)
#1 C:\xampp\htdocs\aitsun_app\system\Database\BaseConnection.php(691): CodeIgniter\Database\MySQLi\Connection->execute('SELECT *\nFROM `...')
#2 C:\xampp\htdocs\aitsun_app\system\Database\BaseConnection.php(605): CodeIgniter\Database\BaseConnection->simpleQuery('SELECT *\nFROM `...')
#3 C:\xampp\htdocs\aitsun_app\system\Database\BaseBuilder.php(1616): CodeIgniter\Database\BaseConnection->query('SELECT *\nFROM `...', Array, false)
#4 C:\xampp\htdocs\aitsun_app\system\Model.php(241): CodeIgniter\Database\BaseBuilder->get()
#5 C:\xampp\htdocs\aitsun_app\system\BaseModel.php(618): CodeIgniter\Model->doFindAll(0, 0)
#6 C:\xampp\htdocs\aitsun_app\app\Helpers\auth_helper.php(16): CodeIgniter\BaseModel->findAll()
#7 C:\xampp\htdocs\aitsun_app\app\Controllers\Reports.php(42): app_status('1')
#8 C:\xampp\htdocs\aitsun_app\system\CodeIgniter.php(934): App\Controllers\Reports->index()
#9 C:\xampp\htdocs\aitsun_app\system\CodeIgniter.php(499): CodeIgniter\CodeIgniter->runController(Object(App\Controllers\Reports))
#10 C:\xampp\htdocs\aitsun_app\system\CodeIgniter.php(368): CodeIgniter\CodeIgniter->handleRequest(NULL, Object(Config\Cache), false)
#11 C:\xampp\htdocs\aitsun_app\index.php(67): CodeIgniter\CodeIgniter->run()
#12 {main}
CRITICAL - 2023-09-14 05:51:03 --> Table 'aitsun_app_db.main_companies' doesn't exist
in SYSTEMPATH\Database\BaseConnection.php on line 645.
 1 SYSTEMPATH\Database\BaseBuilder.php(1616): CodeIgniter\Database\BaseConnection->query('SELECT *
FROM `main_companies`
WHERE `id` = :id:', [...], false)
 2 SYSTEMPATH\Model.php(241): CodeIgniter\Database\BaseBuilder->get()
 3 SYSTEMPATH\BaseModel.php(618): CodeIgniter\Model->doFindAll(0, 0)
 4 APPPATH\Helpers\auth_helper.php(16): CodeIgniter\BaseModel->findAll()
 5 APPPATH\Controllers\Reports.php(42): app_status('1')
 6 SYSTEMPATH\CodeIgniter.php(934): App\Controllers\Reports->index()
 7 SYSTEMPATH\CodeIgniter.php(499): CodeIgniter\CodeIgniter->runController(Object(App\Controllers\Reports))
 8 SYSTEMPATH\CodeIgniter.php(368): CodeIgniter\CodeIgniter->handleRequest(null, Object(Config\Cache), false)
 9 FCPATH\index.php(67): CodeIgniter\CodeIgniter->run()
