CRITICAL - 2024-03-19 04:18:50 --> syntax error, unexpected single-quoted string "file_name", expecting ")"
in APPPATH\Views\testing.php on line 16.
 1 SYSTEMPATH\View\View.php(216): CodeIgniter\View\View->CodeIgniter\View\{closure}()
 2 SYSTEMPATH\Common.php(1184): CodeIgniter\View\View->render('testing', [], true)
 3 APPPATH\Controllers\Testing.php(41): view('testing')
 4 SYSTEMPATH\CodeIgniter.php(934): App\Controllers\Testing->index()
 5 SYSTEMPATH\CodeIgniter.php(499): CodeIgniter\CodeIgniter->runController(Object(App\Controllers\Testing))
 6 SYSTEMPATH\CodeIgniter.php(368): CodeIgniter\CodeIgniter->handleRequest(null, Object(Config\Cache), false)
 7 FCPATH\index.php(67): CodeIgniter\CodeIgniter->run()
CRITICAL - 2024-03-19 06:13:40 --> Invalid file: "invoices/invoice_designs/invoice_html-8.php"
in SYSTEMPATH\Exceptions\FrameworkException.php on line 33.
 1 SYSTEMPATH\View\View.php(201): CodeIgniter\Exceptions\FrameworkException::forInvalidFile('invoices/invoice_designs/invoice_html-8.php')
 2 SYSTEMPATH\Common.php(1184): CodeIgniter\View\View->render('invoices/invoice_designs/invoice_html-8', [], true)
 3 APPPATH\Controllers\Invoices.php(463): view('invoices/invoice_designs/invoice_html-8', [...])
 4 SYSTEMPATH\CodeIgniter.php(934): App\Controllers\Invoices->get_invoice_pdf('41739', 'view')
 5 SYSTEMPATH\CodeIgniter.php(499): CodeIgniter\CodeIgniter->runController(Object(App\Controllers\Invoices))
 6 SYSTEMPATH\CodeIgniter.php(368): CodeIgniter\CodeIgniter->handleRequest(null, Object(Config\Cache), false)
 7 FCPATH\index.php(67): CodeIgniter\CodeIgniter->run()
CRITICAL - 2024-03-19 06:24:19 --> Undefined variable $total_amt
in APPPATH\Views\invoices\invoice_designs\invoice_html-8.php on line 387.
 1 APPPATH\Views\invoices\invoice_designs\invoice_html-8.php(387): CodeIgniter\Debug\Exceptions->errorHandler(2, 'Undefined variable $total_amt', 'APPPATH\\Views\\invoices\\invoice_designs\\invoice_html-8.php', 387)
 2 SYSTEMPATH\View\View.php(213): include('APPPATH\\Views\\invoices\\invoice_designs\\invoice_html-8.php')
 3 SYSTEMPATH\View\View.php(216): CodeIgniter\View\View->CodeIgniter\View\{closure}()
 4 SYSTEMPATH\Common.php(1184): CodeIgniter\View\View->render('invoices/invoice_designs/invoice_html-8', [], true)
 5 APPPATH\Controllers\Invoices.php(463): view('invoices/invoice_designs/invoice_html-8', [...])
 6 SYSTEMPATH\CodeIgniter.php(934): App\Controllers\Invoices->get_invoice_pdf('41739', 'view')
 7 SYSTEMPATH\CodeIgniter.php(499): CodeIgniter\CodeIgniter->runController(Object(App\Controllers\Invoices))
 8 SYSTEMPATH\CodeIgniter.php(368): CodeIgniter\CodeIgniter->handleRequest(null, Object(Config\Cache), false)
 9 FCPATH\index.php(67): CodeIgniter\CodeIgniter->run()
