CRITICAL - 2023-09-22 04:03:40 --> Too few arguments to function date_wise_day_book(), 0 passed in C:\xampp\htdocs\aitsun_app\app\Views\reports\day_book_beta.php on line 146 and exactly 2 expected
in APPPATH\Helpers\apanel_helper.php on line 147.
 1 APPPATH\Views\reports\day_book_beta.php(146): date_wise_day_book()
 2 SYSTEMPATH\View\View.php(213): include('APPPATH\\Views\\reports\\day_book_beta.php')
 3 SYSTEMPATH\View\View.php(216): CodeIgniter\View\View->CodeIgniter\View\{closure}()
 4 SYSTEMPATH\Common.php(1184): CodeIgniter\View\View->render('reports/day_book_beta', [], true)
 5 APPPATH\Controllers\Reports.php(166): view('reports/day_book_beta', [...])
 6 SYSTEMPATH\CodeIgniter.php(934): App\Controllers\Reports->day_book_beta()
 7 SYSTEMPATH\CodeIgniter.php(499): CodeIgniter\CodeIgniter->runController(Object(App\Controllers\Reports))
 8 SYSTEMPATH\CodeIgniter.php(368): CodeIgniter\CodeIgniter->handleRequest(null, Object(Config\Cache), false)
 9 FCPATH\index.php(67): CodeIgniter\CodeIgniter->run()
CRITICAL - 2023-09-22 04:12:02 --> Undefined array key "from"
in APPPATH\Views\reports\day_book_beta.php on line 6.
 1 APPPATH\Views\reports\day_book_beta.php(6): CodeIgniter\Debug\Exceptions->errorHandler(2, 'Undefined array key "from"', 'APPPATH\\Views\\reports\\day_book_beta.php', 6)
 2 SYSTEMPATH\View\View.php(213): include('APPPATH\\Views\\reports\\day_book_beta.php')
 3 SYSTEMPATH\View\View.php(216): CodeIgniter\View\View->CodeIgniter\View\{closure}()
 4 SYSTEMPATH\Common.php(1184): CodeIgniter\View\View->render('reports/day_book_beta', [], true)
 5 APPPATH\Controllers\Reports.php(166): view('reports/day_book_beta', [...])
 6 SYSTEMPATH\CodeIgniter.php(934): App\Controllers\Reports->day_book_beta()
 7 SYSTEMPATH\CodeIgniter.php(499): CodeIgniter\CodeIgniter->runController(Object(App\Controllers\Reports))
 8 SYSTEMPATH\CodeIgniter.php(368): CodeIgniter\CodeIgniter->handleRequest(null, Object(Config\Cache), false)
 9 FCPATH\index.php(67): CodeIgniter\CodeIgniter->run()
CRITICAL - 2023-09-22 04:12:32 --> Undefined variable $to
in APPPATH\Views\reports\day_book_beta.php on line 30.
 1 APPPATH\Views\reports\day_book_beta.php(30): CodeIgniter\Debug\Exceptions->errorHandler(2, 'Undefined variable $to', 'APPPATH\\Views\\reports\\day_book_beta.php', 30)
 2 SYSTEMPATH\View\View.php(213): include('APPPATH\\Views\\reports\\day_book_beta.php')
 3 SYSTEMPATH\View\View.php(216): CodeIgniter\View\View->CodeIgniter\View\{closure}()
 4 SYSTEMPATH\Common.php(1184): CodeIgniter\View\View->render('reports/day_book_beta', [], true)
 5 APPPATH\Controllers\Reports.php(166): view('reports/day_book_beta', [...])
 6 SYSTEMPATH\CodeIgniter.php(934): App\Controllers\Reports->day_book_beta()
 7 SYSTEMPATH\CodeIgniter.php(499): CodeIgniter\CodeIgniter->runController(Object(App\Controllers\Reports))
 8 SYSTEMPATH\CodeIgniter.php(368): CodeIgniter\CodeIgniter->handleRequest(null, Object(Config\Cache), false)
 9 FCPATH\index.php(67): CodeIgniter\CodeIgniter->run()
CRITICAL - 2023-09-22 05:34:58 --> Array to string conversion
in APPPATH\Views\reports\day_book_beta.php on line 186.
 1 APPPATH\Views\reports\day_book_beta.php(186): CodeIgniter\Debug\Exceptions->errorHandler(2, 'Array to string conversion', 'APPPATH\\Views\\reports\\day_book_beta.php', 186)
 2 SYSTEMPATH\View\View.php(213): include('APPPATH\\Views\\reports\\day_book_beta.php')
 3 SYSTEMPATH\View\View.php(216): CodeIgniter\View\View->CodeIgniter\View\{closure}()
 4 SYSTEMPATH\Common.php(1184): CodeIgniter\View\View->render('reports/day_book_beta', [], true)
 5 APPPATH\Controllers\Reports.php(166): view('reports/day_book_beta', [...])
 6 SYSTEMPATH\CodeIgniter.php(934): App\Controllers\Reports->day_book_beta()
 7 SYSTEMPATH\CodeIgniter.php(499): CodeIgniter\CodeIgniter->runController(Object(App\Controllers\Reports))
 8 SYSTEMPATH\CodeIgniter.php(368): CodeIgniter\CodeIgniter->handleRequest(null, Object(Config\Cache), false)
 9 FCPATH\index.php(67): CodeIgniter\CodeIgniter->run()
CRITICAL - 2023-09-22 05:40:12 --> Array to string conversion
in APPPATH\Views\reports\day_book_beta.php on line 186.
 1 APPPATH\Views\reports\day_book_beta.php(186): CodeIgniter\Debug\Exceptions->errorHandler(2, 'Array to string conversion', 'APPPATH\\Views\\reports\\day_book_beta.php', 186)
 2 SYSTEMPATH\View\View.php(213): include('APPPATH\\Views\\reports\\day_book_beta.php')
 3 SYSTEMPATH\View\View.php(216): CodeIgniter\View\View->CodeIgniter\View\{closure}()
 4 SYSTEMPATH\Common.php(1184): CodeIgniter\View\View->render('reports/day_book_beta', [], true)
 5 APPPATH\Controllers\Reports.php(166): view('reports/day_book_beta', [...])
 6 SYSTEMPATH\CodeIgniter.php(934): App\Controllers\Reports->day_book_beta()
 7 SYSTEMPATH\CodeIgniter.php(499): CodeIgniter\CodeIgniter->runController(Object(App\Controllers\Reports))
 8 SYSTEMPATH\CodeIgniter.php(368): CodeIgniter\CodeIgniter->handleRequest(null, Object(Config\Cache), false)
 9 FCPATH\index.php(67): CodeIgniter\CodeIgniter->run()
CRITICAL - 2023-09-22 05:41:15 --> Array to string conversion
in APPPATH\Views\reports\day_book_beta.php on line 186.
 1 APPPATH\Views\reports\day_book_beta.php(186): CodeIgniter\Debug\Exceptions->errorHandler(2, 'Array to string conversion', 'APPPATH\\Views\\reports\\day_book_beta.php', 186)
 2 SYSTEMPATH\View\View.php(213): include('APPPATH\\Views\\reports\\day_book_beta.php')
 3 SYSTEMPATH\View\View.php(216): CodeIgniter\View\View->CodeIgniter\View\{closure}()
 4 SYSTEMPATH\Common.php(1184): CodeIgniter\View\View->render('reports/day_book_beta', [], true)
 5 APPPATH\Controllers\Reports.php(166): view('reports/day_book_beta', [...])
 6 SYSTEMPATH\CodeIgniter.php(934): App\Controllers\Reports->day_book_beta()
 7 SYSTEMPATH\CodeIgniter.php(499): CodeIgniter\CodeIgniter->runController(Object(App\Controllers\Reports))
 8 SYSTEMPATH\CodeIgniter.php(368): CodeIgniter\CodeIgniter->handleRequest(null, Object(Config\Cache), false)
 9 FCPATH\index.php(67): CodeIgniter\CodeIgniter->run()
CRITICAL - 2023-09-22 20:43:23 --> Class "Locale" not found
in SYSTEMPATH\CodeIgniter.php on line 194.
 1 FCPATH\index.php(55): CodeIgniter\CodeIgniter->initialize()
CRITICAL - 2023-09-22 20:49:07 --> Class "Locale" not found
in SYSTEMPATH\CodeIgniter.php on line 194.
 1 FCPATH\index.php(55): CodeIgniter\CodeIgniter->initialize()
CRITICAL - 2023-09-22 20:49:23 --> Class "Locale" not found
in SYSTEMPATH\CodeIgniter.php on line 194.
 1 FCPATH\index.php(55): CodeIgniter\CodeIgniter->initialize()
CRITICAL - 2023-09-22 18:50:36 --> syntax error, unexpected identifier "opening_balance"
in APPPATH\Helpers\apanel_helper.php on line 161.
 1 SYSTEMPATH\Controller.php(85): helper([...])
 2 APPPATH\Controllers\BaseController.php(46): CodeIgniter\Controller->initController(Object(CodeIgniter\HTTP\IncomingRequest), Object(CodeIgniter\HTTP\Response), Object(CodeIgniter\Log\Logger))
 3 SYSTEMPATH\CodeIgniter.php(907): App\Controllers\BaseController->initController(Object(CodeIgniter\HTTP\IncomingRequest), Object(CodeIgniter\HTTP\Response), Object(CodeIgniter\Log\Logger))
 4 SYSTEMPATH\CodeIgniter.php(490): CodeIgniter\CodeIgniter->createController()
 5 SYSTEMPATH\CodeIgniter.php(368): CodeIgniter\CodeIgniter->handleRequest(null, Object(Config\Cache), false)
 6 FCPATH\index.php(67): CodeIgniter\CodeIgniter->run()
CRITICAL - 2023-09-22 18:55:19 --> syntax error, unexpected variable "$PaymentsModel"
in APPPATH\Helpers\apanel_helper.php on line 170.
 1 SYSTEMPATH\Controller.php(85): helper([...])
 2 APPPATH\Controllers\BaseController.php(46): CodeIgniter\Controller->initController(Object(CodeIgniter\HTTP\IncomingRequest), Object(CodeIgniter\HTTP\Response), Object(CodeIgniter\Log\Logger))
 3 SYSTEMPATH\CodeIgniter.php(907): App\Controllers\BaseController->initController(Object(CodeIgniter\HTTP\IncomingRequest), Object(CodeIgniter\HTTP\Response), Object(CodeIgniter\Log\Logger))
 4 SYSTEMPATH\CodeIgniter.php(490): CodeIgniter\CodeIgniter->createController()
 5 SYSTEMPATH\CodeIgniter.php(368): CodeIgniter\CodeIgniter->handleRequest(null, Object(Config\Cache), false)
 6 FCPATH\index.php(67): CodeIgniter\CodeIgniter->run()
CRITICAL - 2023-09-22 19:07:51 --> Class "App\Controllers\VehicleModel" not found
in APPPATH\Controllers\Fees_and_payments.php on line 178.
 1 SYSTEMPATH\CodeIgniter.php(934): App\Controllers\Fees_and_payments->transport_expense_report()
 2 SYSTEMPATH\CodeIgniter.php(499): CodeIgniter\CodeIgniter->runController(Object(App\Controllers\Fees_and_payments))
 3 SYSTEMPATH\CodeIgniter.php(368): CodeIgniter\CodeIgniter->handleRequest(null, Object(Config\Cache), false)
 4 FCPATH\index.php(67): CodeIgniter\CodeIgniter->run()
CRITICAL - 2023-09-22 19:27:23 --> Maximum execution time of 500 seconds exceeded
in SYSTEMPATH\Database\MySQLi\Connection.php on line 295.
 1 [internal function]: CodeIgniter\Debug\Exceptions->shutdownHandler()
