CRITICAL - 2024-02-19 07:15:01 --> Neither gd-lib or imagick are installed!
in FCPATH\vendor\picqer\php-barcode-generator\src\BarcodeGeneratorPNG.php on line 22.
 1 APPPATH\Controllers\Generate_barcode.php(73): Picqer\Barcode\BarcodeGeneratorPNG->__construct()
 2 SYSTEMPATH\CodeIgniter.php(934): App\Controllers\Generate_barcode->index()
 3 SYSTEMPATH\CodeIgniter.php(499): CodeIgniter\CodeIgniter->runController(Object(App\Controllers\Generate_barcode))
 4 SYSTEMPATH\CodeIgniter.php(368): CodeIgniter\CodeIgniter->handleRequest(null, Object(Config\Cache), false)
 5 FCPATH\index.php(67): CodeIgniter\CodeIgniter->run()
CRITICAL - 2024-02-19 07:15:01 --> Neither gd-lib or imagick are installed!
in FCPATH\vendor\picqer\php-barcode-generator\src\BarcodeGeneratorPNG.php on line 22.
 1 APPPATH\Controllers\Generate_barcode.php(73): Picqer\Barcode\BarcodeGeneratorPNG->__construct()
 2 SYSTEMPATH\CodeIgniter.php(934): App\Controllers\Generate_barcode->index()
 3 SYSTEMPATH\CodeIgniter.php(499): CodeIgniter\CodeIgniter->runController(Object(App\Controllers\Generate_barcode))
 4 SYSTEMPATH\CodeIgniter.php(368): CodeIgniter\CodeIgniter->handleRequest(null, Object(Config\Cache), false)
 5 FCPATH\index.php(67): CodeIgniter\CodeIgniter->run()
CRITICAL - 2024-02-19 07:15:01 --> Neither gd-lib or imagick are installed!
in FCPATH\vendor\picqer\php-barcode-generator\src\BarcodeGeneratorPNG.php on line 22.
 1 APPPATH\Controllers\Generate_barcode.php(73): Picqer\Barcode\BarcodeGeneratorPNG->__construct()
 2 SYSTEMPATH\CodeIgniter.php(934): App\Controllers\Generate_barcode->index()
 3 SYSTEMPATH\CodeIgniter.php(499): CodeIgniter\CodeIgniter->runController(Object(App\Controllers\Generate_barcode))
 4 SYSTEMPATH\CodeIgniter.php(368): CodeIgniter\CodeIgniter->handleRequest(null, Object(Config\Cache), false)
 5 FCPATH\index.php(67): CodeIgniter\CodeIgniter->run()
CRITICAL - 2024-02-19 07:15:01 --> Neither gd-lib or imagick are installed!
in FCPATH\vendor\picqer\php-barcode-generator\src\BarcodeGeneratorPNG.php on line 22.
 1 APPPATH\Controllers\Generate_barcode.php(73): Picqer\Barcode\BarcodeGeneratorPNG->__construct()
 2 SYSTEMPATH\CodeIgniter.php(934): App\Controllers\Generate_barcode->index()
 3 SYSTEMPATH\CodeIgniter.php(499): CodeIgniter\CodeIgniter->runController(Object(App\Controllers\Generate_barcode))
 4 SYSTEMPATH\CodeIgniter.php(368): CodeIgniter\CodeIgniter->handleRequest(null, Object(Config\Cache), false)
 5 FCPATH\index.php(67): CodeIgniter\CodeIgniter->run()
CRITICAL - 2024-02-19 07:15:01 --> Neither gd-lib or imagick are installed!
in FCPATH\vendor\picqer\php-barcode-generator\src\BarcodeGeneratorPNG.php on line 22.
 1 APPPATH\Controllers\Generate_barcode.php(73): Picqer\Barcode\BarcodeGeneratorPNG->__construct()
 2 SYSTEMPATH\CodeIgniter.php(934): App\Controllers\Generate_barcode->index()
 3 SYSTEMPATH\CodeIgniter.php(499): CodeIgniter\CodeIgniter->runController(Object(App\Controllers\Generate_barcode))
 4 SYSTEMPATH\CodeIgniter.php(368): CodeIgniter\CodeIgniter->handleRequest(null, Object(Config\Cache), false)
 5 FCPATH\index.php(67): CodeIgniter\CodeIgniter->run()
CRITICAL - 2024-02-19 07:15:01 --> Neither gd-lib or imagick are installed!
in FCPATH\vendor\picqer\php-barcode-generator\src\BarcodeGeneratorPNG.php on line 22.
 1 APPPATH\Controllers\Generate_barcode.php(73): Picqer\Barcode\BarcodeGeneratorPNG->__construct()
 2 SYSTEMPATH\CodeIgniter.php(934): App\Controllers\Generate_barcode->index()
 3 SYSTEMPATH\CodeIgniter.php(499): CodeIgniter\CodeIgniter->runController(Object(App\Controllers\Generate_barcode))
 4 SYSTEMPATH\CodeIgniter.php(368): CodeIgniter\CodeIgniter->handleRequest(null, Object(Config\Cache), false)
 5 FCPATH\index.php(67): CodeIgniter\CodeIgniter->run()
CRITICAL - 2024-02-19 07:15:02 --> Neither gd-lib or imagick are installed!
in FCPATH\vendor\picqer\php-barcode-generator\src\BarcodeGeneratorPNG.php on line 22.
 1 APPPATH\Controllers\Generate_barcode.php(73): Picqer\Barcode\BarcodeGeneratorPNG->__construct()
 2 SYSTEMPATH\CodeIgniter.php(934): App\Controllers\Generate_barcode->index()
 3 SYSTEMPATH\CodeIgniter.php(499): CodeIgniter\CodeIgniter->runController(Object(App\Controllers\Generate_barcode))
 4 SYSTEMPATH\CodeIgniter.php(368): CodeIgniter\CodeIgniter->handleRequest(null, Object(Config\Cache), false)
 5 FCPATH\index.php(67): CodeIgniter\CodeIgniter->run()
CRITICAL - 2024-02-19 07:15:02 --> Neither gd-lib or imagick are installed!
in FCPATH\vendor\picqer\php-barcode-generator\src\BarcodeGeneratorPNG.php on line 22.
 1 APPPATH\Controllers\Generate_barcode.php(73): Picqer\Barcode\BarcodeGeneratorPNG->__construct()
 2 SYSTEMPATH\CodeIgniter.php(934): App\Controllers\Generate_barcode->index()
 3 SYSTEMPATH\CodeIgniter.php(499): CodeIgniter\CodeIgniter->runController(Object(App\Controllers\Generate_barcode))
 4 SYSTEMPATH\CodeIgniter.php(368): CodeIgniter\CodeIgniter->handleRequest(null, Object(Config\Cache), false)
 5 FCPATH\index.php(67): CodeIgniter\CodeIgniter->run()
CRITICAL - 2024-02-19 07:15:02 --> Neither gd-lib or imagick are installed!
in FCPATH\vendor\picqer\php-barcode-generator\src\BarcodeGeneratorPNG.php on line 22.
 1 APPPATH\Controllers\Generate_barcode.php(73): Picqer\Barcode\BarcodeGeneratorPNG->__construct()
 2 SYSTEMPATH\CodeIgniter.php(934): App\Controllers\Generate_barcode->index()
 3 SYSTEMPATH\CodeIgniter.php(499): CodeIgniter\CodeIgniter->runController(Object(App\Controllers\Generate_barcode))
 4 SYSTEMPATH\CodeIgniter.php(368): CodeIgniter\CodeIgniter->handleRequest(null, Object(Config\Cache), false)
 5 FCPATH\index.php(67): CodeIgniter\CodeIgniter->run()
CRITICAL - 2024-02-19 07:15:02 --> Neither gd-lib or imagick are installed!
in FCPATH\vendor\picqer\php-barcode-generator\src\BarcodeGeneratorPNG.php on line 22.
 1 APPPATH\Controllers\Generate_barcode.php(73): Picqer\Barcode\BarcodeGeneratorPNG->__construct()
 2 SYSTEMPATH\CodeIgniter.php(934): App\Controllers\Generate_barcode->index()
 3 SYSTEMPATH\CodeIgniter.php(499): CodeIgniter\CodeIgniter->runController(Object(App\Controllers\Generate_barcode))
 4 SYSTEMPATH\CodeIgniter.php(368): CodeIgniter\CodeIgniter->handleRequest(null, Object(Config\Cache), false)
 5 FCPATH\index.php(67): CodeIgniter\CodeIgniter->run()
CRITICAL - 2024-02-19 07:15:02 --> Neither gd-lib or imagick are installed!
in FCPATH\vendor\picqer\php-barcode-generator\src\BarcodeGeneratorPNG.php on line 22.
 1 APPPATH\Controllers\Generate_barcode.php(73): Picqer\Barcode\BarcodeGeneratorPNG->__construct()
 2 SYSTEMPATH\CodeIgniter.php(934): App\Controllers\Generate_barcode->index()
 3 SYSTEMPATH\CodeIgniter.php(499): CodeIgniter\CodeIgniter->runController(Object(App\Controllers\Generate_barcode))
 4 SYSTEMPATH\CodeIgniter.php(368): CodeIgniter\CodeIgniter->handleRequest(null, Object(Config\Cache), false)
 5 FCPATH\index.php(67): CodeIgniter\CodeIgniter->run()
CRITICAL - 2024-02-19 07:15:02 --> Neither gd-lib or imagick are installed!
in FCPATH\vendor\picqer\php-barcode-generator\src\BarcodeGeneratorPNG.php on line 22.
 1 APPPATH\Controllers\Generate_barcode.php(73): Picqer\Barcode\BarcodeGeneratorPNG->__construct()
 2 SYSTEMPATH\CodeIgniter.php(934): App\Controllers\Generate_barcode->index()
 3 SYSTEMPATH\CodeIgniter.php(499): CodeIgniter\CodeIgniter->runController(Object(App\Controllers\Generate_barcode))
 4 SYSTEMPATH\CodeIgniter.php(368): CodeIgniter\CodeIgniter->handleRequest(null, Object(Config\Cache), false)
 5 FCPATH\index.php(67): CodeIgniter\CodeIgniter->run()
CRITICAL - 2024-02-19 07:15:02 --> Neither gd-lib or imagick are installed!
in FCPATH\vendor\picqer\php-barcode-generator\src\BarcodeGeneratorPNG.php on line 22.
 1 APPPATH\Controllers\Generate_barcode.php(73): Picqer\Barcode\BarcodeGeneratorPNG->__construct()
 2 SYSTEMPATH\CodeIgniter.php(934): App\Controllers\Generate_barcode->index()
 3 SYSTEMPATH\CodeIgniter.php(499): CodeIgniter\CodeIgniter->runController(Object(App\Controllers\Generate_barcode))
 4 SYSTEMPATH\CodeIgniter.php(368): CodeIgniter\CodeIgniter->handleRequest(null, Object(Config\Cache), false)
 5 FCPATH\index.php(67): CodeIgniter\CodeIgniter->run()
CRITICAL - 2024-02-19 07:15:02 --> Neither gd-lib or imagick are installed!
in FCPATH\vendor\picqer\php-barcode-generator\src\BarcodeGeneratorPNG.php on line 22.
 1 APPPATH\Controllers\Generate_barcode.php(73): Picqer\Barcode\BarcodeGeneratorPNG->__construct()
 2 SYSTEMPATH\CodeIgniter.php(934): App\Controllers\Generate_barcode->index()
 3 SYSTEMPATH\CodeIgniter.php(499): CodeIgniter\CodeIgniter->runController(Object(App\Controllers\Generate_barcode))
 4 SYSTEMPATH\CodeIgniter.php(368): CodeIgniter\CodeIgniter->handleRequest(null, Object(Config\Cache), false)
 5 FCPATH\index.php(67): CodeIgniter\CodeIgniter->run()
CRITICAL - 2024-02-19 07:15:02 --> Neither gd-lib or imagick are installed!
in FCPATH\vendor\picqer\php-barcode-generator\src\BarcodeGeneratorPNG.php on line 22.
 1 APPPATH\Controllers\Generate_barcode.php(73): Picqer\Barcode\BarcodeGeneratorPNG->__construct()
 2 SYSTEMPATH\CodeIgniter.php(934): App\Controllers\Generate_barcode->index()
 3 SYSTEMPATH\CodeIgniter.php(499): CodeIgniter\CodeIgniter->runController(Object(App\Controllers\Generate_barcode))
 4 SYSTEMPATH\CodeIgniter.php(368): CodeIgniter\CodeIgniter->handleRequest(null, Object(Config\Cache), false)
 5 FCPATH\index.php(67): CodeIgniter\CodeIgniter->run()
CRITICAL - 2024-02-19 07:15:02 --> Neither gd-lib or imagick are installed!
in FCPATH\vendor\picqer\php-barcode-generator\src\BarcodeGeneratorPNG.php on line 22.
 1 APPPATH\Controllers\Generate_barcode.php(73): Picqer\Barcode\BarcodeGeneratorPNG->__construct()
 2 SYSTEMPATH\CodeIgniter.php(934): App\Controllers\Generate_barcode->index()
 3 SYSTEMPATH\CodeIgniter.php(499): CodeIgniter\CodeIgniter->runController(Object(App\Controllers\Generate_barcode))
 4 SYSTEMPATH\CodeIgniter.php(368): CodeIgniter\CodeIgniter->handleRequest(null, Object(Config\Cache), false)
 5 FCPATH\index.php(67): CodeIgniter\CodeIgniter->run()
CRITICAL - 2024-02-19 07:15:02 --> Neither gd-lib or imagick are installed!
in FCPATH\vendor\picqer\php-barcode-generator\src\BarcodeGeneratorPNG.php on line 22.
 1 APPPATH\Controllers\Generate_barcode.php(73): Picqer\Barcode\BarcodeGeneratorPNG->__construct()
 2 SYSTEMPATH\CodeIgniter.php(934): App\Controllers\Generate_barcode->index()
 3 SYSTEMPATH\CodeIgniter.php(499): CodeIgniter\CodeIgniter->runController(Object(App\Controllers\Generate_barcode))
 4 SYSTEMPATH\CodeIgniter.php(368): CodeIgniter\CodeIgniter->handleRequest(null, Object(Config\Cache), false)
 5 FCPATH\index.php(67): CodeIgniter\CodeIgniter->run()
CRITICAL - 2024-02-19 07:15:02 --> Neither gd-lib or imagick are installed!
in FCPATH\vendor\picqer\php-barcode-generator\src\BarcodeGeneratorPNG.php on line 22.
 1 APPPATH\Controllers\Generate_barcode.php(73): Picqer\Barcode\BarcodeGeneratorPNG->__construct()
 2 SYSTEMPATH\CodeIgniter.php(934): App\Controllers\Generate_barcode->index()
 3 SYSTEMPATH\CodeIgniter.php(499): CodeIgniter\CodeIgniter->runController(Object(App\Controllers\Generate_barcode))
 4 SYSTEMPATH\CodeIgniter.php(368): CodeIgniter\CodeIgniter->handleRequest(null, Object(Config\Cache), false)
 5 FCPATH\index.php(67): CodeIgniter\CodeIgniter->run()
CRITICAL - 2024-02-19 07:15:02 --> Neither gd-lib or imagick are installed!
in FCPATH\vendor\picqer\php-barcode-generator\src\BarcodeGeneratorPNG.php on line 22.
 1 APPPATH\Controllers\Generate_barcode.php(73): Picqer\Barcode\BarcodeGeneratorPNG->__construct()
 2 SYSTEMPATH\CodeIgniter.php(934): App\Controllers\Generate_barcode->index()
 3 SYSTEMPATH\CodeIgniter.php(499): CodeIgniter\CodeIgniter->runController(Object(App\Controllers\Generate_barcode))
 4 SYSTEMPATH\CodeIgniter.php(368): CodeIgniter\CodeIgniter->handleRequest(null, Object(Config\Cache), false)
 5 FCPATH\index.php(67): CodeIgniter\CodeIgniter->run()
CRITICAL - 2024-02-19 07:15:02 --> Neither gd-lib or imagick are installed!
in FCPATH\vendor\picqer\php-barcode-generator\src\BarcodeGeneratorPNG.php on line 22.
 1 APPPATH\Controllers\Generate_barcode.php(73): Picqer\Barcode\BarcodeGeneratorPNG->__construct()
 2 SYSTEMPATH\CodeIgniter.php(934): App\Controllers\Generate_barcode->index()
 3 SYSTEMPATH\CodeIgniter.php(499): CodeIgniter\CodeIgniter->runController(Object(App\Controllers\Generate_barcode))
 4 SYSTEMPATH\CodeIgniter.php(368): CodeIgniter\CodeIgniter->handleRequest(null, Object(Config\Cache), false)
 5 FCPATH\index.php(67): CodeIgniter\CodeIgniter->run()
CRITICAL - 2024-02-19 07:15:02 --> Neither gd-lib or imagick are installed!
in FCPATH\vendor\picqer\php-barcode-generator\src\BarcodeGeneratorPNG.php on line 22.
 1 APPPATH\Controllers\Generate_barcode.php(73): Picqer\Barcode\BarcodeGeneratorPNG->__construct()
 2 SYSTEMPATH\CodeIgniter.php(934): App\Controllers\Generate_barcode->index()
 3 SYSTEMPATH\CodeIgniter.php(499): CodeIgniter\CodeIgniter->runController(Object(App\Controllers\Generate_barcode))
 4 SYSTEMPATH\CodeIgniter.php(368): CodeIgniter\CodeIgniter->handleRequest(null, Object(Config\Cache), false)
 5 FCPATH\index.php(67): CodeIgniter\CodeIgniter->run()
CRITICAL - 2024-02-19 07:15:02 --> Neither gd-lib or imagick are installed!
in FCPATH\vendor\picqer\php-barcode-generator\src\BarcodeGeneratorPNG.php on line 22.
 1 APPPATH\Controllers\Generate_barcode.php(73): Picqer\Barcode\BarcodeGeneratorPNG->__construct()
 2 SYSTEMPATH\CodeIgniter.php(934): App\Controllers\Generate_barcode->index()
 3 SYSTEMPATH\CodeIgniter.php(499): CodeIgniter\CodeIgniter->runController(Object(App\Controllers\Generate_barcode))
 4 SYSTEMPATH\CodeIgniter.php(368): CodeIgniter\CodeIgniter->handleRequest(null, Object(Config\Cache), false)
 5 FCPATH\index.php(67): CodeIgniter\CodeIgniter->run()
CRITICAL - 2024-02-19 07:15:02 --> Neither gd-lib or imagick are installed!
in FCPATH\vendor\picqer\php-barcode-generator\src\BarcodeGeneratorPNG.php on line 22.
 1 APPPATH\Controllers\Generate_barcode.php(73): Picqer\Barcode\BarcodeGeneratorPNG->__construct()
 2 SYSTEMPATH\CodeIgniter.php(934): App\Controllers\Generate_barcode->index()
 3 SYSTEMPATH\CodeIgniter.php(499): CodeIgniter\CodeIgniter->runController(Object(App\Controllers\Generate_barcode))
 4 SYSTEMPATH\CodeIgniter.php(368): CodeIgniter\CodeIgniter->handleRequest(null, Object(Config\Cache), false)
 5 FCPATH\index.php(67): CodeIgniter\CodeIgniter->run()
CRITICAL - 2024-02-19 07:15:02 --> Neither gd-lib or imagick are installed!
in FCPATH\vendor\picqer\php-barcode-generator\src\BarcodeGeneratorPNG.php on line 22.
 1 APPPATH\Controllers\Generate_barcode.php(73): Picqer\Barcode\BarcodeGeneratorPNG->__construct()
 2 SYSTEMPATH\CodeIgniter.php(934): App\Controllers\Generate_barcode->index()
 3 SYSTEMPATH\CodeIgniter.php(499): CodeIgniter\CodeIgniter->runController(Object(App\Controllers\Generate_barcode))
 4 SYSTEMPATH\CodeIgniter.php(368): CodeIgniter\CodeIgniter->handleRequest(null, Object(Config\Cache), false)
 5 FCPATH\index.php(67): CodeIgniter\CodeIgniter->run()
CRITICAL - 2024-02-19 07:15:03 --> Neither gd-lib or imagick are installed!
in FCPATH\vendor\picqer\php-barcode-generator\src\BarcodeGeneratorPNG.php on line 22.
 1 APPPATH\Controllers\Generate_barcode.php(73): Picqer\Barcode\BarcodeGeneratorPNG->__construct()
 2 SYSTEMPATH\CodeIgniter.php(934): App\Controllers\Generate_barcode->index()
 3 SYSTEMPATH\CodeIgniter.php(499): CodeIgniter\CodeIgniter->runController(Object(App\Controllers\Generate_barcode))
 4 SYSTEMPATH\CodeIgniter.php(368): CodeIgniter\CodeIgniter->handleRequest(null, Object(Config\Cache), false)
 5 FCPATH\index.php(67): CodeIgniter\CodeIgniter->run()
CRITICAL - 2024-02-19 07:15:08 --> Neither gd-lib or imagick are installed!
in FCPATH\vendor\picqer\php-barcode-generator\src\BarcodeGeneratorPNG.php on line 22.
 1 APPPATH\Controllers\Generate_barcode.php(73): Picqer\Barcode\BarcodeGeneratorPNG->__construct()
 2 SYSTEMPATH\CodeIgniter.php(934): App\Controllers\Generate_barcode->index()
 3 SYSTEMPATH\CodeIgniter.php(499): CodeIgniter\CodeIgniter->runController(Object(App\Controllers\Generate_barcode))
 4 SYSTEMPATH\CodeIgniter.php(368): CodeIgniter\CodeIgniter->handleRequest(null, Object(Config\Cache), false)
 5 FCPATH\index.php(67): CodeIgniter\CodeIgniter->run()
CRITICAL - 2024-02-19 07:15:08 --> Neither gd-lib or imagick are installed!
in FCPATH\vendor\picqer\php-barcode-generator\src\BarcodeGeneratorPNG.php on line 22.
 1 APPPATH\Controllers\Generate_barcode.php(73): Picqer\Barcode\BarcodeGeneratorPNG->__construct()
 2 SYSTEMPATH\CodeIgniter.php(934): App\Controllers\Generate_barcode->index()
 3 SYSTEMPATH\CodeIgniter.php(499): CodeIgniter\CodeIgniter->runController(Object(App\Controllers\Generate_barcode))
 4 SYSTEMPATH\CodeIgniter.php(368): CodeIgniter\CodeIgniter->handleRequest(null, Object(Config\Cache), false)
 5 FCPATH\index.php(67): CodeIgniter\CodeIgniter->run()
