CRITICAL - 2024-05-21 06:58:56 --> Call to undefined function activated_year()
in APPPATH\Helpers\accounting_helper.php on line 208.
 1 APPPATH\Views\main_menu.php(41): cash_in_hand('1')
 2 SYSTEMPATH\View\View.php(213): include('APPPATH\\Views\\main_menu.php')
 3 SYSTEMPATH\View\View.php(216): CodeIgniter\View\View->CodeIgniter\View\{closure}()
 4 SYSTEMPATH\Common.php(1184): CodeIgniter\View\View->render('main_menu', [], true)
 5 APPPATH\Controllers\Home.php(139): view('main_menu')
 6 SYSTEMPATH\CodeIgniter.php(934): App\Controllers\Home->index()
 7 SYSTEMPATH\CodeIgniter.php(499): CodeIgniter\CodeIgniter->runController(Object(App\Controllers\Home))
 8 SYSTEMPATH\CodeIgniter.php(368): CodeIgniter\CodeIgniter->handleRequest(null, Object(Config\Cache), false)
 9 FCPATH\index.php(67): CodeIgniter\CodeIgniter->run()
CRITICAL - 2024-05-21 09:02:14 --> Call to undefined function activated_year()
in APPPATH\Helpers\accounting_helper.php on line 208.
 1 APPPATH\Views\main_menu.php(41): cash_in_hand('1')
 2 SYSTEMPATH\View\View.php(213): include('APPPATH\\Views\\main_menu.php')
 3 SYSTEMPATH\View\View.php(216): CodeIgniter\View\View->CodeIgniter\View\{closure}()
 4 SYSTEMPATH\Common.php(1184): CodeIgniter\View\View->render('main_menu', [], true)
 5 APPPATH\Controllers\Home.php(139): view('main_menu')
 6 SYSTEMPATH\CodeIgniter.php(934): App\Controllers\Home->index()
 7 SYSTEMPATH\CodeIgniter.php(499): CodeIgniter\CodeIgniter->runController(Object(App\Controllers\Home))
 8 SYSTEMPATH\CodeIgniter.php(368): CodeIgniter\CodeIgniter->handleRequest(null, Object(Config\Cache), false)
 9 FCPATH\index.php(67): CodeIgniter\CodeIgniter->run()
CRITICAL - 2024-05-21 09:15:41 --> Call to undefined function activated_year()
in APPPATH\Helpers\accounting_helper.php on line 208.
 1 APPPATH\Views\main_menu.php(41): cash_in_hand('1')
 2 SYSTEMPATH\View\View.php(213): include('APPPATH\\Views\\main_menu.php')
 3 SYSTEMPATH\View\View.php(216): CodeIgniter\View\View->CodeIgniter\View\{closure}()
 4 SYSTEMPATH\Common.php(1184): CodeIgniter\View\View->render('main_menu', [], true)
 5 APPPATH\Controllers\Home.php(139): view('main_menu')
 6 SYSTEMPATH\CodeIgniter.php(934): App\Controllers\Home->index()
 7 SYSTEMPATH\CodeIgniter.php(499): CodeIgniter\CodeIgniter->runController(Object(App\Controllers\Home))
 8 SYSTEMPATH\CodeIgniter.php(368): CodeIgniter\CodeIgniter->handleRequest(null, Object(Config\Cache), false)
 9 FCPATH\index.php(67): CodeIgniter\CodeIgniter->run()
CRITICAL - 2024-05-21 09:38:11 --> Call to undefined function activated_year()
in APPPATH\Helpers\accounting_helper.php on line 208.
 1 APPPATH\Views\main_menu.php(41): cash_in_hand('1')
 2 SYSTEMPATH\View\View.php(213): include('APPPATH\\Views\\main_menu.php')
 3 SYSTEMPATH\View\View.php(216): CodeIgniter\View\View->CodeIgniter\View\{closure}()
 4 SYSTEMPATH\Common.php(1184): CodeIgniter\View\View->render('main_menu', [], true)
 5 APPPATH\Controllers\Home.php(139): view('main_menu')
 6 SYSTEMPATH\CodeIgniter.php(934): App\Controllers\Home->index()
 7 SYSTEMPATH\CodeIgniter.php(499): CodeIgniter\CodeIgniter->runController(Object(App\Controllers\Home))
 8 SYSTEMPATH\CodeIgniter.php(368): CodeIgniter\CodeIgniter->handleRequest(null, Object(Config\Cache), false)
 9 FCPATH\index.php(67): CodeIgniter\CodeIgniter->run()
CRITICAL - 2024-05-21 11:24:52 --> Neither gd-lib or imagick are installed!
in FCPATH\vendor\picqer\php-barcode-generator\src\BarcodeGeneratorPNG.php on line 22.
 1 APPPATH\Controllers\Generate_barcode.php(73): Picqer\Barcode\BarcodeGeneratorPNG->__construct()
 2 SYSTEMPATH\CodeIgniter.php(934): App\Controllers\Generate_barcode->index()
 3 SYSTEMPATH\CodeIgniter.php(499): CodeIgniter\CodeIgniter->runController(Object(App\Controllers\Generate_barcode))
 4 SYSTEMPATH\CodeIgniter.php(368): CodeIgniter\CodeIgniter->handleRequest(null, Object(Config\Cache), false)
 5 FCPATH\index.php(67): CodeIgniter\CodeIgniter->run()
