CRITICAL - 2024-06-08 04:57:43 --> Undefined variable $user_id
in APPPATH\Controllers\Customers.php on line 82.
 1 APPPATH\Controllers\Customers.php(82): CodeIgniter\Debug\Exceptions->errorHandler(2, 'Undefined variable $user_id', 'APPPATH\\Controllers\\Customers.php', 82)
 2 SYSTEMPATH\CodeIgniter.php(934): App\Controllers\Customers->index()
 3 SYSTEMPATH\CodeIgniter.php(499): CodeIgniter\CodeIgniter->runController(Object(App\Controllers\Customers))
 4 SYSTEMPATH\CodeIgniter.php(368): CodeIgniter\CodeIgniter->handleRequest(null, Object(Config\Cache), false)
 5 FCPATH\index.php(67): CodeIgniter\CodeIgniter->run()
CRITICAL - 2024-06-08 05:40:38 --> Undefined array key "booking_no"
in APPPATH\Views\appointments\book_persons.php on line 217.
 1 APPPATH\Views\appointments\book_persons.php(217): CodeIgniter\Debug\Exceptions->errorHandler(2, 'Undefined array key "booking_no"', 'APPPATH\\Views\\appointments\\book_persons.php', 217)
 2 SYSTEMPATH\View\View.php(213): include('APPPATH\\Views\\appointments\\book_persons.php')
 3 SYSTEMPATH\View\View.php(216): CodeIgniter\View\View->CodeIgniter\View\{closure}()
 4 SYSTEMPATH\Common.php(1184): CodeIgniter\View\View->render('appointments/book_persons', [], true)
 5 APPPATH\Controllers\Appointments.php(125): view('appointments/book_persons', [...])
 6 SYSTEMPATH\CodeIgniter.php(934): App\Controllers\Appointments->book_persons()
 7 SYSTEMPATH\CodeIgniter.php(499): CodeIgniter\CodeIgniter->runController(Object(App\Controllers\Appointments))
 8 SYSTEMPATH\CodeIgniter.php(368): CodeIgniter\CodeIgniter->handleRequest(null, Object(Config\Cache), false)
 9 FCPATH\index.php(67): CodeIgniter\CodeIgniter->run()
ERROR - 2024-06-08 05:43:36 --> mysqli_sql_exception: Unknown column 'booking_no' in 'field list' in C:\xampp\htdocs\aitsun-erp\system\Database\MySQLi\Connection.php:295
Stack trace:
#0 C:\xampp\htdocs\aitsun-erp\system\Database\MySQLi\Connection.php(295): mysqli->query('SELECT MAX(`boo...', 0)
#1 C:\xampp\htdocs\aitsun-erp\system\Database\BaseConnection.php(691): CodeIgniter\Database\MySQLi\Connection->execute('SELECT MAX(`boo...')
#2 C:\xampp\htdocs\aitsun-erp\system\Database\BaseConnection.php(605): CodeIgniter\Database\BaseConnection->simpleQuery('SELECT MAX(`boo...')
#3 C:\xampp\htdocs\aitsun-erp\system\Database\BaseBuilder.php(1616): CodeIgniter\Database\BaseConnection->query('SELECT MAX(`boo...', Array, false)
#4 C:\xampp\htdocs\aitsun-erp\system\Model.php(268): CodeIgniter\Database\BaseBuilder->get()
#5 C:\xampp\htdocs\aitsun-erp\system\BaseModel.php(656): CodeIgniter\Model->doFirst()
#6 C:\xampp\htdocs\aitsun-erp\app\Helpers\apanel_helper.php(4327): CodeIgniter\BaseModel->first()
#7 C:\xampp\htdocs\aitsun-erp\app\Controllers\Appointments.php(633): booking_no('9')
#8 C:\xampp\htdocs\aitsun-erp\system\CodeIgniter.php(934): App\Controllers\Appointments->save_booking('0')
#9 C:\xampp\htdocs\aitsun-erp\system\CodeIgniter.php(499): CodeIgniter\CodeIgniter->runController(Object(App\Controllers\Appointments))
#10 C:\xampp\htdocs\aitsun-erp\system\CodeIgniter.php(368): CodeIgniter\CodeIgniter->handleRequest(NULL, Object(Config\Cache), false)
#11 C:\xampp\htdocs\aitsun-erp\index.php(67): CodeIgniter\CodeIgniter->run()
#12 {main}
CRITICAL - 2024-06-08 05:43:36 --> Unknown column 'booking_no' in 'field list'
in SYSTEMPATH\Database\BaseConnection.php on line 645.
 1 SYSTEMPATH\Database\BaseBuilder.php(1616): CodeIgniter\Database\BaseConnection->query('SELECT MAX(`booking_no`) AS `booking_no`
FROM `payments`
WHERE `company_id` = :company_id:
 LIMIT 1', [...], false)
 2 SYSTEMPATH\Model.php(268): CodeIgniter\Database\BaseBuilder->get()
 3 SYSTEMPATH\BaseModel.php(656): CodeIgniter\Model->doFirst()
 4 APPPATH\Helpers\apanel_helper.php(4327): CodeIgniter\BaseModel->first()
 5 APPPATH\Controllers\Appointments.php(633): booking_no('9')
 6 SYSTEMPATH\CodeIgniter.php(934): App\Controllers\Appointments->save_booking('0')
 7 SYSTEMPATH\CodeIgniter.php(499): CodeIgniter\CodeIgniter->runController(Object(App\Controllers\Appointments))
 8 SYSTEMPATH\CodeIgniter.php(368): CodeIgniter\CodeIgniter->handleRequest(null, Object(Config\Cache), false)
 9 FCPATH\index.php(67): CodeIgniter\CodeIgniter->run()
CRITICAL - 2024-06-08 08:23:27 --> Array callback must have exactly two elements
in APPPATH\Controllers\Appointments.php on line 850.
 1 SYSTEMPATH\CodeIgniter.php(934): App\Controllers\Appointments->reports()
 2 SYSTEMPATH\CodeIgniter.php(499): CodeIgniter\CodeIgniter->runController(Object(App\Controllers\Appointments))
 3 SYSTEMPATH\CodeIgniter.php(368): CodeIgniter\CodeIgniter->handleRequest(null, Object(Config\Cache), false)
 4 FCPATH\index.php(67): CodeIgniter\CodeIgniter->run()
CRITICAL - 2024-06-08 09:02:57 --> syntax error, unexpected token ";", expecting ")"
in APPPATH\Views\dashboard.php on line 55.
 1 SYSTEMPATH\View\View.php(216): CodeIgniter\View\View->CodeIgniter\View\{closure}()
 2 SYSTEMPATH\Common.php(1184): CodeIgniter\View\View->render('dashboard', [], true)
 3 APPPATH\Controllers\Home.php(140): view('dashboard')
 4 SYSTEMPATH\CodeIgniter.php(934): App\Controllers\Home->index()
 5 SYSTEMPATH\CodeIgniter.php(499): CodeIgniter\CodeIgniter->runController(Object(App\Controllers\Home))
 6 SYSTEMPATH\CodeIgniter.php(368): CodeIgniter\CodeIgniter->handleRequest(null, Object(Config\Cache), false)
 7 FCPATH\index.php(67): CodeIgniter\CodeIgniter->run()
CRITICAL - 2024-06-08 09:40:55 --> Undefined variable $my_appointments
in APPPATH\Views\dashboard.php on line 257.
 1 APPPATH\Views\dashboard.php(257): CodeIgniter\Debug\Exceptions->errorHandler(2, 'Undefined variable $my_appointments', 'APPPATH\\Views\\dashboard.php', 257)
 2 SYSTEMPATH\View\View.php(213): include('APPPATH\\Views\\dashboard.php')
 3 SYSTEMPATH\View\View.php(216): CodeIgniter\View\View->CodeIgniter\View\{closure}()
 4 SYSTEMPATH\Common.php(1184): CodeIgniter\View\View->render('dashboard', [], true)
 5 APPPATH\Controllers\Home.php(140): view('dashboard')
 6 SYSTEMPATH\CodeIgniter.php(934): App\Controllers\Home->index()
 7 SYSTEMPATH\CodeIgniter.php(499): CodeIgniter\CodeIgniter->runController(Object(App\Controllers\Home))
 8 SYSTEMPATH\CodeIgniter.php(368): CodeIgniter\CodeIgniter->handleRequest(null, Object(Config\Cache), false)
 9 FCPATH\index.php(67): CodeIgniter\CodeIgniter->run()
CRITICAL - 2024-06-08 09:41:44 --> Undefined variable $my_appointments
in APPPATH\Views\dashboard.php on line 257.
 1 APPPATH\Views\dashboard.php(257): CodeIgniter\Debug\Exceptions->errorHandler(2, 'Undefined variable $my_appointments', 'APPPATH\\Views\\dashboard.php', 257)
 2 SYSTEMPATH\View\View.php(213): include('APPPATH\\Views\\dashboard.php')
 3 SYSTEMPATH\View\View.php(216): CodeIgniter\View\View->CodeIgniter\View\{closure}()
 4 SYSTEMPATH\Common.php(1184): CodeIgniter\View\View->render('dashboard', [], true)
 5 APPPATH\Controllers\Home.php(140): view('dashboard')
 6 SYSTEMPATH\CodeIgniter.php(934): App\Controllers\Home->index()
 7 SYSTEMPATH\CodeIgniter.php(499): CodeIgniter\CodeIgniter->runController(Object(App\Controllers\Home))
 8 SYSTEMPATH\CodeIgniter.php(368): CodeIgniter\CodeIgniter->handleRequest(null, Object(Config\Cache), false)
 9 FCPATH\index.php(67): CodeIgniter\CodeIgniter->run()
CRITICAL - 2024-06-08 10:23:07 --> Undefined variable $active_date
in APPPATH\Views\appointments\book_persons.php on line 200.
 1 APPPATH\Views\appointments\book_persons.php(200): CodeIgniter\Debug\Exceptions->errorHandler(2, 'Undefined variable $active_date', 'APPPATH\\Views\\appointments\\book_persons.php', 200)
 2 SYSTEMPATH\View\View.php(213): include('APPPATH\\Views\\appointments\\book_persons.php')
 3 SYSTEMPATH\View\View.php(216): CodeIgniter\View\View->CodeIgniter\View\{closure}()
 4 SYSTEMPATH\Common.php(1184): CodeIgniter\View\View->render('appointments/book_persons', [], true)
 5 APPPATH\Controllers\Appointments.php(129): view('appointments/book_persons', [...])
 6 SYSTEMPATH\CodeIgniter.php(934): App\Controllers\Appointments->book_persons('person', 'my_appointments')
 7 SYSTEMPATH\CodeIgniter.php(499): CodeIgniter\CodeIgniter->runController(Object(App\Controllers\Appointments))
 8 SYSTEMPATH\CodeIgniter.php(368): CodeIgniter\CodeIgniter->handleRequest(null, Object(Config\Cache), false)
 9 FCPATH\index.php(67): CodeIgniter\CodeIgniter->run()
CRITICAL - 2024-06-08 10:57:07 --> Class "App\Controllers\GuzzleHttp\Client" not found
in APPPATH\Controllers\Reminders.php on line 22.
 1 SYSTEMPATH\CodeIgniter.php(934): App\Controllers\Reminders->index()
 2 SYSTEMPATH\CodeIgniter.php(499): CodeIgniter\CodeIgniter->runController(Object(App\Controllers\Reminders))
 3 SYSTEMPATH\CodeIgniter.php(368): CodeIgniter\CodeIgniter->handleRequest(null, Object(Config\Cache), false)
 4 FCPATH\index.php(67): CodeIgniter\CodeIgniter->run()
CRITICAL - 2024-06-08 11:01:13 --> [401] Client error: `GET https://api.sendinblue.com/v3/account` resulted in a `401 Unauthorized` response:
{"message":"Key not found","code":"unauthorized"}


in FCPATH\vendor\sendinblue\api-v3-sdk\lib\Api\AccountApi.php on line 126.
 1 FCPATH\vendor\sendinblue\api-v3-sdk\lib\Api\AccountApi.php(102): SendinBlue\Client\Api\AccountApi->getAccountWithHttpInfo()
 2 APPPATH\Controllers\Reminders.php(27): SendinBlue\Client\Api\AccountApi->getAccount()
 3 SYSTEMPATH\CodeIgniter.php(934): App\Controllers\Reminders->index()
 4 SYSTEMPATH\CodeIgniter.php(499): CodeIgniter\CodeIgniter->runController(Object(App\Controllers\Reminders))
 5 SYSTEMPATH\CodeIgniter.php(368): CodeIgniter\CodeIgniter->handleRequest(null, Object(Config\Cache), false)
 6 FCPATH\index.php(67): CodeIgniter\CodeIgniter->run()
CRITICAL - 2024-06-08 11:06:58 --> Class "TransactionalEmailsApi" not found
in APPPATH\Controllers\Reminders.php on line 22.
 1 SYSTEMPATH\CodeIgniter.php(934): App\Controllers\Reminders->index()
 2 SYSTEMPATH\CodeIgniter.php(499): CodeIgniter\CodeIgniter->runController(Object(App\Controllers\Reminders))
 3 SYSTEMPATH\CodeIgniter.php(368): CodeIgniter\CodeIgniter->handleRequest(null, Object(Config\Cache), false)
 4 FCPATH\index.php(67): CodeIgniter\CodeIgniter->run()
CRITICAL - 2024-06-08 11:07:05 --> Class "TransactionalEmailsApi" not found
in APPPATH\Controllers\Reminders.php on line 22.
 1 SYSTEMPATH\CodeIgniter.php(934): App\Controllers\Reminders->index()
 2 SYSTEMPATH\CodeIgniter.php(499): CodeIgniter\CodeIgniter->runController(Object(App\Controllers\Reminders))
 3 SYSTEMPATH\CodeIgniter.php(368): CodeIgniter\CodeIgniter->handleRequest(null, Object(Config\Cache), false)
 4 FCPATH\index.php(67): CodeIgniter\CodeIgniter->run()
CRITICAL - 2024-06-08 11:07:23 --> Class "TransactionalEmailsApi" not found
in APPPATH\Controllers\Reminders.php on line 22.
 1 SYSTEMPATH\CodeIgniter.php(934): App\Controllers\Reminders->index()
 2 SYSTEMPATH\CodeIgniter.php(499): CodeIgniter\CodeIgniter->runController(Object(App\Controllers\Reminders))
 3 SYSTEMPATH\CodeIgniter.php(368): CodeIgniter\CodeIgniter->handleRequest(null, Object(Config\Cache), false)
 4 FCPATH\index.php(67): CodeIgniter\CodeIgniter->run()
CRITICAL - 2024-06-08 11:14:30 --> [400] Client error: `POST https://api.sendinblue.com/v3/smtp/email` resulted in a `400 Bad Request` response:
{"code":"missing_parameter","message":"sender is missing"}


in FCPATH\vendor\sendinblue\api-v3-sdk\lib\Api\TransactionalEmailsApi.php on line 5441.
 1 FCPATH\vendor\sendinblue\api-v3-sdk\lib\Api\TransactionalEmailsApi.php(5416): SendinBlue\Client\Api\TransactionalEmailsApi->sendTransacEmailWithHttpInfo(Object(SendinBlue\Client\Model\SendSmtpEmail))
 2 APPPATH\Controllers\Reminders.php(28): SendinBlue\Client\Api\TransactionalEmailsApi->sendTransacEmail(Object(SendinBlue\Client\Model\SendSmtpEmail))
 3 SYSTEMPATH\CodeIgniter.php(934): App\Controllers\Reminders->index()
 4 SYSTEMPATH\CodeIgniter.php(499): CodeIgniter\CodeIgniter->runController(Object(App\Controllers\Reminders))
 5 SYSTEMPATH\CodeIgniter.php(368): CodeIgniter\CodeIgniter->handleRequest(null, Object(Config\Cache), false)
 6 FCPATH\index.php(67): CodeIgniter\CodeIgniter->run()
CRITICAL - 2024-06-08 11:18:03 --> Class "Brevo\Client\Model\SendSmtpEmail" not found
in APPPATH\Controllers\Reminders.php on line 27.
 1 SYSTEMPATH\CodeIgniter.php(934): App\Controllers\Reminders->index()
 2 SYSTEMPATH\CodeIgniter.php(499): CodeIgniter\CodeIgniter->runController(Object(App\Controllers\Reminders))
 3 SYSTEMPATH\CodeIgniter.php(368): CodeIgniter\CodeIgniter->handleRequest(null, Object(Config\Cache), false)
 4 FCPATH\index.php(67): CodeIgniter\CodeIgniter->run()
CRITICAL - 2024-06-08 11:31:14 --> [400] Client error: `POST https://api.sendinblue.com/v3/transactionalSMS/sms` resulted in a `400 Bad Request` response:
{"code":"invalid_parameter","message":"Unable to send sms. Your SMS sending status is not yet activated. Please contact  (truncated...)

in FCPATH\vendor\sendinblue\api-v3-sdk\lib\Api\TransactionalSMSApi.php on line 1098.
 1 FCPATH\vendor\sendinblue\api-v3-sdk\lib\Api\TransactionalSMSApi.php(1073): SendinBlue\Client\Api\TransactionalSMSApi->sendTransacSmsWithHttpInfo(Object(SendinBlue\Client\Model\SendTransacSms))
 2 APPPATH\Controllers\Reminders.php(57): SendinBlue\Client\Api\TransactionalSMSApi->sendTransacSms(Object(SendinBlue\Client\Model\SendTransacSms))
 3 SYSTEMPATH\CodeIgniter.php(934): App\Controllers\Reminders->index()
 4 SYSTEMPATH\CodeIgniter.php(499): CodeIgniter\CodeIgniter->runController(Object(App\Controllers\Reminders))
 5 SYSTEMPATH\CodeIgniter.php(368): CodeIgniter\CodeIgniter->handleRequest(null, Object(Config\Cache), false)
 6 FCPATH\index.php(67): CodeIgniter\CodeIgniter->run()
CRITICAL - 2024-06-08 11:33:41 --> [400] Client error: `POST https://api.sendinblue.com/v3/transactionalSMS/sms` resulted in a `400 Bad Request` response:
{"code":"invalid_parameter","message":"Unable to send sms. Your SMS sending status is not yet activated. Please contact  (truncated...)

in FCPATH\vendor\sendinblue\api-v3-sdk\lib\Api\TransactionalSMSApi.php on line 1098.
 1 FCPATH\vendor\sendinblue\api-v3-sdk\lib\Api\TransactionalSMSApi.php(1073): SendinBlue\Client\Api\TransactionalSMSApi->sendTransacSmsWithHttpInfo(Object(SendinBlue\Client\Model\SendTransacSms))
 2 APPPATH\Controllers\Reminders.php(57): SendinBlue\Client\Api\TransactionalSMSApi->sendTransacSms(Object(SendinBlue\Client\Model\SendTransacSms))
 3 SYSTEMPATH\CodeIgniter.php(934): App\Controllers\Reminders->index()
 4 SYSTEMPATH\CodeIgniter.php(499): CodeIgniter\CodeIgniter->runController(Object(App\Controllers\Reminders))
 5 SYSTEMPATH\CodeIgniter.php(368): CodeIgniter\CodeIgniter->handleRequest(null, Object(Config\Cache), false)
 6 FCPATH\index.php(67): CodeIgniter\CodeIgniter->run()
CRITICAL - 2024-06-08 11:33:55 --> [400] Client error: `POST https://api.sendinblue.com/v3/transactionalSMS/sms` resulted in a `400 Bad Request` response:
{"code":"invalid_parameter","message":"Unable to send sms. Your SMS sending status is not yet activated. Please contact  (truncated...)

in FCPATH\vendor\sendinblue\api-v3-sdk\lib\Api\TransactionalSMSApi.php on line 1098.
 1 FCPATH\vendor\sendinblue\api-v3-sdk\lib\Api\TransactionalSMSApi.php(1073): SendinBlue\Client\Api\TransactionalSMSApi->sendTransacSmsWithHttpInfo(Object(SendinBlue\Client\Model\SendTransacSms))
 2 APPPATH\Controllers\Reminders.php(57): SendinBlue\Client\Api\TransactionalSMSApi->sendTransacSms(Object(SendinBlue\Client\Model\SendTransacSms))
 3 SYSTEMPATH\CodeIgniter.php(934): App\Controllers\Reminders->index()
 4 SYSTEMPATH\CodeIgniter.php(499): CodeIgniter\CodeIgniter->runController(Object(App\Controllers\Reminders))
 5 SYSTEMPATH\CodeIgniter.php(368): CodeIgniter\CodeIgniter->handleRequest(null, Object(Config\Cache), false)
 6 FCPATH\index.php(67): CodeIgniter\CodeIgniter->run()
CRITICAL - 2024-06-08 11:34:21 --> [400] Client error: `POST https://api.sendinblue.com/v3/transactionalSMS/sms` resulted in a `400 Bad Request` response:
{"code":"invalid_parameter","message":"Unable to send sms. Your SMS sending status is not yet activated. Please contact  (truncated...)

in FCPATH\vendor\sendinblue\api-v3-sdk\lib\Api\TransactionalSMSApi.php on line 1098.
 1 FCPATH\vendor\sendinblue\api-v3-sdk\lib\Api\TransactionalSMSApi.php(1073): SendinBlue\Client\Api\TransactionalSMSApi->sendTransacSmsWithHttpInfo(Object(SendinBlue\Client\Model\SendTransacSms))
 2 APPPATH\Controllers\Reminders.php(57): SendinBlue\Client\Api\TransactionalSMSApi->sendTransacSms(Object(SendinBlue\Client\Model\SendTransacSms))
 3 SYSTEMPATH\CodeIgniter.php(934): App\Controllers\Reminders->index()
 4 SYSTEMPATH\CodeIgniter.php(499): CodeIgniter\CodeIgniter->runController(Object(App\Controllers\Reminders))
 5 SYSTEMPATH\CodeIgniter.php(368): CodeIgniter\CodeIgniter->handleRequest(null, Object(Config\Cache), false)
 6 FCPATH\index.php(67): CodeIgniter\CodeIgniter->run()
CRITICAL - 2024-06-08 11:34:48 --> [400] Client error: `POST https://api.sendinblue.com/v3/transactionalSMS/sms` resulted in a `400 Bad Request` response:
{"code":"invalid_parameter","message":"Invalid sender name. Special characters are not allowed"}

in FCPATH\vendor\sendinblue\api-v3-sdk\lib\Api\TransactionalSMSApi.php on line 1098.
 1 FCPATH\vendor\sendinblue\api-v3-sdk\lib\Api\TransactionalSMSApi.php(1073): SendinBlue\Client\Api\TransactionalSMSApi->sendTransacSmsWithHttpInfo(Object(SendinBlue\Client\Model\SendTransacSms))
 2 APPPATH\Controllers\Reminders.php(57): SendinBlue\Client\Api\TransactionalSMSApi->sendTransacSms(Object(SendinBlue\Client\Model\SendTransacSms))
 3 SYSTEMPATH\CodeIgniter.php(934): App\Controllers\Reminders->index()
 4 SYSTEMPATH\CodeIgniter.php(499): CodeIgniter\CodeIgniter->runController(Object(App\Controllers\Reminders))
 5 SYSTEMPATH\CodeIgniter.php(368): CodeIgniter\CodeIgniter->handleRequest(null, Object(Config\Cache), false)
 6 FCPATH\index.php(67): CodeIgniter\CodeIgniter->run()
CRITICAL - 2024-06-08 11:35:25 --> [400] Client error: `POST https://api.sendinblue.com/v3/transactionalSMS/sms` resulted in a `400 Bad Request` response:
{"code":"missing_parameter","message":"Content is missing"}

in FCPATH\vendor\sendinblue\api-v3-sdk\lib\Api\TransactionalSMSApi.php on line 1098.
 1 FCPATH\vendor\sendinblue\api-v3-sdk\lib\Api\TransactionalSMSApi.php(1073): SendinBlue\Client\Api\TransactionalSMSApi->sendTransacSmsWithHttpInfo(Object(SendinBlue\Client\Model\SendTransacSms))
 2 APPPATH\Controllers\Reminders.php(57): SendinBlue\Client\Api\TransactionalSMSApi->sendTransacSms(Object(SendinBlue\Client\Model\SendTransacSms))
 3 SYSTEMPATH\CodeIgniter.php(934): App\Controllers\Reminders->index()
 4 SYSTEMPATH\CodeIgniter.php(499): CodeIgniter\CodeIgniter->runController(Object(App\Controllers\Reminders))
 5 SYSTEMPATH\CodeIgniter.php(368): CodeIgniter\CodeIgniter->handleRequest(null, Object(Config\Cache), false)
 6 FCPATH\index.php(67): CodeIgniter\CodeIgniter->run()
CRITICAL - 2024-06-08 11:35:34 --> [400] Client error: `POST https://api.sendinblue.com/v3/transactionalSMS/sms` resulted in a `400 Bad Request` response:
{"code":"invalid_parameter","message":"Invalid sender name. Special characters are not allowed"}

in FCPATH\vendor\sendinblue\api-v3-sdk\lib\Api\TransactionalSMSApi.php on line 1098.
 1 FCPATH\vendor\sendinblue\api-v3-sdk\lib\Api\TransactionalSMSApi.php(1073): SendinBlue\Client\Api\TransactionalSMSApi->sendTransacSmsWithHttpInfo(Object(SendinBlue\Client\Model\SendTransacSms))
 2 APPPATH\Controllers\Reminders.php(57): SendinBlue\Client\Api\TransactionalSMSApi->sendTransacSms(Object(SendinBlue\Client\Model\SendTransacSms))
 3 SYSTEMPATH\CodeIgniter.php(934): App\Controllers\Reminders->index()
 4 SYSTEMPATH\CodeIgniter.php(499): CodeIgniter\CodeIgniter->runController(Object(App\Controllers\Reminders))
 5 SYSTEMPATH\CodeIgniter.php(368): CodeIgniter\CodeIgniter->handleRequest(null, Object(Config\Cache), false)
 6 FCPATH\index.php(67): CodeIgniter\CodeIgniter->run()
CRITICAL - 2024-06-08 11:36:44 --> [400] Client error: `POST https://api.sendinblue.com/v3/transactionalSMS/sms` resulted in a `400 Bad Request` response:
{"code":"invalid_parameter","message":"Unable to send sms. Your SMS sending status is not yet activated. Please contact  (truncated...)

in FCPATH\vendor\sendinblue\api-v3-sdk\lib\Api\TransactionalSMSApi.php on line 1098.
 1 FCPATH\vendor\sendinblue\api-v3-sdk\lib\Api\TransactionalSMSApi.php(1073): SendinBlue\Client\Api\TransactionalSMSApi->sendTransacSmsWithHttpInfo(Object(SendinBlue\Client\Model\SendTransacSms))
 2 APPPATH\Controllers\Reminders.php(57): SendinBlue\Client\Api\TransactionalSMSApi->sendTransacSms(Object(SendinBlue\Client\Model\SendTransacSms))
 3 SYSTEMPATH\CodeIgniter.php(934): App\Controllers\Reminders->index()
 4 SYSTEMPATH\CodeIgniter.php(499): CodeIgniter\CodeIgniter->runController(Object(App\Controllers\Reminders))
 5 SYSTEMPATH\CodeIgniter.php(368): CodeIgniter\CodeIgniter->handleRequest(null, Object(Config\Cache), false)
 6 FCPATH\index.php(67): CodeIgniter\CodeIgniter->run()
CRITICAL - 2024-06-08 11:39:42 --> [400] Client error: `POST https://api.sendinblue.com/v3/transactionalSMS/sms` resulted in a `400 Bad Request` response:
{"code":"invalid_parameter","message":"Unable to send sms. Your SMS sending status is not yet activated. Please contact  (truncated...)

in FCPATH\vendor\sendinblue\api-v3-sdk\lib\Api\TransactionalSMSApi.php on line 1098.
 1 FCPATH\vendor\sendinblue\api-v3-sdk\lib\Api\TransactionalSMSApi.php(1073): SendinBlue\Client\Api\TransactionalSMSApi->sendTransacSmsWithHttpInfo(Object(SendinBlue\Client\Model\SendTransacSms))
 2 APPPATH\Controllers\Reminders.php(57): SendinBlue\Client\Api\TransactionalSMSApi->sendTransacSms(Object(SendinBlue\Client\Model\SendTransacSms))
 3 SYSTEMPATH\CodeIgniter.php(934): App\Controllers\Reminders->index()
 4 SYSTEMPATH\CodeIgniter.php(499): CodeIgniter\CodeIgniter->runController(Object(App\Controllers\Reminders))
 5 SYSTEMPATH\CodeIgniter.php(368): CodeIgniter\CodeIgniter->handleRequest(null, Object(Config\Cache), false)
 6 FCPATH\index.php(67): CodeIgniter\CodeIgniter->run()
CRITICAL - 2024-06-08 11:42:14 --> [400] Client error: `POST https://api.sendinblue.com/v3/transactionalSMS/sms` resulted in a `400 Bad Request` response:
{"code":"invalid_parameter","message":"Invalid sender name. Special characters are not allowed"}

in FCPATH\vendor\sendinblue\api-v3-sdk\lib\Api\TransactionalSMSApi.php on line 1098.
 1 FCPATH\vendor\sendinblue\api-v3-sdk\lib\Api\TransactionalSMSApi.php(1073): SendinBlue\Client\Api\TransactionalSMSApi->sendTransacSmsWithHttpInfo(Object(SendinBlue\Client\Model\SendTransacSms))
 2 APPPATH\Controllers\Reminders.php(57): SendinBlue\Client\Api\TransactionalSMSApi->sendTransacSms(Object(SendinBlue\Client\Model\SendTransacSms))
 3 SYSTEMPATH\CodeIgniter.php(934): App\Controllers\Reminders->index()
 4 SYSTEMPATH\CodeIgniter.php(499): CodeIgniter\CodeIgniter->runController(Object(App\Controllers\Reminders))
 5 SYSTEMPATH\CodeIgniter.php(368): CodeIgniter\CodeIgniter->handleRequest(null, Object(Config\Cache), false)
 6 FCPATH\index.php(67): CodeIgniter\CodeIgniter->run()
CRITICAL - 2024-06-08 11:49:18 --> Call to undefined method SendinBlue\Client\Api\TransactionalWhatsAppApi::sendTransacSms()
in APPPATH\Controllers\Reminders.php on line 81.
 1 SYSTEMPATH\CodeIgniter.php(934): App\Controllers\Reminders->index()
 2 SYSTEMPATH\CodeIgniter.php(499): CodeIgniter\CodeIgniter->runController(Object(App\Controllers\Reminders))
 3 SYSTEMPATH\CodeIgniter.php(368): CodeIgniter\CodeIgniter->handleRequest(null, Object(Config\Cache), false)
 4 FCPATH\index.php(67): CodeIgniter\CodeIgniter->run()
CRITICAL - 2024-06-08 11:50:26 --> [400] Client error: `POST https://api.sendinblue.com/v3/whatsapp/sendMessage` resulted in a `400 Bad Request` response:
{"code":"missing_parameter","message":"senderNumber is missing"}


in FCPATH\vendor\sendinblue\api-v3-sdk\lib\Api\TransactionalWhatsAppApi.php on line 475.
 1 FCPATH\vendor\sendinblue\api-v3-sdk\lib\Api\TransactionalWhatsAppApi.php(450): SendinBlue\Client\Api\TransactionalWhatsAppApi->sendWhatsappMessageWithHttpInfo(Object(SendinBlue\Client\Model\SendWhatsappMessage))
 2 APPPATH\Controllers\Reminders.php(75): SendinBlue\Client\Api\TransactionalWhatsAppApi->sendWhatsappMessage(Object(SendinBlue\Client\Model\SendWhatsappMessage))
 3 SYSTEMPATH\CodeIgniter.php(934): App\Controllers\Reminders->index()
 4 SYSTEMPATH\CodeIgniter.php(499): CodeIgniter\CodeIgniter->runController(Object(App\Controllers\Reminders))
 5 SYSTEMPATH\CodeIgniter.php(368): CodeIgniter\CodeIgniter->handleRequest(null, Object(Config\Cache), false)
 6 FCPATH\index.php(67): CodeIgniter\CodeIgniter->run()
CRITICAL - 2024-06-08 11:52:57 --> [400] Client error: `POST https://api.sendinblue.com/v3/whatsapp/sendMessage` resulted in a `400 Bad Request` response:
{"code":"missing_parameter","message":"senderNumber is missing"}


in FCPATH\vendor\sendinblue\api-v3-sdk\lib\Api\TransactionalWhatsAppApi.php on line 475.
 1 FCPATH\vendor\sendinblue\api-v3-sdk\lib\Api\TransactionalWhatsAppApi.php(450): SendinBlue\Client\Api\TransactionalWhatsAppApi->sendWhatsappMessageWithHttpInfo(Object(SendinBlue\Client\Model\SendWhatsappMessage))
 2 APPPATH\Controllers\Reminders.php(79): SendinBlue\Client\Api\TransactionalWhatsAppApi->sendWhatsappMessage(Object(SendinBlue\Client\Model\SendWhatsappMessage))
 3 SYSTEMPATH\CodeIgniter.php(934): App\Controllers\Reminders->index()
 4 SYSTEMPATH\CodeIgniter.php(499): CodeIgniter\CodeIgniter->runController(Object(App\Controllers\Reminders))
 5 SYSTEMPATH\CodeIgniter.php(368): CodeIgniter\CodeIgniter->handleRequest(null, Object(Config\Cache), false)
 6 FCPATH\index.php(67): CodeIgniter\CodeIgniter->run()
