WARNING - 2023-11-29 03:50:32 --> [DEPRECATED] Optional parameter $search_text declared before required parameter $invoice_id is implicitly treated as a required parameter in APPPATH\Controllers\Fees_and_payments.php on line 3363.
 1 SYSTEMPATH\Autoloader\Autoloader.php(312): include_once('SYSTEMPATH\\Debug\\Exceptions.php')
 2 SYSTEMPATH\Autoloader\Autoloader.php(289): CodeIgniter\Autoloader\Autoloader->includeFile('APPPATH\\Controllers\\Fees_and_payments.php')
 3 SYSTEMPATH\Autoloader\Autoloader.php(267): CodeIgniter\Autoloader\Autoloader->loadInNamespace('App\\Controllers\\Fees_and_payments')
 4 [internal function]: CodeIgniter\Autoloader\Autoloader->loadClass('App\\Controllers\\Fees_and_payments')
 5 SYSTEMPATH\CodeIgniter.php(892): class_exists('\\App\\Controllers\\Fees_and_payments', true)
 6 SYSTEMPATH\CodeIgniter.php(486): CodeIgniter\CodeIgniter->startController()
 7 SYSTEMPATH\CodeIgniter.php(368): CodeIgniter\CodeIgniter->handleRequest(null, Object(Config\Cache), false)
 8 FCPATH\index.php(67): CodeIgniter\CodeIgniter->run()
WARNING - 2023-11-29 03:50:32 --> [DEPRECATED] Optional parameter $climit declared before required parameter $invoice_id is implicitly treated as a required parameter in APPPATH\Controllers\Fees_and_payments.php on line 0.
 1 SYSTEMPATH\Autoloader\Autoloader.php(312): include_once('SYSTEMPATH\\Debug\\Exceptions.php')
 2 SYSTEMPATH\Autoloader\Autoloader.php(289): CodeIgniter\Autoloader\Autoloader->includeFile('APPPATH\\Controllers\\Fees_and_payments.php')
 3 SYSTEMPATH\Autoloader\Autoloader.php(267): CodeIgniter\Autoloader\Autoloader->loadInNamespace('App\\Controllers\\Fees_and_payments')
 4 [internal function]: CodeIgniter\Autoloader\Autoloader->loadClass('App\\Controllers\\Fees_and_payments')
 5 SYSTEMPATH\CodeIgniter.php(892): class_exists('\\App\\Controllers\\Fees_and_payments', true)
 6 SYSTEMPATH\CodeIgniter.php(486): CodeIgniter\CodeIgniter->startController()
 7 SYSTEMPATH\CodeIgniter.php(368): CodeIgniter\CodeIgniter->handleRequest(null, Object(Config\Cache), false)
 8 FCPATH\index.php(67): CodeIgniter\CodeIgniter->run()
WARNING - 2023-11-29 03:50:32 --> [DEPRECATED] Optional parameter $cid declared before required parameter $invoice_id is implicitly treated as a required parameter in APPPATH\Controllers\Fees_and_payments.php on line 3446.
 1 SYSTEMPATH\Autoloader\Autoloader.php(312): include_once('SYSTEMPATH\\Debug\\Exceptions.php')
 2 SYSTEMPATH\Autoloader\Autoloader.php(289): CodeIgniter\Autoloader\Autoloader->includeFile('APPPATH\\Controllers\\Fees_and_payments.php')
 3 SYSTEMPATH\Autoloader\Autoloader.php(267): CodeIgniter\Autoloader\Autoloader->loadInNamespace('App\\Controllers\\Fees_and_payments')
 4 [internal function]: CodeIgniter\Autoloader\Autoloader->loadClass('App\\Controllers\\Fees_and_payments')
 5 SYSTEMPATH\CodeIgniter.php(892): class_exists('\\App\\Controllers\\Fees_and_payments', true)
 6 SYSTEMPATH\CodeIgniter.php(486): CodeIgniter\CodeIgniter->startController()
 7 SYSTEMPATH\CodeIgniter.php(368): CodeIgniter\CodeIgniter->handleRequest(null, Object(Config\Cache), false)
 8 FCPATH\index.php(67): CodeIgniter\CodeIgniter->run()
WARNING - 2023-11-29 03:50:32 --> [DEPRECATED] Optional parameter $cid declared before required parameter $invoice_id is implicitly treated as a required parameter in APPPATH\Controllers\Fees_and_payments.php on line 3498.
 1 SYSTEMPATH\Autoloader\Autoloader.php(312): include_once('SYSTEMPATH\\Debug\\Exceptions.php')
 2 SYSTEMPATH\Autoloader\Autoloader.php(289): CodeIgniter\Autoloader\Autoloader->includeFile('APPPATH\\Controllers\\Fees_and_payments.php')
 3 SYSTEMPATH\Autoloader\Autoloader.php(267): CodeIgniter\Autoloader\Autoloader->loadInNamespace('App\\Controllers\\Fees_and_payments')
 4 [internal function]: CodeIgniter\Autoloader\Autoloader->loadClass('App\\Controllers\\Fees_and_payments')
 5 SYSTEMPATH\CodeIgniter.php(892): class_exists('\\App\\Controllers\\Fees_and_payments', true)
 6 SYSTEMPATH\CodeIgniter.php(486): CodeIgniter\CodeIgniter->startController()
 7 SYSTEMPATH\CodeIgniter.php(368): CodeIgniter\CodeIgniter->handleRequest(null, Object(Config\Cache), false)
 8 FCPATH\index.php(67): CodeIgniter\CodeIgniter->run()
INFO - 2023-11-29 03:50:32 --> Session: Class initialized using 'CodeIgniter\Session\Handlers\FileHandler' driver.
WARNING - 2023-11-29 03:50:32 --> [DEPRECATED] Optional parameter $cid declared before required parameter $invoice_id is implicitly treated as a required parameter in APPPATH\Controllers\Fees_and_payments.php on line 3524.
 1 SYSTEMPATH\Autoloader\Autoloader.php(312): include_once('SYSTEMPATH\\Debug\\Exceptions.php')
 2 SYSTEMPATH\Autoloader\Autoloader.php(289): CodeIgniter\Autoloader\Autoloader->includeFile('APPPATH\\Controllers\\Fees_and_payments.php')
 3 SYSTEMPATH\Autoloader\Autoloader.php(267): CodeIgniter\Autoloader\Autoloader->loadInNamespace('App\\Controllers\\Fees_and_payments')
 4 [internal function]: CodeIgniter\Autoloader\Autoloader->loadClass('App\\Controllers\\Fees_and_payments')
 5 SYSTEMPATH\CodeIgniter.php(892): class_exists('\\App\\Controllers\\Fees_and_payments', true)
 6 SYSTEMPATH\CodeIgniter.php(486): CodeIgniter\CodeIgniter->startController()
 7 SYSTEMPATH\CodeIgniter.php(368): CodeIgniter\CodeIgniter->handleRequest(null, Object(Config\Cache), false)
 8 FCPATH\index.php(67): CodeIgniter\CodeIgniter->run()
INFO - 2023-11-29 03:50:32 --> Session: Class initialized using 'CodeIgniter\Session\Handlers\FileHandler' driver.
INFO - 2023-11-29 03:50:32 --> Session: Class initialized using 'CodeIgniter\Session\Handlers\FileHandler' driver.
