CRITICAL - 2023-12-12 03:32:12 --> Class "Dompdf\Dompdf" not found
in APPPATH\Controllers\Invoices.php on line 456.
 1 SYSTEMPATH\CodeIgniter.php(934): App\Controllers\Invoices->get_invoice_pdf('1', 'view')
 2 SYSTEMPATH\CodeIgniter.php(499): CodeIgniter\CodeIgniter->runController(Object(App\Controllers\Invoices))
 3 SYSTEMPATH\CodeIgniter.php(368): CodeIgniter\CodeIgniter->handleRequest(null, Object(Config\Cache), false)
 4 FCPATH\index.php(67): CodeIgniter\CodeIgniter->run()
CRITICAL - 2023-12-12 03:32:20 --> Class "Dompdf\Dompdf" not found
in APPPATH\Controllers\Invoices.php on line 456.
 1 SYSTEMPATH\CodeIgniter.php(934): App\Controllers\Invoices->get_invoice_pdf('2', 'view')
 2 SYSTEMPATH\CodeIgniter.php(499): CodeIgniter\CodeIgniter->runController(Object(App\Controllers\Invoices))
 3 SYSTEMPATH\CodeIgniter.php(368): CodeIgniter\CodeIgniter->handleRequest(null, Object(Config\Cache), false)
 4 FCPATH\index.php(67): CodeIgniter\CodeIgniter->run()
CRITICAL - 2023-12-12 03:32:23 --> Class "Dompdf\Dompdf" not found
in APPPATH\Controllers\Invoices.php on line 456.
 1 SYSTEMPATH\CodeIgniter.php(934): App\Controllers\Invoices->get_invoice_pdf('3', 'view')
 2 SYSTEMPATH\CodeIgniter.php(499): CodeIgniter\CodeIgniter->runController(Object(App\Controllers\Invoices))
 3 SYSTEMPATH\CodeIgniter.php(368): CodeIgniter\CodeIgniter->handleRequest(null, Object(Config\Cache), false)
 4 FCPATH\index.php(67): CodeIgniter\CodeIgniter->run()
CRITICAL - 2023-12-12 03:33:09 --> Class "Dompdf\Dompdf" not found
in APPPATH\Controllers\Invoices.php on line 456.
 1 SYSTEMPATH\CodeIgniter.php(934): App\Controllers\Invoices->get_invoice_pdf('4', 'view')
 2 SYSTEMPATH\CodeIgniter.php(499): CodeIgniter\CodeIgniter->runController(Object(App\Controllers\Invoices))
 3 SYSTEMPATH\CodeIgniter.php(368): CodeIgniter\CodeIgniter->handleRequest(null, Object(Config\Cache), false)
 4 FCPATH\index.php(67): CodeIgniter\CodeIgniter->run()
CRITICAL - 2023-12-12 03:55:35 --> Class "Picqer\Barcode\BarcodeGeneratorJPG" not found
in APPPATH\Controllers\Generate_barcode.php on line 73.
 1 SYSTEMPATH\CodeIgniter.php(934): App\Controllers\Generate_barcode->index()
 2 SYSTEMPATH\CodeIgniter.php(499): CodeIgniter\CodeIgniter->runController(Object(App\Controllers\Generate_barcode))
 3 SYSTEMPATH\CodeIgniter.php(368): CodeIgniter\CodeIgniter->handleRequest(null, Object(Config\Cache), false)
 4 FCPATH\index.php(67): CodeIgniter\CodeIgniter->run()
CRITICAL - 2023-12-12 03:56:44 --> Class "Dompdf\Dompdf" not found
in APPPATH\Controllers\Invoices.php on line 456.
 1 SYSTEMPATH\CodeIgniter.php(934): App\Controllers\Invoices->get_invoice_pdf('1', 'view')
 2 SYSTEMPATH\CodeIgniter.php(499): CodeIgniter\CodeIgniter->runController(Object(App\Controllers\Invoices))
 3 SYSTEMPATH\CodeIgniter.php(368): CodeIgniter\CodeIgniter->handleRequest(null, Object(Config\Cache), false)
 4 FCPATH\index.php(67): CodeIgniter\CodeIgniter->run()
CRITICAL - 2023-12-12 03:56:54 --> Class "Dompdf\Dompdf" not found
in APPPATH\Controllers\Invoices.php on line 456.
 1 SYSTEMPATH\CodeIgniter.php(934): App\Controllers\Invoices->get_invoice_pdf('1', 'view')
 2 SYSTEMPATH\CodeIgniter.php(499): CodeIgniter\CodeIgniter->runController(Object(App\Controllers\Invoices))
 3 SYSTEMPATH\CodeIgniter.php(368): CodeIgniter\CodeIgniter->handleRequest(null, Object(Config\Cache), false)
 4 FCPATH\index.php(67): CodeIgniter\CodeIgniter->run()
CRITICAL - 2023-12-12 03:59:00 --> Class "Dompdf\Dompdf" not found
in APPPATH\Controllers\Invoices.php on line 456.
 1 SYSTEMPATH\CodeIgniter.php(934): App\Controllers\Invoices->get_invoice_pdf('5', 'view')
 2 SYSTEMPATH\CodeIgniter.php(499): CodeIgniter\CodeIgniter->runController(Object(App\Controllers\Invoices))
 3 SYSTEMPATH\CodeIgniter.php(368): CodeIgniter\CodeIgniter->handleRequest(null, Object(Config\Cache), false)
 4 FCPATH\index.php(67): CodeIgniter\CodeIgniter->run()
CRITICAL - 2023-12-12 04:05:46 --> Class "Dompdf\Dompdf" not found
in APPPATH\Controllers\Invoices.php on line 456.
 1 SYSTEMPATH\CodeIgniter.php(934): App\Controllers\Invoices->get_invoice_pdf('3', 'view')
 2 SYSTEMPATH\CodeIgniter.php(499): CodeIgniter\CodeIgniter->runController(Object(App\Controllers\Invoices))
 3 SYSTEMPATH\CodeIgniter.php(368): CodeIgniter\CodeIgniter->handleRequest(null, Object(Config\Cache), false)
 4 FCPATH\index.php(67): CodeIgniter\CodeIgniter->run()
CRITICAL - 2023-12-12 04:05:55 --> Class "Dompdf\Dompdf" not found
in APPPATH\Controllers\Invoices.php on line 456.
 1 SYSTEMPATH\CodeIgniter.php(934): App\Controllers\Invoices->get_invoice_pdf('3', 'view')
 2 SYSTEMPATH\CodeIgniter.php(499): CodeIgniter\CodeIgniter->runController(Object(App\Controllers\Invoices))
 3 SYSTEMPATH\CodeIgniter.php(368): CodeIgniter\CodeIgniter->handleRequest(null, Object(Config\Cache), false)
 4 FCPATH\index.php(67): CodeIgniter\CodeIgniter->run()
CRITICAL - 2023-12-12 04:10:30 --> Class "Dompdf\Dompdf" not found
in APPPATH\Controllers\Invoices.php on line 456.
 1 SYSTEMPATH\CodeIgniter.php(934): App\Controllers\Invoices->get_invoice_pdf('4', 'view')
 2 SYSTEMPATH\CodeIgniter.php(499): CodeIgniter\CodeIgniter->runController(Object(App\Controllers\Invoices))
 3 SYSTEMPATH\CodeIgniter.php(368): CodeIgniter\CodeIgniter->handleRequest(null, Object(Config\Cache), false)
 4 FCPATH\index.php(67): CodeIgniter\CodeIgniter->run()
CRITICAL - 2023-12-12 04:10:38 --> Class "Dompdf\Dompdf" not found
in APPPATH\Controllers\Payments.php on line 109.
 1 SYSTEMPATH\CodeIgniter.php(934): App\Controllers\Payments->get_receipt('4', 'view')
 2 SYSTEMPATH\CodeIgniter.php(499): CodeIgniter\CodeIgniter->runController(Object(App\Controllers\Payments))
 3 SYSTEMPATH\CodeIgniter.php(368): CodeIgniter\CodeIgniter->handleRequest(null, Object(Config\Cache), false)
 4 FCPATH\index.php(67): CodeIgniter\CodeIgniter->run()
CRITICAL - 2023-12-12 04:10:45 --> Class "Dompdf\Dompdf" not found
in APPPATH\Controllers\Invoices.php on line 456.
 1 SYSTEMPATH\CodeIgniter.php(934): App\Controllers\Invoices->get_invoice_pdf('4', 'view')
 2 SYSTEMPATH\CodeIgniter.php(499): CodeIgniter\CodeIgniter->runController(Object(App\Controllers\Invoices))
 3 SYSTEMPATH\CodeIgniter.php(368): CodeIgniter\CodeIgniter->handleRequest(null, Object(Config\Cache), false)
 4 FCPATH\index.php(67): CodeIgniter\CodeIgniter->run()
CRITICAL - 2023-12-12 04:12:12 --> Class "Dompdf\Dompdf" not found
in APPPATH\Controllers\Invoices.php on line 456.
 1 SYSTEMPATH\CodeIgniter.php(934): App\Controllers\Invoices->get_invoice_pdf('5', 'view')
 2 SYSTEMPATH\CodeIgniter.php(499): CodeIgniter\CodeIgniter->runController(Object(App\Controllers\Invoices))
 3 SYSTEMPATH\CodeIgniter.php(368): CodeIgniter\CodeIgniter->handleRequest(null, Object(Config\Cache), false)
 4 FCPATH\index.php(67): CodeIgniter\CodeIgniter->run()
CRITICAL - 2023-12-12 04:12:19 --> Class "Dompdf\Dompdf" not found
in APPPATH\Controllers\Invoices.php on line 456.
 1 SYSTEMPATH\CodeIgniter.php(934): App\Controllers\Invoices->get_invoice_pdf('5', 'view')
 2 SYSTEMPATH\CodeIgniter.php(499): CodeIgniter\CodeIgniter->runController(Object(App\Controllers\Invoices))
 3 SYSTEMPATH\CodeIgniter.php(368): CodeIgniter\CodeIgniter->handleRequest(null, Object(Config\Cache), false)
 4 FCPATH\index.php(67): CodeIgniter\CodeIgniter->run()
CRITICAL - 2023-12-12 04:12:26 --> Class "Dompdf\Dompdf" not found
in APPPATH\Controllers\Invoices.php on line 456.
 1 SYSTEMPATH\CodeIgniter.php(934): App\Controllers\Invoices->get_invoice_pdf('5', 'view')
 2 SYSTEMPATH\CodeIgniter.php(499): CodeIgniter\CodeIgniter->runController(Object(App\Controllers\Invoices))
 3 SYSTEMPATH\CodeIgniter.php(368): CodeIgniter\CodeIgniter->handleRequest(null, Object(Config\Cache), false)
 4 FCPATH\index.php(67): CodeIgniter\CodeIgniter->run()
CRITICAL - 2023-12-12 04:14:45 --> Class "Dompdf\Dompdf" not found
in APPPATH\Controllers\Invoices.php on line 456.
 1 SYSTEMPATH\CodeIgniter.php(934): App\Controllers\Invoices->get_invoice_pdf('6', 'view')
 2 SYSTEMPATH\CodeIgniter.php(499): CodeIgniter\CodeIgniter->runController(Object(App\Controllers\Invoices))
 3 SYSTEMPATH\CodeIgniter.php(368): CodeIgniter\CodeIgniter->handleRequest(null, Object(Config\Cache), false)
 4 FCPATH\index.php(67): CodeIgniter\CodeIgniter->run()
CRITICAL - 2023-12-12 04:15:03 --> Class "Dompdf\Dompdf" not found
in APPPATH\Controllers\Invoices.php on line 456.
 1 SYSTEMPATH\CodeIgniter.php(934): App\Controllers\Invoices->get_invoice_pdf('6', 'view')
 2 SYSTEMPATH\CodeIgniter.php(499): CodeIgniter\CodeIgniter->runController(Object(App\Controllers\Invoices))
 3 SYSTEMPATH\CodeIgniter.php(368): CodeIgniter\CodeIgniter->handleRequest(null, Object(Config\Cache), false)
 4 FCPATH\index.php(67): CodeIgniter\CodeIgniter->run()
CRITICAL - 2023-12-12 04:15:13 --> Class "Dompdf\Dompdf" not found
in APPPATH\Controllers\Invoices.php on line 456.
 1 SYSTEMPATH\CodeIgniter.php(934): App\Controllers\Invoices->get_invoice_pdf('6', 'view')
 2 SYSTEMPATH\CodeIgniter.php(499): CodeIgniter\CodeIgniter->runController(Object(App\Controllers\Invoices))
 3 SYSTEMPATH\CodeIgniter.php(368): CodeIgniter\CodeIgniter->handleRequest(null, Object(Config\Cache), false)
 4 FCPATH\index.php(67): CodeIgniter\CodeIgniter->run()
CRITICAL - 2023-12-12 04:15:16 --> Class "Dompdf\Dompdf" not found
in APPPATH\Controllers\Invoices.php on line 456.
 1 SYSTEMPATH\CodeIgniter.php(934): App\Controllers\Invoices->get_invoice_pdf('6', 'view')
 2 SYSTEMPATH\CodeIgniter.php(499): CodeIgniter\CodeIgniter->runController(Object(App\Controllers\Invoices))
 3 SYSTEMPATH\CodeIgniter.php(368): CodeIgniter\CodeIgniter->handleRequest(null, Object(Config\Cache), false)
 4 FCPATH\index.php(67): CodeIgniter\CodeIgniter->run()
CRITICAL - 2023-12-12 04:15:28 --> Class "Dompdf\Dompdf" not found
in APPPATH\Controllers\Invoices.php on line 456.
 1 SYSTEMPATH\CodeIgniter.php(934): App\Controllers\Invoices->get_invoice_pdf('6', 'view')
 2 SYSTEMPATH\CodeIgniter.php(499): CodeIgniter\CodeIgniter->runController(Object(App\Controllers\Invoices))
 3 SYSTEMPATH\CodeIgniter.php(368): CodeIgniter\CodeIgniter->handleRequest(null, Object(Config\Cache), false)
 4 FCPATH\index.php(67): CodeIgniter\CodeIgniter->run()
CRITICAL - 2023-12-12 04:15:42 --> Class "Dompdf\Dompdf" not found
in APPPATH\Controllers\Invoices.php on line 456.
 1 SYSTEMPATH\CodeIgniter.php(934): App\Controllers\Invoices->get_invoice_pdf('6', 'view')
 2 SYSTEMPATH\CodeIgniter.php(499): CodeIgniter\CodeIgniter->runController(Object(App\Controllers\Invoices))
 3 SYSTEMPATH\CodeIgniter.php(368): CodeIgniter\CodeIgniter->handleRequest(null, Object(Config\Cache), false)
 4 FCPATH\index.php(67): CodeIgniter\CodeIgniter->run()
CRITICAL - 2023-12-12 04:15:53 --> Class "Dompdf\Dompdf" not found
in APPPATH\Controllers\Invoices.php on line 456.
 1 SYSTEMPATH\CodeIgniter.php(934): App\Controllers\Invoices->get_invoice_pdf('6', 'view')
 2 SYSTEMPATH\CodeIgniter.php(499): CodeIgniter\CodeIgniter->runController(Object(App\Controllers\Invoices))
 3 SYSTEMPATH\CodeIgniter.php(368): CodeIgniter\CodeIgniter->handleRequest(null, Object(Config\Cache), false)
 4 FCPATH\index.php(67): CodeIgniter\CodeIgniter->run()
CRITICAL - 2023-12-12 04:25:29 --> Class "Dompdf\Dompdf" not found
in APPPATH\Controllers\Invoices.php on line 456.
 1 SYSTEMPATH\CodeIgniter.php(934): App\Controllers\Invoices->get_invoice_pdf('6', 'view')
 2 SYSTEMPATH\CodeIgniter.php(499): CodeIgniter\CodeIgniter->runController(Object(App\Controllers\Invoices))
 3 SYSTEMPATH\CodeIgniter.php(368): CodeIgniter\CodeIgniter->handleRequest(null, Object(Config\Cache), false)
 4 FCPATH\index.php(67): CodeIgniter\CodeIgniter->run()
CRITICAL - 2023-12-12 04:25:53 --> Class "Dompdf\Dompdf" not found
in APPPATH\Controllers\Invoices.php on line 456.
 1 SYSTEMPATH\CodeIgniter.php(934): App\Controllers\Invoices->get_invoice_pdf('7', 'view')
 2 SYSTEMPATH\CodeIgniter.php(499): CodeIgniter\CodeIgniter->runController(Object(App\Controllers\Invoices))
 3 SYSTEMPATH\CodeIgniter.php(368): CodeIgniter\CodeIgniter->handleRequest(null, Object(Config\Cache), false)
 4 FCPATH\index.php(67): CodeIgniter\CodeIgniter->run()
CRITICAL - 2023-12-12 04:25:53 --> Class "Dompdf\Dompdf" not found
in APPPATH\Controllers\Invoices.php on line 456.
 1 SYSTEMPATH\CodeIgniter.php(934): App\Controllers\Invoices->get_invoice_pdf('7', 'view')
 2 SYSTEMPATH\CodeIgniter.php(499): CodeIgniter\CodeIgniter->runController(Object(App\Controllers\Invoices))
 3 SYSTEMPATH\CodeIgniter.php(368): CodeIgniter\CodeIgniter->handleRequest(null, Object(Config\Cache), false)
 4 FCPATH\index.php(67): CodeIgniter\CodeIgniter->run()
CRITICAL - 2023-12-12 04:28:18 --> Class "Dompdf\Dompdf" not found
in APPPATH\Controllers\Invoices.php on line 456.
 1 SYSTEMPATH\CodeIgniter.php(934): App\Controllers\Invoices->get_invoice_pdf('2', 'view')
 2 SYSTEMPATH\CodeIgniter.php(499): CodeIgniter\CodeIgniter->runController(Object(App\Controllers\Invoices))
 3 SYSTEMPATH\CodeIgniter.php(368): CodeIgniter\CodeIgniter->handleRequest(null, Object(Config\Cache), false)
 4 FCPATH\index.php(67): CodeIgniter\CodeIgniter->run()
CRITICAL - 2023-12-12 04:28:31 --> Class "Dompdf\Dompdf" not found
in APPPATH\Controllers\Invoices.php on line 456.
 1 SYSTEMPATH\CodeIgniter.php(934): App\Controllers\Invoices->get_invoice_pdf('2', 'view')
 2 SYSTEMPATH\CodeIgniter.php(499): CodeIgniter\CodeIgniter->runController(Object(App\Controllers\Invoices))
 3 SYSTEMPATH\CodeIgniter.php(368): CodeIgniter\CodeIgniter->handleRequest(null, Object(Config\Cache), false)
 4 FCPATH\index.php(67): CodeIgniter\CodeIgniter->run()
CRITICAL - 2023-12-12 04:31:56 --> Class "Dompdf\Dompdf" not found
in APPPATH\Controllers\Invoices.php on line 456.
 1 SYSTEMPATH\CodeIgniter.php(934): App\Controllers\Invoices->get_invoice_pdf('9', 'view')
 2 SYSTEMPATH\CodeIgniter.php(499): CodeIgniter\CodeIgniter->runController(Object(App\Controllers\Invoices))
 3 SYSTEMPATH\CodeIgniter.php(368): CodeIgniter\CodeIgniter->handleRequest(null, Object(Config\Cache), false)
 4 FCPATH\index.php(67): CodeIgniter\CodeIgniter->run()
CRITICAL - 2023-12-12 04:33:00 --> Class "Dompdf\Dompdf" not found
in APPPATH\Controllers\Invoices.php on line 456.
 1 SYSTEMPATH\CodeIgniter.php(934): App\Controllers\Invoices->get_invoice_pdf('10', 'view')
 2 SYSTEMPATH\CodeIgniter.php(499): CodeIgniter\CodeIgniter->runController(Object(App\Controllers\Invoices))
 3 SYSTEMPATH\CodeIgniter.php(368): CodeIgniter\CodeIgniter->handleRequest(null, Object(Config\Cache), false)
 4 FCPATH\index.php(67): CodeIgniter\CodeIgniter->run()
CRITICAL - 2023-12-12 04:33:08 --> Class "Dompdf\Dompdf" not found
in APPPATH\Controllers\Invoices.php on line 456.
 1 SYSTEMPATH\CodeIgniter.php(934): App\Controllers\Invoices->get_invoice_pdf('10', 'view')
 2 SYSTEMPATH\CodeIgniter.php(499): CodeIgniter\CodeIgniter->runController(Object(App\Controllers\Invoices))
 3 SYSTEMPATH\CodeIgniter.php(368): CodeIgniter\CodeIgniter->handleRequest(null, Object(Config\Cache), false)
 4 FCPATH\index.php(67): CodeIgniter\CodeIgniter->run()
CRITICAL - 2023-12-12 04:33:34 --> Class "Dompdf\Dompdf" not found
in APPPATH\Controllers\Invoices.php on line 456.
 1 SYSTEMPATH\CodeIgniter.php(934): App\Controllers\Invoices->get_invoice_pdf('9', 'view')
 2 SYSTEMPATH\CodeIgniter.php(499): CodeIgniter\CodeIgniter->runController(Object(App\Controllers\Invoices))
 3 SYSTEMPATH\CodeIgniter.php(368): CodeIgniter\CodeIgniter->handleRequest(null, Object(Config\Cache), false)
 4 FCPATH\index.php(67): CodeIgniter\CodeIgniter->run()
CRITICAL - 2023-12-12 04:33:44 --> Class "Dompdf\Dompdf" not found
in APPPATH\Controllers\Invoices.php on line 456.
 1 SYSTEMPATH\CodeIgniter.php(934): App\Controllers\Invoices->get_invoice_pdf('9', 'view')
 2 SYSTEMPATH\CodeIgniter.php(499): CodeIgniter\CodeIgniter->runController(Object(App\Controllers\Invoices))
 3 SYSTEMPATH\CodeIgniter.php(368): CodeIgniter\CodeIgniter->handleRequest(null, Object(Config\Cache), false)
 4 FCPATH\index.php(67): CodeIgniter\CodeIgniter->run()
CRITICAL - 2023-12-12 04:34:27 --> Class "Dompdf\Dompdf" not found
in APPPATH\Controllers\Invoices.php on line 456.
 1 SYSTEMPATH\CodeIgniter.php(934): App\Controllers\Invoices->get_invoice_pdf('8', 'view')
 2 SYSTEMPATH\CodeIgniter.php(499): CodeIgniter\CodeIgniter->runController(Object(App\Controllers\Invoices))
 3 SYSTEMPATH\CodeIgniter.php(368): CodeIgniter\CodeIgniter->handleRequest(null, Object(Config\Cache), false)
 4 FCPATH\index.php(67): CodeIgniter\CodeIgniter->run()
CRITICAL - 2023-12-12 04:34:37 --> Class "Dompdf\Dompdf" not found
in APPPATH\Controllers\Invoices.php on line 456.
 1 SYSTEMPATH\CodeIgniter.php(934): App\Controllers\Invoices->get_invoice_pdf('8', 'view')
 2 SYSTEMPATH\CodeIgniter.php(499): CodeIgniter\CodeIgniter->runController(Object(App\Controllers\Invoices))
 3 SYSTEMPATH\CodeIgniter.php(368): CodeIgniter\CodeIgniter->handleRequest(null, Object(Config\Cache), false)
 4 FCPATH\index.php(67): CodeIgniter\CodeIgniter->run()
CRITICAL - 2023-12-12 04:35:04 --> Class "Picqer\Barcode\BarcodeGeneratorJPG" not found
in APPPATH\Controllers\Generate_barcode.php on line 73.
 1 SYSTEMPATH\CodeIgniter.php(934): App\Controllers\Generate_barcode->index()
 2 SYSTEMPATH\CodeIgniter.php(499): CodeIgniter\CodeIgniter->runController(Object(App\Controllers\Generate_barcode))
 3 SYSTEMPATH\CodeIgniter.php(368): CodeIgniter\CodeIgniter->handleRequest(null, Object(Config\Cache), false)
 4 FCPATH\index.php(67): CodeIgniter\CodeIgniter->run()
CRITICAL - 2023-12-12 04:35:58 --> Class "Picqer\Barcode\BarcodeGeneratorJPG" not found
in APPPATH\Controllers\Generate_barcode.php on line 73.
 1 SYSTEMPATH\CodeIgniter.php(934): App\Controllers\Generate_barcode->index()
 2 SYSTEMPATH\CodeIgniter.php(499): CodeIgniter\CodeIgniter->runController(Object(App\Controllers\Generate_barcode))
 3 SYSTEMPATH\CodeIgniter.php(368): CodeIgniter\CodeIgniter->handleRequest(null, Object(Config\Cache), false)
 4 FCPATH\index.php(67): CodeIgniter\CodeIgniter->run()
CRITICAL - 2023-12-12 04:37:21 --> Class "Dompdf\Dompdf" not found
in APPPATH\Controllers\Invoices.php on line 456.
 1 SYSTEMPATH\CodeIgniter.php(934): App\Controllers\Invoices->get_invoice_pdf('12', 'view')
 2 SYSTEMPATH\CodeIgniter.php(499): CodeIgniter\CodeIgniter->runController(Object(App\Controllers\Invoices))
 3 SYSTEMPATH\CodeIgniter.php(368): CodeIgniter\CodeIgniter->handleRequest(null, Object(Config\Cache), false)
 4 FCPATH\index.php(67): CodeIgniter\CodeIgniter->run()
CRITICAL - 2023-12-12 04:37:32 --> Class "Dompdf\Dompdf" not found
in APPPATH\Controllers\Invoices.php on line 456.
 1 SYSTEMPATH\CodeIgniter.php(934): App\Controllers\Invoices->get_invoice_pdf('12', 'view')
 2 SYSTEMPATH\CodeIgniter.php(499): CodeIgniter\CodeIgniter->runController(Object(App\Controllers\Invoices))
 3 SYSTEMPATH\CodeIgniter.php(368): CodeIgniter\CodeIgniter->handleRequest(null, Object(Config\Cache), false)
 4 FCPATH\index.php(67): CodeIgniter\CodeIgniter->run()
CRITICAL - 2023-12-12 04:59:07 --> Class "Picqer\Barcode\BarcodeGeneratorJPG" not found
in APPPATH\Controllers\Generate_barcode.php on line 73.
 1 SYSTEMPATH\CodeIgniter.php(934): App\Controllers\Generate_barcode->index()
 2 SYSTEMPATH\CodeIgniter.php(499): CodeIgniter\CodeIgniter->runController(Object(App\Controllers\Generate_barcode))
 3 SYSTEMPATH\CodeIgniter.php(368): CodeIgniter\CodeIgniter->handleRequest(null, Object(Config\Cache), false)
 4 FCPATH\index.php(67): CodeIgniter\CodeIgniter->run()
CRITICAL - 2023-12-12 05:00:48 --> Class "Dompdf\Dompdf" not found
in APPPATH\Controllers\Invoices.php on line 456.
 1 SYSTEMPATH\CodeIgniter.php(934): App\Controllers\Invoices->get_invoice_pdf('3', 'view')
 2 SYSTEMPATH\CodeIgniter.php(499): CodeIgniter\CodeIgniter->runController(Object(App\Controllers\Invoices))
 3 SYSTEMPATH\CodeIgniter.php(368): CodeIgniter\CodeIgniter->handleRequest(null, Object(Config\Cache), false)
 4 FCPATH\index.php(67): CodeIgniter\CodeIgniter->run()
CRITICAL - 2023-12-12 05:00:56 --> Class "Dompdf\Dompdf" not found
in APPPATH\Controllers\Invoices.php on line 456.
 1 SYSTEMPATH\CodeIgniter.php(934): App\Controllers\Invoices->get_invoice_pdf('3', 'view')
 2 SYSTEMPATH\CodeIgniter.php(499): CodeIgniter\CodeIgniter->runController(Object(App\Controllers\Invoices))
 3 SYSTEMPATH\CodeIgniter.php(368): CodeIgniter\CodeIgniter->handleRequest(null, Object(Config\Cache), false)
 4 FCPATH\index.php(67): CodeIgniter\CodeIgniter->run()
CRITICAL - 2023-12-12 05:01:55 --> syntax error, unexpected token "else"
in APPPATH\Controllers\Invoices.php on line 1123.
 1 SYSTEMPATH\Autoloader\Autoloader.php(289): CodeIgniter\Autoloader\Autoloader->includeFile('APPPATH\\Controllers\\Invoices.php')
 2 SYSTEMPATH\Autoloader\Autoloader.php(267): CodeIgniter\Autoloader\Autoloader->loadInNamespace('App\\Controllers\\Invoices')
 3 [internal function]: CodeIgniter\Autoloader\Autoloader->loadClass('App\\Controllers\\Invoices')
 4 SYSTEMPATH\CodeIgniter.php(892): class_exists('\\App\\Controllers\\Invoices', true)
 5 SYSTEMPATH\CodeIgniter.php(486): CodeIgniter\CodeIgniter->startController()
 6 SYSTEMPATH\CodeIgniter.php(368): CodeIgniter\CodeIgniter->handleRequest(null, Object(Config\Cache), false)
 7 FCPATH\index.php(67): CodeIgniter\CodeIgniter->run()
CRITICAL - 2023-12-12 05:02:05 --> syntax error, unexpected token "else"
in APPPATH\Controllers\Invoices.php on line 1123.
 1 SYSTEMPATH\Autoloader\Autoloader.php(289): CodeIgniter\Autoloader\Autoloader->includeFile('APPPATH\\Controllers\\Invoices.php')
 2 SYSTEMPATH\Autoloader\Autoloader.php(267): CodeIgniter\Autoloader\Autoloader->loadInNamespace('App\\Controllers\\Invoices')
 3 [internal function]: CodeIgniter\Autoloader\Autoloader->loadClass('App\\Controllers\\Invoices')
 4 SYSTEMPATH\CodeIgniter.php(892): class_exists('\\App\\Controllers\\Invoices', true)
 5 SYSTEMPATH\CodeIgniter.php(486): CodeIgniter\CodeIgniter->startController()
 6 SYSTEMPATH\CodeIgniter.php(368): CodeIgniter\CodeIgniter->handleRequest(null, Object(Config\Cache), false)
 7 FCPATH\index.php(67): CodeIgniter\CodeIgniter->run()
CRITICAL - 2023-12-12 05:02:29 --> syntax error, unexpected token "else"
in APPPATH\Controllers\Invoices.php on line 1123.
 1 SYSTEMPATH\Autoloader\Autoloader.php(289): CodeIgniter\Autoloader\Autoloader->includeFile('APPPATH\\Controllers\\Invoices.php')
 2 SYSTEMPATH\Autoloader\Autoloader.php(267): CodeIgniter\Autoloader\Autoloader->loadInNamespace('App\\Controllers\\Invoices')
 3 [internal function]: CodeIgniter\Autoloader\Autoloader->loadClass('App\\Controllers\\Invoices')
 4 SYSTEMPATH\CodeIgniter.php(892): class_exists('\\App\\Controllers\\Invoices', true)
 5 SYSTEMPATH\CodeIgniter.php(486): CodeIgniter\CodeIgniter->startController()
 6 SYSTEMPATH\CodeIgniter.php(368): CodeIgniter\CodeIgniter->handleRequest(null, Object(Config\Cache), false)
 7 FCPATH\index.php(67): CodeIgniter\CodeIgniter->run()
CRITICAL - 2023-12-12 05:02:42 --> syntax error, unexpected token "else"
in APPPATH\Controllers\Invoices.php on line 1123.
 1 SYSTEMPATH\Autoloader\Autoloader.php(289): CodeIgniter\Autoloader\Autoloader->includeFile('APPPATH\\Controllers\\Invoices.php')
 2 SYSTEMPATH\Autoloader\Autoloader.php(267): CodeIgniter\Autoloader\Autoloader->loadInNamespace('App\\Controllers\\Invoices')
 3 [internal function]: CodeIgniter\Autoloader\Autoloader->loadClass('App\\Controllers\\Invoices')
 4 SYSTEMPATH\CodeIgniter.php(892): class_exists('\\App\\Controllers\\Invoices', true)
 5 SYSTEMPATH\CodeIgniter.php(486): CodeIgniter\CodeIgniter->startController()
 6 SYSTEMPATH\CodeIgniter.php(368): CodeIgniter\CodeIgniter->handleRequest(null, Object(Config\Cache), false)
 7 FCPATH\index.php(67): CodeIgniter\CodeIgniter->run()
CRITICAL - 2023-12-12 05:03:57 --> Class "Dompdf\Dompdf" not found
in APPPATH\Controllers\Invoices.php on line 456.
 1 SYSTEMPATH\CodeIgniter.php(934): App\Controllers\Invoices->get_invoice_pdf('2', 'view')
 2 SYSTEMPATH\CodeIgniter.php(499): CodeIgniter\CodeIgniter->runController(Object(App\Controllers\Invoices))
 3 SYSTEMPATH\CodeIgniter.php(368): CodeIgniter\CodeIgniter->handleRequest(null, Object(Config\Cache), false)
 4 FCPATH\index.php(67): CodeIgniter\CodeIgniter->run()
CRITICAL - 2023-12-12 05:04:07 --> Class "Picqer\Barcode\BarcodeGeneratorJPG" not found
in APPPATH\Controllers\Generate_barcode.php on line 73.
 1 SYSTEMPATH\CodeIgniter.php(934): App\Controllers\Generate_barcode->index()
 2 SYSTEMPATH\CodeIgniter.php(499): CodeIgniter\CodeIgniter->runController(Object(App\Controllers\Generate_barcode))
 3 SYSTEMPATH\CodeIgniter.php(368): CodeIgniter\CodeIgniter->handleRequest(null, Object(Config\Cache), false)
 4 FCPATH\index.php(67): CodeIgniter\CodeIgniter->run()
CRITICAL - 2023-12-12 05:04:11 --> Class "Dompdf\Dompdf" not found
in APPPATH\Controllers\Invoices.php on line 456.
 1 SYSTEMPATH\CodeIgniter.php(934): App\Controllers\Invoices->get_invoice_pdf('2', 'view')
 2 SYSTEMPATH\CodeIgniter.php(499): CodeIgniter\CodeIgniter->runController(Object(App\Controllers\Invoices))
 3 SYSTEMPATH\CodeIgniter.php(368): CodeIgniter\CodeIgniter->handleRequest(null, Object(Config\Cache), false)
 4 FCPATH\index.php(67): CodeIgniter\CodeIgniter->run()
CRITICAL - 2023-12-12 05:04:45 --> Array to string conversion
in APPPATH\Controllers\Invoices.php on line 1071.
 1 APPPATH\Controllers\Invoices.php(1071): CodeIgniter\Debug\Exceptions->errorHandler(2, 'Array to string conversion', 'APPPATH\\Controllers\\Invoices.php', 1071)
 2 SYSTEMPATH\CodeIgniter.php(934): App\Controllers\Invoices->delete('2')
 3 SYSTEMPATH\CodeIgniter.php(499): CodeIgniter\CodeIgniter->runController(Object(App\Controllers\Invoices))
 4 SYSTEMPATH\CodeIgniter.php(368): CodeIgniter\CodeIgniter->handleRequest(null, Object(Config\Cache), false)
 5 FCPATH\index.php(67): CodeIgniter\CodeIgniter->run()
CRITICAL - 2023-12-12 05:07:01 --> Class "Dompdf\Dompdf" not found
in APPPATH\Controllers\Invoices.php on line 456.
 1 SYSTEMPATH\CodeIgniter.php(934): App\Controllers\Invoices->get_invoice_pdf('2', 'view')
 2 SYSTEMPATH\CodeIgniter.php(499): CodeIgniter\CodeIgniter->runController(Object(App\Controllers\Invoices))
 3 SYSTEMPATH\CodeIgniter.php(368): CodeIgniter\CodeIgniter->handleRequest(null, Object(Config\Cache), false)
 4 FCPATH\index.php(67): CodeIgniter\CodeIgniter->run()
CRITICAL - 2023-12-12 05:08:06 --> Class "Picqer\Barcode\BarcodeGeneratorJPG" not found
in APPPATH\Controllers\Generate_barcode.php on line 73.
 1 SYSTEMPATH\CodeIgniter.php(934): App\Controllers\Generate_barcode->index()
 2 SYSTEMPATH\CodeIgniter.php(499): CodeIgniter\CodeIgniter->runController(Object(App\Controllers\Generate_barcode))
 3 SYSTEMPATH\CodeIgniter.php(368): CodeIgniter\CodeIgniter->handleRequest(null, Object(Config\Cache), false)
 4 FCPATH\index.php(67): CodeIgniter\CodeIgniter->run()
CRITICAL - 2023-12-12 05:08:31 --> Class "Picqer\Barcode\BarcodeGeneratorJPG" not found
in APPPATH\Controllers\Generate_barcode.php on line 73.
 1 SYSTEMPATH\CodeIgniter.php(934): App\Controllers\Generate_barcode->index()
 2 SYSTEMPATH\CodeIgniter.php(499): CodeIgniter\CodeIgniter->runController(Object(App\Controllers\Generate_barcode))
 3 SYSTEMPATH\CodeIgniter.php(368): CodeIgniter\CodeIgniter->handleRequest(null, Object(Config\Cache), false)
 4 FCPATH\index.php(67): CodeIgniter\CodeIgniter->run()
CRITICAL - 2023-12-12 05:09:56 --> Class "Picqer\Barcode\BarcodeGeneratorJPG" not found
in APPPATH\Controllers\Generate_barcode.php on line 73.
 1 SYSTEMPATH\CodeIgniter.php(934): App\Controllers\Generate_barcode->index()
 2 SYSTEMPATH\CodeIgniter.php(499): CodeIgniter\CodeIgniter->runController(Object(App\Controllers\Generate_barcode))
 3 SYSTEMPATH\CodeIgniter.php(368): CodeIgniter\CodeIgniter->handleRequest(null, Object(Config\Cache), false)
 4 FCPATH\index.php(67): CodeIgniter\CodeIgniter->run()
CRITICAL - 2023-12-12 05:20:17 --> Class "Picqer\Barcode\BarcodeGeneratorJPG" not found
in APPPATH\Controllers\Generate_barcode.php on line 73.
 1 SYSTEMPATH\CodeIgniter.php(934): App\Controllers\Generate_barcode->index()
 2 SYSTEMPATH\CodeIgniter.php(499): CodeIgniter\CodeIgniter->runController(Object(App\Controllers\Generate_barcode))
 3 SYSTEMPATH\CodeIgniter.php(368): CodeIgniter\CodeIgniter->handleRequest(null, Object(Config\Cache), false)
 4 FCPATH\index.php(67): CodeIgniter\CodeIgniter->run()
CRITICAL - 2023-12-12 05:20:40 --> Class "Picqer\Barcode\BarcodeGeneratorJPG" not found
in APPPATH\Controllers\Generate_barcode.php on line 73.
 1 SYSTEMPATH\CodeIgniter.php(934): App\Controllers\Generate_barcode->index()
 2 SYSTEMPATH\CodeIgniter.php(499): CodeIgniter\CodeIgniter->runController(Object(App\Controllers\Generate_barcode))
 3 SYSTEMPATH\CodeIgniter.php(368): CodeIgniter\CodeIgniter->handleRequest(null, Object(Config\Cache), false)
 4 FCPATH\index.php(67): CodeIgniter\CodeIgniter->run()
CRITICAL - 2023-12-12 05:21:21 --> Class "Picqer\Barcode\BarcodeGeneratorJPG" not found
in APPPATH\Controllers\Generate_barcode.php on line 73.
 1 SYSTEMPATH\CodeIgniter.php(934): App\Controllers\Generate_barcode->index()
 2 SYSTEMPATH\CodeIgniter.php(499): CodeIgniter\CodeIgniter->runController(Object(App\Controllers\Generate_barcode))
 3 SYSTEMPATH\CodeIgniter.php(368): CodeIgniter\CodeIgniter->handleRequest(null, Object(Config\Cache), false)
 4 FCPATH\index.php(67): CodeIgniter\CodeIgniter->run()
CRITICAL - 2023-12-12 05:22:04 --> Class "Dompdf\Dompdf" not found
in APPPATH\Controllers\Invoices.php on line 456.
 1 SYSTEMPATH\CodeIgniter.php(934): App\Controllers\Invoices->get_invoice_pdf('9', 'view')
 2 SYSTEMPATH\CodeIgniter.php(499): CodeIgniter\CodeIgniter->runController(Object(App\Controllers\Invoices))
 3 SYSTEMPATH\CodeIgniter.php(368): CodeIgniter\CodeIgniter->handleRequest(null, Object(Config\Cache), false)
 4 FCPATH\index.php(67): CodeIgniter\CodeIgniter->run()
CRITICAL - 2023-12-12 05:22:56 --> Class "Dompdf\Dompdf" not found
in APPPATH\Controllers\Invoices.php on line 456.
 1 SYSTEMPATH\CodeIgniter.php(934): App\Controllers\Invoices->get_invoice_pdf('11', 'view')
 2 SYSTEMPATH\CodeIgniter.php(499): CodeIgniter\CodeIgniter->runController(Object(App\Controllers\Invoices))
 3 SYSTEMPATH\CodeIgniter.php(368): CodeIgniter\CodeIgniter->handleRequest(null, Object(Config\Cache), false)
 4 FCPATH\index.php(67): CodeIgniter\CodeIgniter->run()
CRITICAL - 2023-12-12 05:23:05 --> Class "Dompdf\Dompdf" not found
in APPPATH\Controllers\Invoices.php on line 456.
 1 SYSTEMPATH\CodeIgniter.php(934): App\Controllers\Invoices->get_invoice_pdf('11', 'view')
 2 SYSTEMPATH\CodeIgniter.php(499): CodeIgniter\CodeIgniter->runController(Object(App\Controllers\Invoices))
 3 SYSTEMPATH\CodeIgniter.php(368): CodeIgniter\CodeIgniter->handleRequest(null, Object(Config\Cache), false)
 4 FCPATH\index.php(67): CodeIgniter\CodeIgniter->run()
CRITICAL - 2023-12-12 05:24:04 --> Class "Dompdf\Dompdf" not found
in APPPATH\Controllers\Invoices.php on line 456.
 1 SYSTEMPATH\CodeIgniter.php(934): App\Controllers\Invoices->get_invoice_pdf('10', 'view')
 2 SYSTEMPATH\CodeIgniter.php(499): CodeIgniter\CodeIgniter->runController(Object(App\Controllers\Invoices))
 3 SYSTEMPATH\CodeIgniter.php(368): CodeIgniter\CodeIgniter->handleRequest(null, Object(Config\Cache), false)
 4 FCPATH\index.php(67): CodeIgniter\CodeIgniter->run()
CRITICAL - 2023-12-12 05:24:13 --> Class "Dompdf\Dompdf" not found
in APPPATH\Controllers\Invoices.php on line 456.
 1 SYSTEMPATH\CodeIgniter.php(934): App\Controllers\Invoices->get_invoice_pdf('10', 'view')
 2 SYSTEMPATH\CodeIgniter.php(499): CodeIgniter\CodeIgniter->runController(Object(App\Controllers\Invoices))
 3 SYSTEMPATH\CodeIgniter.php(368): CodeIgniter\CodeIgniter->handleRequest(null, Object(Config\Cache), false)
 4 FCPATH\index.php(67): CodeIgniter\CodeIgniter->run()
CRITICAL - 2023-12-12 05:24:21 --> Class "Dompdf\Dompdf" not found
in APPPATH\Controllers\Invoices.php on line 456.
 1 SYSTEMPATH\CodeIgniter.php(934): App\Controllers\Invoices->get_invoice_pdf('9', 'view')
 2 SYSTEMPATH\CodeIgniter.php(499): CodeIgniter\CodeIgniter->runController(Object(App\Controllers\Invoices))
 3 SYSTEMPATH\CodeIgniter.php(368): CodeIgniter\CodeIgniter->handleRequest(null, Object(Config\Cache), false)
 4 FCPATH\index.php(67): CodeIgniter\CodeIgniter->run()
CRITICAL - 2023-12-12 05:24:32 --> Class "Dompdf\Dompdf" not found
in APPPATH\Controllers\Invoices.php on line 456.
 1 SYSTEMPATH\CodeIgniter.php(934): App\Controllers\Invoices->get_invoice_pdf('9', 'view')
 2 SYSTEMPATH\CodeIgniter.php(499): CodeIgniter\CodeIgniter->runController(Object(App\Controllers\Invoices))
 3 SYSTEMPATH\CodeIgniter.php(368): CodeIgniter\CodeIgniter->handleRequest(null, Object(Config\Cache), false)
 4 FCPATH\index.php(67): CodeIgniter\CodeIgniter->run()
CRITICAL - 2023-12-12 05:25:47 --> Class "Picqer\Barcode\BarcodeGeneratorJPG" not found
in APPPATH\Controllers\Generate_barcode.php on line 73.
 1 SYSTEMPATH\CodeIgniter.php(934): App\Controllers\Generate_barcode->index()
 2 SYSTEMPATH\CodeIgniter.php(499): CodeIgniter\CodeIgniter->runController(Object(App\Controllers\Generate_barcode))
 3 SYSTEMPATH\CodeIgniter.php(368): CodeIgniter\CodeIgniter->handleRequest(null, Object(Config\Cache), false)
 4 FCPATH\index.php(67): CodeIgniter\CodeIgniter->run()
CRITICAL - 2023-12-12 05:25:58 --> Class "Dompdf\Dompdf" not found
in APPPATH\Controllers\Invoices.php on line 456.
 1 SYSTEMPATH\CodeIgniter.php(934): App\Controllers\Invoices->get_invoice_pdf('12', 'view')
 2 SYSTEMPATH\CodeIgniter.php(499): CodeIgniter\CodeIgniter->runController(Object(App\Controllers\Invoices))
 3 SYSTEMPATH\CodeIgniter.php(368): CodeIgniter\CodeIgniter->handleRequest(null, Object(Config\Cache), false)
 4 FCPATH\index.php(67): CodeIgniter\CodeIgniter->run()
CRITICAL - 2023-12-12 05:26:08 --> Class "Dompdf\Dompdf" not found
in APPPATH\Controllers\Invoices.php on line 456.
 1 SYSTEMPATH\CodeIgniter.php(934): App\Controllers\Invoices->get_invoice_pdf('12', 'view')
 2 SYSTEMPATH\CodeIgniter.php(499): CodeIgniter\CodeIgniter->runController(Object(App\Controllers\Invoices))
 3 SYSTEMPATH\CodeIgniter.php(368): CodeIgniter\CodeIgniter->handleRequest(null, Object(Config\Cache), false)
 4 FCPATH\index.php(67): CodeIgniter\CodeIgniter->run()
CRITICAL - 2023-12-12 05:26:23 --> Class "Dompdf\Dompdf" not found
in APPPATH\Controllers\Invoices.php on line 456.
 1 SYSTEMPATH\CodeIgniter.php(934): App\Controllers\Invoices->get_invoice_pdf('13', 'view')
 2 SYSTEMPATH\CodeIgniter.php(499): CodeIgniter\CodeIgniter->runController(Object(App\Controllers\Invoices))
 3 SYSTEMPATH\CodeIgniter.php(368): CodeIgniter\CodeIgniter->handleRequest(null, Object(Config\Cache), false)
 4 FCPATH\index.php(67): CodeIgniter\CodeIgniter->run()
CRITICAL - 2023-12-12 05:26:34 --> Class "Dompdf\Dompdf" not found
in APPPATH\Controllers\Invoices.php on line 456.
 1 SYSTEMPATH\CodeIgniter.php(934): App\Controllers\Invoices->get_invoice_pdf('13', 'view')
 2 SYSTEMPATH\CodeIgniter.php(499): CodeIgniter\CodeIgniter->runController(Object(App\Controllers\Invoices))
 3 SYSTEMPATH\CodeIgniter.php(368): CodeIgniter\CodeIgniter->handleRequest(null, Object(Config\Cache), false)
 4 FCPATH\index.php(67): CodeIgniter\CodeIgniter->run()
CRITICAL - 2023-12-12 05:36:42 --> Undefined variable $row_n
in APPPATH\Helpers\stock_helper.php on line 39.
 1 APPPATH\Helpers\stock_helper.php(39): CodeIgniter\Debug\Exceptions->errorHandler(2, 'Undefined variable $row_n', 'APPPATH\\Helpers\\stock_helper.php', 39)
 2 APPPATH\Controllers\Sales.php(404): remove_from_price_queue('3', '3')
 3 SYSTEMPATH\CodeIgniter.php(934): App\Controllers\Sales->index()
 4 SYSTEMPATH\CodeIgniter.php(499): CodeIgniter\CodeIgniter->runController(Object(App\Controllers\Sales))
 5 SYSTEMPATH\CodeIgniter.php(368): CodeIgniter\CodeIgniter->handleRequest(null, Object(Config\Cache), false)
 6 FCPATH\index.php(67): CodeIgniter\CodeIgniter->run()
CRITICAL - 2023-12-12 05:37:35 --> Undefined variable $row_n
in APPPATH\Helpers\stock_helper.php on line 39.
 1 APPPATH\Helpers\stock_helper.php(39): CodeIgniter\Debug\Exceptions->errorHandler(2, 'Undefined variable $row_n', 'APPPATH\\Helpers\\stock_helper.php', 39)
 2 APPPATH\Controllers\Sales.php(404): remove_from_price_queue('3', '3')
 3 SYSTEMPATH\CodeIgniter.php(934): App\Controllers\Sales->index()
 4 SYSTEMPATH\CodeIgniter.php(499): CodeIgniter\CodeIgniter->runController(Object(App\Controllers\Sales))
 5 SYSTEMPATH\CodeIgniter.php(368): CodeIgniter\CodeIgniter->handleRequest(null, Object(Config\Cache), false)
 6 FCPATH\index.php(67): CodeIgniter\CodeIgniter->run()
CRITICAL - 2023-12-12 05:38:01 --> Class "Dompdf\Dompdf" not found
in APPPATH\Controllers\Invoices.php on line 456.
 1 SYSTEMPATH\CodeIgniter.php(934): App\Controllers\Invoices->get_invoice_pdf('17', 'view')
 2 SYSTEMPATH\CodeIgniter.php(499): CodeIgniter\CodeIgniter->runController(Object(App\Controllers\Invoices))
 3 SYSTEMPATH\CodeIgniter.php(368): CodeIgniter\CodeIgniter->handleRequest(null, Object(Config\Cache), false)
 4 FCPATH\index.php(67): CodeIgniter\CodeIgniter->run()
CRITICAL - 2023-12-12 05:39:37 --> Class "Dompdf\Dompdf" not found
in APPPATH\Controllers\Invoices.php on line 456.
 1 SYSTEMPATH\CodeIgniter.php(934): App\Controllers\Invoices->get_invoice_pdf('18', 'view')
 2 SYSTEMPATH\CodeIgniter.php(499): CodeIgniter\CodeIgniter->runController(Object(App\Controllers\Invoices))
 3 SYSTEMPATH\CodeIgniter.php(368): CodeIgniter\CodeIgniter->handleRequest(null, Object(Config\Cache), false)
 4 FCPATH\index.php(67): CodeIgniter\CodeIgniter->run()
CRITICAL - 2023-12-12 05:39:43 --> Class "Dompdf\Dompdf" not found
in APPPATH\Controllers\Invoices.php on line 456.
 1 SYSTEMPATH\CodeIgniter.php(934): App\Controllers\Invoices->get_invoice_pdf('18', 'view')
 2 SYSTEMPATH\CodeIgniter.php(499): CodeIgniter\CodeIgniter->runController(Object(App\Controllers\Invoices))
 3 SYSTEMPATH\CodeIgniter.php(368): CodeIgniter\CodeIgniter->handleRequest(null, Object(Config\Cache), false)
 4 FCPATH\index.php(67): CodeIgniter\CodeIgniter->run()
CRITICAL - 2023-12-12 05:40:29 --> Class "Dompdf\Dompdf" not found
in APPPATH\Controllers\Invoices.php on line 456.
 1 SYSTEMPATH\CodeIgniter.php(934): App\Controllers\Invoices->get_invoice_pdf('19', 'view')
 2 SYSTEMPATH\CodeIgniter.php(499): CodeIgniter\CodeIgniter->runController(Object(App\Controllers\Invoices))
 3 SYSTEMPATH\CodeIgniter.php(368): CodeIgniter\CodeIgniter->handleRequest(null, Object(Config\Cache), false)
 4 FCPATH\index.php(67): CodeIgniter\CodeIgniter->run()
CRITICAL - 2023-12-12 05:40:47 --> Class "Dompdf\Dompdf" not found
in APPPATH\Controllers\Invoices.php on line 456.
 1 SYSTEMPATH\CodeIgniter.php(934): App\Controllers\Invoices->get_invoice_pdf('19', 'view')
 2 SYSTEMPATH\CodeIgniter.php(499): CodeIgniter\CodeIgniter->runController(Object(App\Controllers\Invoices))
 3 SYSTEMPATH\CodeIgniter.php(368): CodeIgniter\CodeIgniter->handleRequest(null, Object(Config\Cache), false)
 4 FCPATH\index.php(67): CodeIgniter\CodeIgniter->run()
CRITICAL - 2023-12-12 05:41:49 --> Class "Dompdf\Dompdf" not found
in APPPATH\Controllers\Invoices.php on line 456.
 1 SYSTEMPATH\CodeIgniter.php(934): App\Controllers\Invoices->get_invoice_pdf('20', 'view')
 2 SYSTEMPATH\CodeIgniter.php(499): CodeIgniter\CodeIgniter->runController(Object(App\Controllers\Invoices))
 3 SYSTEMPATH\CodeIgniter.php(368): CodeIgniter\CodeIgniter->handleRequest(null, Object(Config\Cache), false)
 4 FCPATH\index.php(67): CodeIgniter\CodeIgniter->run()
CRITICAL - 2023-12-12 05:41:58 --> Class "Dompdf\Dompdf" not found
in APPPATH\Controllers\Invoices.php on line 456.
 1 SYSTEMPATH\CodeIgniter.php(934): App\Controllers\Invoices->get_invoice_pdf('20', 'view')
 2 SYSTEMPATH\CodeIgniter.php(499): CodeIgniter\CodeIgniter->runController(Object(App\Controllers\Invoices))
 3 SYSTEMPATH\CodeIgniter.php(368): CodeIgniter\CodeIgniter->handleRequest(null, Object(Config\Cache), false)
 4 FCPATH\index.php(67): CodeIgniter\CodeIgniter->run()
CRITICAL - 2023-12-12 05:43:07 --> Class "Dompdf\Dompdf" not found
in APPPATH\Controllers\Invoices.php on line 456.
 1 SYSTEMPATH\CodeIgniter.php(934): App\Controllers\Invoices->get_invoice_pdf('22', 'view')
 2 SYSTEMPATH\CodeIgniter.php(499): CodeIgniter\CodeIgniter->runController(Object(App\Controllers\Invoices))
 3 SYSTEMPATH\CodeIgniter.php(368): CodeIgniter\CodeIgniter->handleRequest(null, Object(Config\Cache), false)
 4 FCPATH\index.php(67): CodeIgniter\CodeIgniter->run()
CRITICAL - 2023-12-12 05:43:32 --> Class "Dompdf\Dompdf" not found
in APPPATH\Controllers\Invoices.php on line 456.
 1 SYSTEMPATH\CodeIgniter.php(934): App\Controllers\Invoices->get_invoice_pdf('22', 'view')
 2 SYSTEMPATH\CodeIgniter.php(499): CodeIgniter\CodeIgniter->runController(Object(App\Controllers\Invoices))
 3 SYSTEMPATH\CodeIgniter.php(368): CodeIgniter\CodeIgniter->handleRequest(null, Object(Config\Cache), false)
 4 FCPATH\index.php(67): CodeIgniter\CodeIgniter->run()
CRITICAL - 2023-12-12 05:43:43 --> Class "Dompdf\Dompdf" not found
in APPPATH\Controllers\Invoices.php on line 456.
 1 SYSTEMPATH\CodeIgniter.php(934): App\Controllers\Invoices->get_invoice_pdf('22', 'view')
 2 SYSTEMPATH\CodeIgniter.php(499): CodeIgniter\CodeIgniter->runController(Object(App\Controllers\Invoices))
 3 SYSTEMPATH\CodeIgniter.php(368): CodeIgniter\CodeIgniter->handleRequest(null, Object(Config\Cache), false)
 4 FCPATH\index.php(67): CodeIgniter\CodeIgniter->run()
CRITICAL - 2023-12-12 05:43:57 --> Class "Picqer\Barcode\BarcodeGeneratorJPG" not found
in APPPATH\Controllers\Generate_barcode.php on line 73.
 1 SYSTEMPATH\CodeIgniter.php(934): App\Controllers\Generate_barcode->index()
 2 SYSTEMPATH\CodeIgniter.php(499): CodeIgniter\CodeIgniter->runController(Object(App\Controllers\Generate_barcode))
 3 SYSTEMPATH\CodeIgniter.php(368): CodeIgniter\CodeIgniter->handleRequest(null, Object(Config\Cache), false)
 4 FCPATH\index.php(67): CodeIgniter\CodeIgniter->run()
CRITICAL - 2023-12-12 05:45:03 --> Class "Dompdf\Dompdf" not found
in APPPATH\Controllers\Invoices.php on line 456.
 1 SYSTEMPATH\CodeIgniter.php(934): App\Controllers\Invoices->get_invoice_pdf('21', 'view')
 2 SYSTEMPATH\CodeIgniter.php(499): CodeIgniter\CodeIgniter->runController(Object(App\Controllers\Invoices))
 3 SYSTEMPATH\CodeIgniter.php(368): CodeIgniter\CodeIgniter->handleRequest(null, Object(Config\Cache), false)
 4 FCPATH\index.php(67): CodeIgniter\CodeIgniter->run()
CRITICAL - 2023-12-12 05:45:15 --> Class "Dompdf\Dompdf" not found
in APPPATH\Controllers\Invoices.php on line 456.
 1 SYSTEMPATH\CodeIgniter.php(934): App\Controllers\Invoices->get_invoice_pdf('21', 'view')
 2 SYSTEMPATH\CodeIgniter.php(499): CodeIgniter\CodeIgniter->runController(Object(App\Controllers\Invoices))
 3 SYSTEMPATH\CodeIgniter.php(368): CodeIgniter\CodeIgniter->handleRequest(null, Object(Config\Cache), false)
 4 FCPATH\index.php(67): CodeIgniter\CodeIgniter->run()
CRITICAL - 2023-12-12 05:45:27 --> Class "Dompdf\Dompdf" not found
in APPPATH\Controllers\Invoices.php on line 456.
 1 SYSTEMPATH\CodeIgniter.php(934): App\Controllers\Invoices->get_invoice_pdf('23', 'view')
 2 SYSTEMPATH\CodeIgniter.php(499): CodeIgniter\CodeIgniter->runController(Object(App\Controllers\Invoices))
 3 SYSTEMPATH\CodeIgniter.php(368): CodeIgniter\CodeIgniter->handleRequest(null, Object(Config\Cache), false)
 4 FCPATH\index.php(67): CodeIgniter\CodeIgniter->run()
CRITICAL - 2023-12-12 05:45:35 --> Class "Dompdf\Dompdf" not found
in APPPATH\Controllers\Invoices.php on line 456.
 1 SYSTEMPATH\CodeIgniter.php(934): App\Controllers\Invoices->get_invoice_pdf('23', 'view')
 2 SYSTEMPATH\CodeIgniter.php(499): CodeIgniter\CodeIgniter->runController(Object(App\Controllers\Invoices))
 3 SYSTEMPATH\CodeIgniter.php(368): CodeIgniter\CodeIgniter->handleRequest(null, Object(Config\Cache), false)
 4 FCPATH\index.php(67): CodeIgniter\CodeIgniter->run()
CRITICAL - 2023-12-12 05:53:58 --> Class "Dompdf\Dompdf" not found
in APPPATH\Controllers\Invoices.php on line 456.
 1 SYSTEMPATH\CodeIgniter.php(934): App\Controllers\Invoices->get_invoice_pdf('25', 'view')
 2 SYSTEMPATH\CodeIgniter.php(499): CodeIgniter\CodeIgniter->runController(Object(App\Controllers\Invoices))
 3 SYSTEMPATH\CodeIgniter.php(368): CodeIgniter\CodeIgniter->handleRequest(null, Object(Config\Cache), false)
 4 FCPATH\index.php(67): CodeIgniter\CodeIgniter->run()
CRITICAL - 2023-12-12 05:54:04 --> Class "Dompdf\Dompdf" not found
in APPPATH\Controllers\Invoices.php on line 456.
 1 SYSTEMPATH\CodeIgniter.php(934): App\Controllers\Invoices->get_invoice_pdf('25', 'view')
 2 SYSTEMPATH\CodeIgniter.php(499): CodeIgniter\CodeIgniter->runController(Object(App\Controllers\Invoices))
 3 SYSTEMPATH\CodeIgniter.php(368): CodeIgniter\CodeIgniter->handleRequest(null, Object(Config\Cache), false)
 4 FCPATH\index.php(67): CodeIgniter\CodeIgniter->run()
CRITICAL - 2023-12-12 05:54:11 --> Class "Dompdf\Dompdf" not found
in APPPATH\Controllers\Invoices.php on line 456.
 1 SYSTEMPATH\CodeIgniter.php(934): App\Controllers\Invoices->get_invoice_pdf('25', 'view')
 2 SYSTEMPATH\CodeIgniter.php(499): CodeIgniter\CodeIgniter->runController(Object(App\Controllers\Invoices))
 3 SYSTEMPATH\CodeIgniter.php(368): CodeIgniter\CodeIgniter->handleRequest(null, Object(Config\Cache), false)
 4 FCPATH\index.php(67): CodeIgniter\CodeIgniter->run()
CRITICAL - 2023-12-12 05:55:05 --> Class "Dompdf\Dompdf" not found
in APPPATH\Controllers\Invoices.php on line 456.
 1 SYSTEMPATH\CodeIgniter.php(934): App\Controllers\Invoices->get_invoice_pdf('26', 'view')
 2 SYSTEMPATH\CodeIgniter.php(499): CodeIgniter\CodeIgniter->runController(Object(App\Controllers\Invoices))
 3 SYSTEMPATH\CodeIgniter.php(368): CodeIgniter\CodeIgniter->handleRequest(null, Object(Config\Cache), false)
 4 FCPATH\index.php(67): CodeIgniter\CodeIgniter->run()
CRITICAL - 2023-12-12 05:55:23 --> Class "Dompdf\Dompdf" not found
in APPPATH\Controllers\Invoices.php on line 456.
 1 SYSTEMPATH\CodeIgniter.php(934): App\Controllers\Invoices->get_invoice_pdf('26', 'view')
 2 SYSTEMPATH\CodeIgniter.php(499): CodeIgniter\CodeIgniter->runController(Object(App\Controllers\Invoices))
 3 SYSTEMPATH\CodeIgniter.php(368): CodeIgniter\CodeIgniter->handleRequest(null, Object(Config\Cache), false)
 4 FCPATH\index.php(67): CodeIgniter\CodeIgniter->run()
CRITICAL - 2023-12-12 05:55:27 --> Class "Dompdf\Dompdf" not found
in APPPATH\Controllers\Payments.php on line 109.
 1 SYSTEMPATH\CodeIgniter.php(934): App\Controllers\Payments->get_receipt('24', 'view')
 2 SYSTEMPATH\CodeIgniter.php(499): CodeIgniter\CodeIgniter->runController(Object(App\Controllers\Payments))
 3 SYSTEMPATH\CodeIgniter.php(368): CodeIgniter\CodeIgniter->handleRequest(null, Object(Config\Cache), false)
 4 FCPATH\index.php(67): CodeIgniter\CodeIgniter->run()
CRITICAL - 2023-12-12 05:55:34 --> Class "Dompdf\Dompdf" not found
in APPPATH\Controllers\Invoices.php on line 456.
 1 SYSTEMPATH\CodeIgniter.php(934): App\Controllers\Invoices->get_invoice_pdf('26', 'view')
 2 SYSTEMPATH\CodeIgniter.php(499): CodeIgniter\CodeIgniter->runController(Object(App\Controllers\Invoices))
 3 SYSTEMPATH\CodeIgniter.php(368): CodeIgniter\CodeIgniter->handleRequest(null, Object(Config\Cache), false)
 4 FCPATH\index.php(67): CodeIgniter\CodeIgniter->run()
CRITICAL - 2023-12-12 06:01:19 --> Class "Picqer\Barcode\BarcodeGeneratorJPG" not found
in APPPATH\Controllers\Generate_barcode.php on line 73.
 1 SYSTEMPATH\CodeIgniter.php(934): App\Controllers\Generate_barcode->index()
 2 SYSTEMPATH\CodeIgniter.php(499): CodeIgniter\CodeIgniter->runController(Object(App\Controllers\Generate_barcode))
 3 SYSTEMPATH\CodeIgniter.php(368): CodeIgniter\CodeIgniter->handleRequest(null, Object(Config\Cache), false)
 4 FCPATH\index.php(67): CodeIgniter\CodeIgniter->run()
CRITICAL - 2023-12-12 06:05:15 --> Class "Dompdf\Dompdf" not found
in APPPATH\Controllers\Invoices.php on line 456.
 1 SYSTEMPATH\CodeIgniter.php(934): App\Controllers\Invoices->get_invoice_pdf('29', 'view')
 2 SYSTEMPATH\CodeIgniter.php(499): CodeIgniter\CodeIgniter->runController(Object(App\Controllers\Invoices))
 3 SYSTEMPATH\CodeIgniter.php(368): CodeIgniter\CodeIgniter->handleRequest(null, Object(Config\Cache), false)
 4 FCPATH\index.php(67): CodeIgniter\CodeIgniter->run()
CRITICAL - 2023-12-12 06:05:34 --> Class "Dompdf\Dompdf" not found
in APPPATH\Controllers\Invoices.php on line 456.
 1 SYSTEMPATH\CodeIgniter.php(934): App\Controllers\Invoices->get_invoice_pdf('29', 'view')
 2 SYSTEMPATH\CodeIgniter.php(499): CodeIgniter\CodeIgniter->runController(Object(App\Controllers\Invoices))
 3 SYSTEMPATH\CodeIgniter.php(368): CodeIgniter\CodeIgniter->handleRequest(null, Object(Config\Cache), false)
 4 FCPATH\index.php(67): CodeIgniter\CodeIgniter->run()
CRITICAL - 2023-12-12 06:27:35 --> Class "Dompdf\Dompdf" not found
in APPPATH\Controllers\Invoices.php on line 456.
 1 SYSTEMPATH\CodeIgniter.php(934): App\Controllers\Invoices->get_invoice_pdf('30', 'view')
 2 SYSTEMPATH\CodeIgniter.php(499): CodeIgniter\CodeIgniter->runController(Object(App\Controllers\Invoices))
 3 SYSTEMPATH\CodeIgniter.php(368): CodeIgniter\CodeIgniter->handleRequest(null, Object(Config\Cache), false)
 4 FCPATH\index.php(67): CodeIgniter\CodeIgniter->run()
CRITICAL - 2023-12-12 06:28:21 --> Class "Dompdf\Dompdf" not found
in APPPATH\Controllers\Invoices.php on line 456.
 1 SYSTEMPATH\CodeIgniter.php(934): App\Controllers\Invoices->get_invoice_pdf('30', 'view')
 2 SYSTEMPATH\CodeIgniter.php(499): CodeIgniter\CodeIgniter->runController(Object(App\Controllers\Invoices))
 3 SYSTEMPATH\CodeIgniter.php(368): CodeIgniter\CodeIgniter->handleRequest(null, Object(Config\Cache), false)
 4 FCPATH\index.php(67): CodeIgniter\CodeIgniter->run()
CRITICAL - 2023-12-12 06:30:47 --> Class "Dompdf\Dompdf" not found
in APPPATH\Controllers\Invoices.php on line 456.
 1 SYSTEMPATH\CodeIgniter.php(934): App\Controllers\Invoices->get_invoice_pdf('31', 'view')
 2 SYSTEMPATH\CodeIgniter.php(499): CodeIgniter\CodeIgniter->runController(Object(App\Controllers\Invoices))
 3 SYSTEMPATH\CodeIgniter.php(368): CodeIgniter\CodeIgniter->handleRequest(null, Object(Config\Cache), false)
 4 FCPATH\index.php(67): CodeIgniter\CodeIgniter->run()
CRITICAL - 2023-12-12 06:30:55 --> Class "Dompdf\Dompdf" not found
in APPPATH\Controllers\Invoices.php on line 456.
 1 SYSTEMPATH\CodeIgniter.php(934): App\Controllers\Invoices->get_invoice_pdf('31', 'view')
 2 SYSTEMPATH\CodeIgniter.php(499): CodeIgniter\CodeIgniter->runController(Object(App\Controllers\Invoices))
 3 SYSTEMPATH\CodeIgniter.php(368): CodeIgniter\CodeIgniter->handleRequest(null, Object(Config\Cache), false)
 4 FCPATH\index.php(67): CodeIgniter\CodeIgniter->run()
CRITICAL - 2023-12-12 06:38:18 --> Class "Dompdf\Dompdf" not found
in APPPATH\Controllers\Invoices.php on line 456.
 1 SYSTEMPATH\CodeIgniter.php(934): App\Controllers\Invoices->get_invoice_pdf('31', 'view')
 2 SYSTEMPATH\CodeIgniter.php(499): CodeIgniter\CodeIgniter->runController(Object(App\Controllers\Invoices))
 3 SYSTEMPATH\CodeIgniter.php(368): CodeIgniter\CodeIgniter->handleRequest(null, Object(Config\Cache), false)
 4 FCPATH\index.php(67): CodeIgniter\CodeIgniter->run()
CRITICAL - 2023-12-12 06:57:28 --> Class "Dompdf\Dompdf" not found
in APPPATH\Controllers\Invoices.php on line 456.
 1 SYSTEMPATH\CodeIgniter.php(934): App\Controllers\Invoices->get_invoice_pdf('31', 'view')
 2 SYSTEMPATH\CodeIgniter.php(499): CodeIgniter\CodeIgniter->runController(Object(App\Controllers\Invoices))
 3 SYSTEMPATH\CodeIgniter.php(368): CodeIgniter\CodeIgniter->handleRequest(null, Object(Config\Cache), false)
 4 FCPATH\index.php(67): CodeIgniter\CodeIgniter->run()
CRITICAL - 2023-12-12 06:57:51 --> Class "Dompdf\Dompdf" not found
in APPPATH\Controllers\Invoices.php on line 456.
 1 SYSTEMPATH\CodeIgniter.php(934): App\Controllers\Invoices->get_invoice_pdf('31', 'view')
 2 SYSTEMPATH\CodeIgniter.php(499): CodeIgniter\CodeIgniter->runController(Object(App\Controllers\Invoices))
 3 SYSTEMPATH\CodeIgniter.php(368): CodeIgniter\CodeIgniter->handleRequest(null, Object(Config\Cache), false)
 4 FCPATH\index.php(67): CodeIgniter\CodeIgniter->run()
CRITICAL - 2023-12-12 06:58:05 --> Class "Picqer\Barcode\BarcodeGeneratorJPG" not found
in APPPATH\Controllers\Generate_barcode.php on line 73.
 1 SYSTEMPATH\CodeIgniter.php(934): App\Controllers\Generate_barcode->index()
 2 SYSTEMPATH\CodeIgniter.php(499): CodeIgniter\CodeIgniter->runController(Object(App\Controllers\Generate_barcode))
 3 SYSTEMPATH\CodeIgniter.php(368): CodeIgniter\CodeIgniter->handleRequest(null, Object(Config\Cache), false)
 4 FCPATH\index.php(67): CodeIgniter\CodeIgniter->run()
CRITICAL - 2023-12-12 06:59:12 --> Class "Picqer\Barcode\BarcodeGeneratorJPG" not found
in APPPATH\Controllers\Generate_barcode.php on line 73.
 1 SYSTEMPATH\CodeIgniter.php(934): App\Controllers\Generate_barcode->index()
 2 SYSTEMPATH\CodeIgniter.php(499): CodeIgniter\CodeIgniter->runController(Object(App\Controllers\Generate_barcode))
 3 SYSTEMPATH\CodeIgniter.php(368): CodeIgniter\CodeIgniter->handleRequest(null, Object(Config\Cache), false)
 4 FCPATH\index.php(67): CodeIgniter\CodeIgniter->run()
CRITICAL - 2023-12-12 06:59:16 --> Class "Picqer\Barcode\BarcodeGeneratorJPG" not found
in APPPATH\Controllers\Generate_barcode.php on line 73.
 1 SYSTEMPATH\CodeIgniter.php(934): App\Controllers\Generate_barcode->index()
 2 SYSTEMPATH\CodeIgniter.php(499): CodeIgniter\CodeIgniter->runController(Object(App\Controllers\Generate_barcode))
 3 SYSTEMPATH\CodeIgniter.php(368): CodeIgniter\CodeIgniter->handleRequest(null, Object(Config\Cache), false)
 4 FCPATH\index.php(67): CodeIgniter\CodeIgniter->run()
CRITICAL - 2023-12-12 06:59:43 --> Class "Dompdf\Dompdf" not found
in APPPATH\Controllers\Invoices.php on line 456.
 1 SYSTEMPATH\CodeIgniter.php(934): App\Controllers\Invoices->get_invoice_pdf('32', 'view')
 2 SYSTEMPATH\CodeIgniter.php(499): CodeIgniter\CodeIgniter->runController(Object(App\Controllers\Invoices))
 3 SYSTEMPATH\CodeIgniter.php(368): CodeIgniter\CodeIgniter->handleRequest(null, Object(Config\Cache), false)
 4 FCPATH\index.php(67): CodeIgniter\CodeIgniter->run()
CRITICAL - 2023-12-12 07:00:48 --> Class "Dompdf\Dompdf" not found
in APPPATH\Controllers\Invoices.php on line 456.
 1 SYSTEMPATH\CodeIgniter.php(934): App\Controllers\Invoices->get_invoice_pdf('34', 'view')
 2 SYSTEMPATH\CodeIgniter.php(499): CodeIgniter\CodeIgniter->runController(Object(App\Controllers\Invoices))
 3 SYSTEMPATH\CodeIgniter.php(368): CodeIgniter\CodeIgniter->handleRequest(null, Object(Config\Cache), false)
 4 FCPATH\index.php(67): CodeIgniter\CodeIgniter->run()
CRITICAL - 2023-12-12 07:00:57 --> Class "Dompdf\Dompdf" not found
in APPPATH\Controllers\Invoices.php on line 456.
 1 SYSTEMPATH\CodeIgniter.php(934): App\Controllers\Invoices->get_invoice_pdf('34', 'view')
 2 SYSTEMPATH\CodeIgniter.php(499): CodeIgniter\CodeIgniter->runController(Object(App\Controllers\Invoices))
 3 SYSTEMPATH\CodeIgniter.php(368): CodeIgniter\CodeIgniter->handleRequest(null, Object(Config\Cache), false)
 4 FCPATH\index.php(67): CodeIgniter\CodeIgniter->run()
CRITICAL - 2023-12-12 07:01:10 --> Class "Dompdf\Dompdf" not found
in APPPATH\Controllers\Invoices.php on line 456.
 1 SYSTEMPATH\CodeIgniter.php(934): App\Controllers\Invoices->get_invoice_pdf('33', 'view')
 2 SYSTEMPATH\CodeIgniter.php(499): CodeIgniter\CodeIgniter->runController(Object(App\Controllers\Invoices))
 3 SYSTEMPATH\CodeIgniter.php(368): CodeIgniter\CodeIgniter->handleRequest(null, Object(Config\Cache), false)
 4 FCPATH\index.php(67): CodeIgniter\CodeIgniter->run()
CRITICAL - 2023-12-12 07:06:56 --> Class "Picqer\Barcode\BarcodeGeneratorJPG" not found
in APPPATH\Controllers\Generate_barcode.php on line 73.
 1 SYSTEMPATH\CodeIgniter.php(934): App\Controllers\Generate_barcode->index()
 2 SYSTEMPATH\CodeIgniter.php(499): CodeIgniter\CodeIgniter->runController(Object(App\Controllers\Generate_barcode))
 3 SYSTEMPATH\CodeIgniter.php(368): CodeIgniter\CodeIgniter->handleRequest(null, Object(Config\Cache), false)
 4 FCPATH\index.php(67): CodeIgniter\CodeIgniter->run()
CRITICAL - 2023-12-12 07:07:12 --> Class "Picqer\Barcode\BarcodeGeneratorJPG" not found
in APPPATH\Controllers\Generate_barcode.php on line 73.
 1 SYSTEMPATH\CodeIgniter.php(934): App\Controllers\Generate_barcode->index()
 2 SYSTEMPATH\CodeIgniter.php(499): CodeIgniter\CodeIgniter->runController(Object(App\Controllers\Generate_barcode))
 3 SYSTEMPATH\CodeIgniter.php(368): CodeIgniter\CodeIgniter->handleRequest(null, Object(Config\Cache), false)
 4 FCPATH\index.php(67): CodeIgniter\CodeIgniter->run()
CRITICAL - 2023-12-12 08:24:35 --> Class "Picqer\Barcode\BarcodeGeneratorJPG" not found
in APPPATH\Controllers\Generate_barcode.php on line 73.
 1 SYSTEMPATH\CodeIgniter.php(934): App\Controllers\Generate_barcode->index()
 2 SYSTEMPATH\CodeIgniter.php(499): CodeIgniter\CodeIgniter->runController(Object(App\Controllers\Generate_barcode))
 3 SYSTEMPATH\CodeIgniter.php(368): CodeIgniter\CodeIgniter->handleRequest(null, Object(Config\Cache), false)
 4 FCPATH\index.php(67): CodeIgniter\CodeIgniter->run()
CRITICAL - 2023-12-12 08:25:19 --> Class "Picqer\Barcode\BarcodeGeneratorJPG" not found
in APPPATH\Controllers\Generate_barcode.php on line 73.
 1 SYSTEMPATH\CodeIgniter.php(934): App\Controllers\Generate_barcode->index()
 2 SYSTEMPATH\CodeIgniter.php(499): CodeIgniter\CodeIgniter->runController(Object(App\Controllers\Generate_barcode))
 3 SYSTEMPATH\CodeIgniter.php(368): CodeIgniter\CodeIgniter->handleRequest(null, Object(Config\Cache), false)
 4 FCPATH\index.php(67): CodeIgniter\CodeIgniter->run()
CRITICAL - 2023-12-12 08:25:59 --> Class "Picqer\Barcode\BarcodeGeneratorJPG" not found
in APPPATH\Controllers\Generate_barcode.php on line 73.
 1 SYSTEMPATH\CodeIgniter.php(934): App\Controllers\Generate_barcode->index()
 2 SYSTEMPATH\CodeIgniter.php(499): CodeIgniter\CodeIgniter->runController(Object(App\Controllers\Generate_barcode))
 3 SYSTEMPATH\CodeIgniter.php(368): CodeIgniter\CodeIgniter->handleRequest(null, Object(Config\Cache), false)
 4 FCPATH\index.php(67): CodeIgniter\CodeIgniter->run()
CRITICAL - 2023-12-12 08:26:04 --> Class "Picqer\Barcode\BarcodeGeneratorJPG" not found
in APPPATH\Controllers\Generate_barcode.php on line 73.
 1 SYSTEMPATH\CodeIgniter.php(934): App\Controllers\Generate_barcode->index()
 2 SYSTEMPATH\CodeIgniter.php(499): CodeIgniter\CodeIgniter->runController(Object(App\Controllers\Generate_barcode))
 3 SYSTEMPATH\CodeIgniter.php(368): CodeIgniter\CodeIgniter->handleRequest(null, Object(Config\Cache), false)
 4 FCPATH\index.php(67): CodeIgniter\CodeIgniter->run()
CRITICAL - 2023-12-12 08:27:43 --> Class "Picqer\Barcode\BarcodeGeneratorJPG" not found
in APPPATH\Controllers\Generate_barcode.php on line 73.
 1 SYSTEMPATH\CodeIgniter.php(934): App\Controllers\Generate_barcode->index()
 2 SYSTEMPATH\CodeIgniter.php(499): CodeIgniter\CodeIgniter->runController(Object(App\Controllers\Generate_barcode))
 3 SYSTEMPATH\CodeIgniter.php(368): CodeIgniter\CodeIgniter->handleRequest(null, Object(Config\Cache), false)
 4 FCPATH\index.php(67): CodeIgniter\CodeIgniter->run()
