CRITICAL - 2023-09-21 04:01:45 --> Cannot redeclare App\Controllers\Reports::index()
in APPPATH\Controllers\Reports.php on line 120.
 1 [internal function]: CodeIgniter\Debug\Exceptions->shutdownHandler()
CRITICAL - 2023-09-21 04:02:19 --> Invalid file: "reports/day_book_beta.php"
in SYSTEMPATH\Exceptions\FrameworkException.php on line 33.
 1 SYSTEMPATH\View\View.php(201): CodeIgniter\Exceptions\FrameworkException::forInvalidFile('reports/day_book_beta.php')
 2 SYSTEMPATH\Common.php(1184): CodeIgniter\View\View->render('reports/day_book_beta', [], true)
 3 APPPATH\Controllers\Reports.php(208): view('reports/day_book_beta', [...])
 4 SYSTEMPATH\CodeIgniter.php(934): App\Controllers\Reports->day_book_beta()
 5 SYSTEMPATH\CodeIgniter.php(499): CodeIgniter\CodeIgniter->runController(Object(App\Controllers\Reports))
 6 SYSTEMPATH\CodeIgniter.php(368): CodeIgniter\CodeIgniter->handleRequest(null, Object(Config\Cache), false)
 7 FCPATH\index.php(67): CodeIgniter\CodeIgniter->run()
CRITICAL - 2023-09-21 05:35:31 --> Undefined variable $tdb_date1
in APPPATH\Views\reports\day_book_beta.php on line 191.
 1 APPPATH\Views\reports\day_book_beta.php(191): CodeIgniter\Debug\Exceptions->errorHandler(2, 'Undefined variable $tdb_date1', 'APPPATH\\Views\\reports\\day_book_beta.php', 191)
 2 SYSTEMPATH\View\View.php(213): include('APPPATH\\Views\\reports\\day_book_beta.php')
 3 SYSTEMPATH\View\View.php(216): CodeIgniter\View\View->CodeIgniter\View\{closure}()
 4 SYSTEMPATH\Common.php(1184): CodeIgniter\View\View->render('reports/day_book_beta', [], true)
 5 APPPATH\Controllers\Reports.php(208): view('reports/day_book_beta', [...])
 6 SYSTEMPATH\CodeIgniter.php(934): App\Controllers\Reports->day_book_beta()
 7 SYSTEMPATH\CodeIgniter.php(499): CodeIgniter\CodeIgniter->runController(Object(App\Controllers\Reports))
 8 SYSTEMPATH\CodeIgniter.php(368): CodeIgniter\CodeIgniter->handleRequest(null, Object(Config\Cache), false)
 9 FCPATH\index.php(67): CodeIgniter\CodeIgniter->run()
CRITICAL - 2023-09-21 05:56:54 --> Undefined variable $db
in APPPATH\Views\reports\day_book_beta.php on line 128.
 1 APPPATH\Views\reports\day_book_beta.php(128): CodeIgniter\Debug\Exceptions->errorHandler(2, 'Undefined variable $db', 'APPPATH\\Views\\reports\\day_book_beta.php', 128)
 2 SYSTEMPATH\View\View.php(213): include('APPPATH\\Views\\reports\\day_book_beta.php')
 3 SYSTEMPATH\View\View.php(216): CodeIgniter\View\View->CodeIgniter\View\{closure}()
 4 SYSTEMPATH\Common.php(1184): CodeIgniter\View\View->render('reports/day_book_beta', [], true)
 5 APPPATH\Controllers\Reports.php(208): view('reports/day_book_beta', [...])
 6 SYSTEMPATH\CodeIgniter.php(934): App\Controllers\Reports->day_book_beta()
 7 SYSTEMPATH\CodeIgniter.php(499): CodeIgniter\CodeIgniter->runController(Object(App\Controllers\Reports))
 8 SYSTEMPATH\CodeIgniter.php(368): CodeIgniter\CodeIgniter->handleRequest(null, Object(Config\Cache), false)
 9 FCPATH\index.php(67): CodeIgniter\CodeIgniter->run()
CRITICAL - 2023-09-21 05:59:42 --> Undefined variable $db
in APPPATH\Views\reports\day_book_beta.php on line 128.
 1 APPPATH\Views\reports\day_book_beta.php(128): CodeIgniter\Debug\Exceptions->errorHandler(2, 'Undefined variable $db', 'APPPATH\\Views\\reports\\day_book_beta.php', 128)
 2 SYSTEMPATH\View\View.php(213): include('APPPATH\\Views\\reports\\day_book_beta.php')
 3 SYSTEMPATH\View\View.php(216): CodeIgniter\View\View->CodeIgniter\View\{closure}()
 4 SYSTEMPATH\Common.php(1184): CodeIgniter\View\View->render('reports/day_book_beta', [], true)
 5 APPPATH\Controllers\Reports.php(208): view('reports/day_book_beta', [...])
 6 SYSTEMPATH\CodeIgniter.php(934): App\Controllers\Reports->day_book_beta()
 7 SYSTEMPATH\CodeIgniter.php(499): CodeIgniter\CodeIgniter->runController(Object(App\Controllers\Reports))
 8 SYSTEMPATH\CodeIgniter.php(368): CodeIgniter\CodeIgniter->handleRequest(null, Object(Config\Cache), false)
 9 FCPATH\index.php(67): CodeIgniter\CodeIgniter->run()
CRITICAL - 2023-09-21 05:59:56 --> Array to string conversion
in APPPATH\Views\reports\day_book_beta.php on line 130.
 1 APPPATH\Views\reports\day_book_beta.php(130): CodeIgniter\Debug\Exceptions->errorHandler(2, 'Array to string conversion', 'APPPATH\\Views\\reports\\day_book_beta.php', 130)
 2 SYSTEMPATH\View\View.php(213): include('APPPATH\\Views\\reports\\day_book_beta.php')
 3 SYSTEMPATH\View\View.php(216): CodeIgniter\View\View->CodeIgniter\View\{closure}()
 4 SYSTEMPATH\Common.php(1184): CodeIgniter\View\View->render('reports/day_book_beta', [], true)
 5 APPPATH\Controllers\Reports.php(208): view('reports/day_book_beta', [...])
 6 SYSTEMPATH\CodeIgniter.php(934): App\Controllers\Reports->day_book_beta()
 7 SYSTEMPATH\CodeIgniter.php(499): CodeIgniter\CodeIgniter->runController(Object(App\Controllers\Reports))
 8 SYSTEMPATH\CodeIgniter.php(368): CodeIgniter\CodeIgniter->handleRequest(null, Object(Config\Cache), false)
 9 FCPATH\index.php(67): CodeIgniter\CodeIgniter->run()
CRITICAL - 2023-09-21 06:25:33 --> Undefined array key "datetime"
in APPPATH\Views\reports\day_book_beta.php on line 129.
 1 APPPATH\Views\reports\day_book_beta.php(129): CodeIgniter\Debug\Exceptions->errorHandler(2, 'Undefined array key "datetime"', 'APPPATH\\Views\\reports\\day_book_beta.php', 129)
 2 SYSTEMPATH\View\View.php(213): include('APPPATH\\Views\\reports\\day_book_beta.php')
 3 SYSTEMPATH\View\View.php(216): CodeIgniter\View\View->CodeIgniter\View\{closure}()
 4 SYSTEMPATH\Common.php(1184): CodeIgniter\View\View->render('reports/day_book_beta', [], true)
 5 APPPATH\Controllers\Reports.php(208): view('reports/day_book_beta', [...])
 6 SYSTEMPATH\CodeIgniter.php(934): App\Controllers\Reports->day_book_beta()
 7 SYSTEMPATH\CodeIgniter.php(499): CodeIgniter\CodeIgniter->runController(Object(App\Controllers\Reports))
 8 SYSTEMPATH\CodeIgniter.php(368): CodeIgniter\CodeIgniter->handleRequest(null, Object(Config\Cache), false)
 9 FCPATH\index.php(67): CodeIgniter\CodeIgniter->run()
CRITICAL - 2023-09-21 06:27:16 --> Undefined array key "datetime"
in APPPATH\Views\reports\day_book_beta.php on line 129.
 1 APPPATH\Views\reports\day_book_beta.php(129): CodeIgniter\Debug\Exceptions->errorHandler(2, 'Undefined array key "datetime"', 'APPPATH\\Views\\reports\\day_book_beta.php', 129)
 2 SYSTEMPATH\View\View.php(213): include('APPPATH\\Views\\reports\\day_book_beta.php')
 3 SYSTEMPATH\View\View.php(216): CodeIgniter\View\View->CodeIgniter\View\{closure}()
 4 SYSTEMPATH\Common.php(1184): CodeIgniter\View\View->render('reports/day_book_beta', [], true)
 5 APPPATH\Controllers\Reports.php(208): view('reports/day_book_beta', [...])
 6 SYSTEMPATH\CodeIgniter.php(934): App\Controllers\Reports->day_book_beta()
 7 SYSTEMPATH\CodeIgniter.php(499): CodeIgniter\CodeIgniter->runController(Object(App\Controllers\Reports))
 8 SYSTEMPATH\CodeIgniter.php(368): CodeIgniter\CodeIgniter->handleRequest(null, Object(Config\Cache), false)
 9 FCPATH\index.php(67): CodeIgniter\CodeIgniter->run()
