CRITICAL - 2024-05-23 06:04:02 --> Call to undefined function is_appoinments()
in APPPATH\Views\dashboard.php on line 86.
 1 SYSTEMPATH\View\View.php(213): include()
 2 SYSTEMPATH\View\View.php(216): CodeIgniter\View\View->CodeIgniter\View\{closure}()
 3 SYSTEMPATH\Common.php(1184): CodeIgniter\View\View->render('dashboard', [], true)
 4 APPPATH\Controllers\Home.php(140): view('dashboard')
 5 SYSTEMPATH\CodeIgniter.php(934): App\Controllers\Home->index()
 6 SYSTEMPATH\CodeIgniter.php(499): CodeIgniter\CodeIgniter->runController(Object(App\Controllers\Home))
 7 SYSTEMPATH\CodeIgniter.php(368): CodeIgniter\CodeIgniter->handleRequest(null, Object(Config\Cache), false)
 8 FCPATH\index.php(67): CodeIgniter\CodeIgniter->run()
CRITICAL - 2024-05-23 06:04:19 --> Call to undefined function is_doctor_appoinment()
in APPPATH\Views\dashboard.php on line 87.
 1 SYSTEMPATH\View\View.php(213): include()
 2 SYSTEMPATH\View\View.php(216): CodeIgniter\View\View->CodeIgniter\View\{closure}()
 3 SYSTEMPATH\Common.php(1184): CodeIgniter\View\View->render('dashboard', [], true)
 4 APPPATH\Controllers\Home.php(140): view('dashboard')
 5 SYSTEMPATH\CodeIgniter.php(934): App\Controllers\Home->index()
 6 SYSTEMPATH\CodeIgniter.php(499): CodeIgniter\CodeIgniter->runController(Object(App\Controllers\Home))
 7 SYSTEMPATH\CodeIgniter.php(368): CodeIgniter\CodeIgniter->handleRequest(null, Object(Config\Cache), false)
 8 FCPATH\index.php(67): CodeIgniter\CodeIgniter->run()
CRITICAL - 2024-05-23 10:19:35 --> Undefined variable $pager
in APPPATH\Views\appointments\appointments_index.php on line 119.
 1 APPPATH\Views\appointments\appointments_index.php(119): CodeIgniter\Debug\Exceptions->errorHandler(2, 'Undefined variable $pager', 'APPPATH\\Views\\appointments\\appointments_index.php', 119)
 2 SYSTEMPATH\View\View.php(213): include('APPPATH\\Views\\appointments\\appointments_index.php')
 3 SYSTEMPATH\View\View.php(216): CodeIgniter\View\View->CodeIgniter\View\{closure}()
 4 SYSTEMPATH\Common.php(1184): CodeIgniter\View\View->render('appointments/appointments_index', [], true)
 5 APPPATH\Controllers\Appoinments.php(39): view('appointments/appointments_index', [...])
 6 SYSTEMPATH\CodeIgniter.php(934): App\Controllers\Appoinments->index()
 7 SYSTEMPATH\CodeIgniter.php(499): CodeIgniter\CodeIgniter->runController(Object(App\Controllers\Appoinments))
 8 SYSTEMPATH\CodeIgniter.php(368): CodeIgniter\CodeIgniter->handleRequest(null, Object(Config\Cache), false)
 9 FCPATH\index.php(67): CodeIgniter\CodeIgniter->run()
CRITICAL - 2024-05-23 11:03:43 --> foreach() argument must be of type array|object, null given
in APPPATH\Views\appointments\appointments_index.php on line 153.
 1 APPPATH\Views\appointments\appointments_index.php(153): CodeIgniter\Debug\Exceptions->errorHandler(2, 'foreach() argument must be of type array|object, null given', 'APPPATH\\Views\\appointments\\appointments_index.php', 153)
 2 SYSTEMPATH\View\View.php(213): include('APPPATH\\Views\\appointments\\appointments_index.php')
 3 SYSTEMPATH\View\View.php(216): CodeIgniter\View\View->CodeIgniter\View\{closure}()
 4 SYSTEMPATH\Common.php(1184): CodeIgniter\View\View->render('appointments/appointments_index', [], true)
 5 APPPATH\Controllers\Appoinments.php(39): view('appointments/appointments_index', [...])
 6 SYSTEMPATH\CodeIgniter.php(934): App\Controllers\Appoinments->index()
 7 SYSTEMPATH\CodeIgniter.php(499): CodeIgniter\CodeIgniter->runController(Object(App\Controllers\Appoinments))
 8 SYSTEMPATH\CodeIgniter.php(368): CodeIgniter\CodeIgniter->handleRequest(null, Object(Config\Cache), false)
 9 FCPATH\index.php(67): CodeIgniter\CodeIgniter->run()
CRITICAL - 2024-05-23 11:10:44 --> Undefined array key "image"
in APPPATH\Views\appointments\appointments_index.php on line 164.
 1 APPPATH\Views\appointments\appointments_index.php(164): CodeIgniter\Debug\Exceptions->errorHandler(2, 'Undefined array key "image"', 'APPPATH\\Views\\appointments\\appointments_index.php', 164)
 2 SYSTEMPATH\View\View.php(213): include('APPPATH\\Views\\appointments\\appointments_index.php')
 3 SYSTEMPATH\View\View.php(216): CodeIgniter\View\View->CodeIgniter\View\{closure}()
 4 SYSTEMPATH\Common.php(1184): CodeIgniter\View\View->render('appointments/appointments_index', [], true)
 5 APPPATH\Controllers\Appoinments.php(39): view('appointments/appointments_index', [...])
 6 SYSTEMPATH\CodeIgniter.php(934): App\Controllers\Appoinments->index()
 7 SYSTEMPATH\CodeIgniter.php(499): CodeIgniter\CodeIgniter->runController(Object(App\Controllers\Appoinments))
 8 SYSTEMPATH\CodeIgniter.php(368): CodeIgniter\CodeIgniter->handleRequest(null, Object(Config\Cache), false)
 9 FCPATH\index.php(67): CodeIgniter\CodeIgniter->run()
CRITICAL - 2024-05-23 11:11:00 --> Undefined array key "url"
in APPPATH\Views\appointments\appointments_index.php on line 164.
 1 APPPATH\Views\appointments\appointments_index.php(164): CodeIgniter\Debug\Exceptions->errorHandler(2, 'Undefined array key "url"', 'APPPATH\\Views\\appointments\\appointments_index.php', 164)
 2 SYSTEMPATH\View\View.php(213): include('APPPATH\\Views\\appointments\\appointments_index.php')
 3 SYSTEMPATH\View\View.php(216): CodeIgniter\View\View->CodeIgniter\View\{closure}()
 4 SYSTEMPATH\Common.php(1184): CodeIgniter\View\View->render('appointments/appointments_index', [], true)
 5 APPPATH\Controllers\Appoinments.php(39): view('appointments/appointments_index', [...])
 6 SYSTEMPATH\CodeIgniter.php(934): App\Controllers\Appoinments->index()
 7 SYSTEMPATH\CodeIgniter.php(499): CodeIgniter\CodeIgniter->runController(Object(App\Controllers\Appoinments))
 8 SYSTEMPATH\CodeIgniter.php(368): CodeIgniter\CodeIgniter->handleRequest(null, Object(Config\Cache), false)
 9 FCPATH\index.php(67): CodeIgniter\CodeIgniter->run()
CRITICAL - 2024-05-23 11:50:19 --> Undefined variable $slno
in APPPATH\Views\appointments\appointments_index.php on line 151.
 1 APPPATH\Views\appointments\appointments_index.php(151): CodeIgniter\Debug\Exceptions->errorHandler(2, 'Undefined variable $slno', 'APPPATH\\Views\\appointments\\appointments_index.php', 151)
 2 SYSTEMPATH\View\View.php(213): include('APPPATH\\Views\\appointments\\appointments_index.php')
 3 SYSTEMPATH\View\View.php(216): CodeIgniter\View\View->CodeIgniter\View\{closure}()
 4 SYSTEMPATH\Common.php(1184): CodeIgniter\View\View->render('appointments/appointments_index', [], true)
 5 APPPATH\Controllers\Appoinments.php(39): view('appointments/appointments_index', [...])
 6 SYSTEMPATH\CodeIgniter.php(934): App\Controllers\Appoinments->index()
 7 SYSTEMPATH\CodeIgniter.php(499): CodeIgniter\CodeIgniter->runController(Object(App\Controllers\Appoinments))
 8 SYSTEMPATH\CodeIgniter.php(368): CodeIgniter\CodeIgniter->handleRequest(null, Object(Config\Cache), false)
 9 FCPATH\index.php(67): CodeIgniter\CodeIgniter->run()
