CRITICAL - 2024-08-30 05:18:22 --> Undefined variable $customer
in APPPATH\Views\cheque-management\cheque_index.php on line 156.
 1 APPPATH\Views\cheque-management\cheque_index.php(156): CodeIgniter\Debug\Exceptions->errorHandler(2, 'Undefined variable $customer', 'APPPATH\\Views\\cheque-management\\cheque_index.php', 156)
 2 SYSTEMPATH\View\View.php(213): include('APPPATH\\Views\\cheque-management\\cheque_index.php')
 3 SYSTEMPATH\View\View.php(216): CodeIgniter\View\View->CodeIgniter\View\{closure}()
 4 SYSTEMPATH\Common.php(1184): CodeIgniter\View\View->render('cheque-management/cheque_index', [], true)
 5 APPPATH\Controllers\Cheque_management.php(97): view('cheque-management/cheque_index')
 6 SYSTEMPATH\CodeIgniter.php(934): App\Controllers\Cheque_management->index()
 7 SYSTEMPATH\CodeIgniter.php(499): CodeIgniter\CodeIgniter->runController(Object(App\Controllers\Cheque_management))
 8 SYSTEMPATH\CodeIgniter.php(368): CodeIgniter\CodeIgniter->handleRequest(null, Object(Config\Cache), false)
 9 FCPATH\index.php(67): CodeIgniter\CodeIgniter->run()
CRITICAL - 2024-08-30 06:14:59 --> Undefined array key "cheque_customer"
in APPPATH\Views\cheque-management\cheque_index.php on line 353.
 1 APPPATH\Views\cheque-management\cheque_index.php(353): CodeIgniter\Debug\Exceptions->errorHandler(2, 'Undefined array key "cheque_customer"', 'APPPATH\\Views\\cheque-management\\cheque_index.php', 353)
 2 SYSTEMPATH\View\View.php(213): include('APPPATH\\Views\\cheque-management\\cheque_index.php')
 3 SYSTEMPATH\View\View.php(216): CodeIgniter\View\View->CodeIgniter\View\{closure}()
 4 SYSTEMPATH\Common.php(1184): CodeIgniter\View\View->render('cheque-management/cheque_index', [], true)
 5 APPPATH\Controllers\Cheque_management.php(97): view('cheque-management/cheque_index')
 6 SYSTEMPATH\CodeIgniter.php(934): App\Controllers\Cheque_management->index()
 7 SYSTEMPATH\CodeIgniter.php(499): CodeIgniter\CodeIgniter->runController(Object(App\Controllers\Cheque_management))
 8 SYSTEMPATH\CodeIgniter.php(368): CodeIgniter\CodeIgniter->handleRequest(null, Object(Config\Cache), false)
 9 FCPATH\index.php(67): CodeIgniter\CodeIgniter->run()
