CRITICAL - 2024-05-10 05:45:41 --> Undefined variable $cmp
in APPPATH\Views\invoices\invoice_designs\invoice_html-5.php on line 101.
 1 APPPATH\Views\invoices\invoice_designs\invoice_html-5.php(101): CodeIgniter\Debug\Exceptions->errorHandler(2, 'Undefined variable $cmp', 'APPPATH\\Views\\invoices\\invoice_designs\\invoice_html-5.php', 101)
 2 SYSTEMPATH\View\View.php(213): include('APPPATH\\Views\\invoices\\invoice_designs\\invoice_html-5.php')
 3 SYSTEMPATH\View\View.php(216): CodeIgniter\View\View->CodeIgniter\View\{closure}()
 4 SYSTEMPATH\Common.php(1184): CodeIgniter\View\View->render('invoices/invoice_designs/invoice_html-5', [], true)
 5 APPPATH\Controllers\Invoices.php(462): view('invoices/invoice_designs/invoice_html-5', [...])
 6 SYSTEMPATH\CodeIgniter.php(934): App\Controllers\Invoices->get_invoice_pdf('21', 'view')
 7 SYSTEMPATH\CodeIgniter.php(499): CodeIgniter\CodeIgniter->runController(Object(App\Controllers\Invoices))
 8 SYSTEMPATH\CodeIgniter.php(368): CodeIgniter\CodeIgniter->handleRequest(null, Object(Config\Cache), false)
 9 FCPATH\index.php(67): CodeIgniter\CodeIgniter->run()
CRITICAL - 2024-05-10 05:46:19 --> syntax error, unexpected token "endif"
in APPPATH\Views\invoices\invoice_designs\invoice_html-5.php on line 105.
 1 SYSTEMPATH\View\View.php(216): CodeIgniter\View\View->CodeIgniter\View\{closure}()
 2 SYSTEMPATH\Common.php(1184): CodeIgniter\View\View->render('invoices/invoice_designs/invoice_html-5', [], true)
 3 APPPATH\Controllers\Invoices.php(462): view('invoices/invoice_designs/invoice_html-5', [...])
 4 SYSTEMPATH\CodeIgniter.php(934): App\Controllers\Invoices->get_invoice_pdf('21', 'view')
 5 SYSTEMPATH\CodeIgniter.php(499): CodeIgniter\CodeIgniter->runController(Object(App\Controllers\Invoices))
 6 SYSTEMPATH\CodeIgniter.php(368): CodeIgniter\CodeIgniter->handleRequest(null, Object(Config\Cache), false)
 7 FCPATH\index.php(67): CodeIgniter\CodeIgniter->run()
CRITICAL - 2024-05-10 06:02:53 --> Undefined variable $company_name
in APPPATH\Views\invoices\invoice_designs\invoice_html-5.php on line 189.
 1 APPPATH\Views\invoices\invoice_designs\invoice_html-5.php(189): CodeIgniter\Debug\Exceptions->errorHandler(2, 'Undefined variable $company_name', 'APPPATH\\Views\\invoices\\invoice_designs\\invoice_html-5.php', 189)
 2 SYSTEMPATH\View\View.php(213): include('APPPATH\\Views\\invoices\\invoice_designs\\invoice_html-5.php')
 3 SYSTEMPATH\View\View.php(216): CodeIgniter\View\View->CodeIgniter\View\{closure}()
 4 SYSTEMPATH\Common.php(1184): CodeIgniter\View\View->render('invoices/invoice_designs/invoice_html-5', [], true)
 5 APPPATH\Controllers\Invoices.php(462): view('invoices/invoice_designs/invoice_html-5', [...])
 6 SYSTEMPATH\CodeIgniter.php(934): App\Controllers\Invoices->get_invoice_pdf('21', 'view')
 7 SYSTEMPATH\CodeIgniter.php(499): CodeIgniter\CodeIgniter->runController(Object(App\Controllers\Invoices))
 8 SYSTEMPATH\CodeIgniter.php(368): CodeIgniter\CodeIgniter->handleRequest(null, Object(Config\Cache), false)
 9 FCPATH\index.php(67): CodeIgniter\CodeIgniter->run()
CRITICAL - 2024-05-10 06:35:16 --> syntax error, unexpected string content "", expecting "-" or identifier or variable or number
in APPPATH\Views\invoices\invoice_designs\invoice_html-5.php on line 9.
 1 SYSTEMPATH\View\View.php(216): CodeIgniter\View\View->CodeIgniter\View\{closure}()
 2 SYSTEMPATH\Common.php(1184): CodeIgniter\View\View->render('invoices/invoice_designs/invoice_html-5', [], true)
 3 APPPATH\Controllers\Invoices.php(462): view('invoices/invoice_designs/invoice_html-5', [...])
 4 SYSTEMPATH\CodeIgniter.php(934): App\Controllers\Invoices->get_invoice_pdf('21', 'view')
 5 SYSTEMPATH\CodeIgniter.php(499): CodeIgniter\CodeIgniter->runController(Object(App\Controllers\Invoices))
 6 SYSTEMPATH\CodeIgniter.php(368): CodeIgniter\CodeIgniter->handleRequest(null, Object(Config\Cache), false)
 7 FCPATH\index.php(67): CodeIgniter\CodeIgniter->run()
CRITICAL - 2024-05-10 06:36:03 --> Undefined variable $lighterColor
in APPPATH\Views\invoices\invoice_designs\invoice_html-5.php on line 32.
 1 APPPATH\Views\invoices\invoice_designs\invoice_html-5.php(32): CodeIgniter\Debug\Exceptions->errorHandler(2, 'Undefined variable $lighterColor', 'APPPATH\\Views\\invoices\\invoice_designs\\invoice_html-5.php', 32)
 2 SYSTEMPATH\View\View.php(213): include('APPPATH\\Views\\invoices\\invoice_designs\\invoice_html-5.php')
 3 SYSTEMPATH\View\View.php(216): CodeIgniter\View\View->CodeIgniter\View\{closure}()
 4 SYSTEMPATH\Common.php(1184): CodeIgniter\View\View->render('invoices/invoice_designs/invoice_html-5', [], true)
 5 APPPATH\Controllers\Invoices.php(462): view('invoices/invoice_designs/invoice_html-5', [...])
 6 SYSTEMPATH\CodeIgniter.php(934): App\Controllers\Invoices->get_invoice_pdf('21', 'view')
 7 SYSTEMPATH\CodeIgniter.php(499): CodeIgniter\CodeIgniter->runController(Object(App\Controllers\Invoices))
 8 SYSTEMPATH\CodeIgniter.php(368): CodeIgniter\CodeIgniter->handleRequest(null, Object(Config\Cache), false)
 9 FCPATH\index.php(67): CodeIgniter\CodeIgniter->run()
CRITICAL - 2024-05-10 06:47:46 --> Undefined variable $i
in APPPATH\Views\invoices\invoice_designs\invoice_html-5.php on line 382.
 1 APPPATH\Views\invoices\invoice_designs\invoice_html-5.php(382): CodeIgniter\Debug\Exceptions->errorHandler(2, 'Undefined variable $i', 'APPPATH\\Views\\invoices\\invoice_designs\\invoice_html-5.php', 382)
 2 SYSTEMPATH\View\View.php(213): include('APPPATH\\Views\\invoices\\invoice_designs\\invoice_html-5.php')
 3 SYSTEMPATH\View\View.php(216): CodeIgniter\View\View->CodeIgniter\View\{closure}()
 4 SYSTEMPATH\Common.php(1184): CodeIgniter\View\View->render('invoices/invoice_designs/invoice_html-5', [], true)
 5 APPPATH\Controllers\Invoices.php(462): view('invoices/invoice_designs/invoice_html-5', [...])
 6 SYSTEMPATH\CodeIgniter.php(934): App\Controllers\Invoices->get_invoice_pdf('21', 'view')
 7 SYSTEMPATH\CodeIgniter.php(499): CodeIgniter\CodeIgniter->runController(Object(App\Controllers\Invoices))
 8 SYSTEMPATH\CodeIgniter.php(368): CodeIgniter\CodeIgniter->handleRequest(null, Object(Config\Cache), false)
 9 FCPATH\index.php(67): CodeIgniter\CodeIgniter->run()
CRITICAL - 2024-05-10 06:50:29 --> You should provide a barcode string.
in FCPATH\vendor\picqer\php-barcode-generator\src\Types\TypeCode128.php on line 136.
 1 FCPATH\vendor\picqer\php-barcode-generator\src\BarcodeGenerator.php(103): Picqer\Barcode\Types\TypeCode128->getBarcodeData('C:\\xampp\\htdocs\\aitsun-erp')
 2 FCPATH\vendor\picqer\php-barcode-generator\src\BarcodeGeneratorPNG.php(54): Picqer\Barcode\BarcodeGenerator->getBarcodeData('C:\\xampp\\htdocs\\aitsun-erp', 'C128')
 3 APPPATH\Controllers\Generate_barcode.php(81): Picqer\Barcode\BarcodeGeneratorPNG->getBarcode('C:\\xampp\\htdocs\\aitsun-erp', 'C128')
 4 SYSTEMPATH\CodeIgniter.php(934): App\Controllers\Generate_barcode->index()
 5 SYSTEMPATH\CodeIgniter.php(499): CodeIgniter\CodeIgniter->runController(Object(App\Controllers\Generate_barcode))
 6 SYSTEMPATH\CodeIgniter.php(368): CodeIgniter\CodeIgniter->handleRequest(null, Object(Config\Cache), false)
 7 FCPATH\index.php(67): CodeIgniter\CodeIgniter->run()
CRITICAL - 2024-05-10 06:53:06 --> You should provide a barcode string.
in FCPATH\vendor\picqer\php-barcode-generator\src\Types\TypeCode128.php on line 136.
 1 FCPATH\vendor\picqer\php-barcode-generator\src\BarcodeGenerator.php(103): Picqer\Barcode\Types\TypeCode128->getBarcodeData('C:\\xampp\\htdocs\\aitsun-erp')
 2 FCPATH\vendor\picqer\php-barcode-generator\src\BarcodeGeneratorPNG.php(54): Picqer\Barcode\BarcodeGenerator->getBarcodeData('C:\\xampp\\htdocs\\aitsun-erp', 'C128')
 3 APPPATH\Controllers\Generate_barcode.php(81): Picqer\Barcode\BarcodeGeneratorPNG->getBarcode('C:\\xampp\\htdocs\\aitsun-erp', 'C128')
 4 SYSTEMPATH\CodeIgniter.php(934): App\Controllers\Generate_barcode->index()
 5 SYSTEMPATH\CodeIgniter.php(499): CodeIgniter\CodeIgniter->runController(Object(App\Controllers\Generate_barcode))
 6 SYSTEMPATH\CodeIgniter.php(368): CodeIgniter\CodeIgniter->handleRequest(null, Object(Config\Cache), false)
 7 FCPATH\index.php(67): CodeIgniter\CodeIgniter->run()
CRITICAL - 2024-05-10 06:53:56 --> You should provide a barcode string.
in FCPATH\vendor\picqer\php-barcode-generator\src\Types\TypeCode128.php on line 136.
 1 FCPATH\vendor\picqer\php-barcode-generator\src\BarcodeGenerator.php(103): Picqer\Barcode\Types\TypeCode128->getBarcodeData('C:\\xampp\\htdocs\\aitsun-erp')
 2 FCPATH\vendor\picqer\php-barcode-generator\src\BarcodeGeneratorPNG.php(54): Picqer\Barcode\BarcodeGenerator->getBarcodeData('C:\\xampp\\htdocs\\aitsun-erp', 'C128')
 3 APPPATH\Controllers\Generate_barcode.php(81): Picqer\Barcode\BarcodeGeneratorPNG->getBarcode('C:\\xampp\\htdocs\\aitsun-erp', 'C128')
 4 SYSTEMPATH\CodeIgniter.php(934): App\Controllers\Generate_barcode->index()
 5 SYSTEMPATH\CodeIgniter.php(499): CodeIgniter\CodeIgniter->runController(Object(App\Controllers\Generate_barcode))
 6 SYSTEMPATH\CodeIgniter.php(368): CodeIgniter\CodeIgniter->handleRequest(null, Object(Config\Cache), false)
 7 FCPATH\index.php(67): CodeIgniter\CodeIgniter->run()
CRITICAL - 2024-05-10 06:54:13 --> You should provide a barcode string.
in FCPATH\vendor\picqer\php-barcode-generator\src\Types\TypeCode128.php on line 136.
 1 FCPATH\vendor\picqer\php-barcode-generator\src\BarcodeGenerator.php(103): Picqer\Barcode\Types\TypeCode128->getBarcodeData('C:\\xampp\\htdocs\\aitsun-erp')
 2 FCPATH\vendor\picqer\php-barcode-generator\src\BarcodeGeneratorPNG.php(54): Picqer\Barcode\BarcodeGenerator->getBarcodeData('C:\\xampp\\htdocs\\aitsun-erp', 'C128')
 3 APPPATH\Controllers\Generate_barcode.php(81): Picqer\Barcode\BarcodeGeneratorPNG->getBarcode('C:\\xampp\\htdocs\\aitsun-erp', 'C128')
 4 SYSTEMPATH\CodeIgniter.php(934): App\Controllers\Generate_barcode->index()
 5 SYSTEMPATH\CodeIgniter.php(499): CodeIgniter\CodeIgniter->runController(Object(App\Controllers\Generate_barcode))
 6 SYSTEMPATH\CodeIgniter.php(368): CodeIgniter\CodeIgniter->handleRequest(null, Object(Config\Cache), false)
 7 FCPATH\index.php(67): CodeIgniter\CodeIgniter->run()
CRITICAL - 2024-05-10 08:26:42 --> You should provide a barcode string.
in FCPATH\vendor\picqer\php-barcode-generator\src\Types\TypeCode128.php on line 136.
 1 FCPATH\vendor\picqer\php-barcode-generator\src\BarcodeGenerator.php(103): Picqer\Barcode\Types\TypeCode128->getBarcodeData('C:\\xampp\\htdocs\\aitsun-erp')
 2 FCPATH\vendor\picqer\php-barcode-generator\src\BarcodeGeneratorPNG.php(54): Picqer\Barcode\BarcodeGenerator->getBarcodeData('C:\\xampp\\htdocs\\aitsun-erp', 'C128')
 3 APPPATH\Controllers\Generate_barcode.php(81): Picqer\Barcode\BarcodeGeneratorPNG->getBarcode('C:\\xampp\\htdocs\\aitsun-erp', 'C128')
 4 SYSTEMPATH\CodeIgniter.php(934): App\Controllers\Generate_barcode->index()
 5 SYSTEMPATH\CodeIgniter.php(499): CodeIgniter\CodeIgniter->runController(Object(App\Controllers\Generate_barcode))
 6 SYSTEMPATH\CodeIgniter.php(368): CodeIgniter\CodeIgniter->handleRequest(null, Object(Config\Cache), false)
 7 FCPATH\index.php(67): CodeIgniter\CodeIgniter->run()
CRITICAL - 2024-05-10 08:40:33 --> Undefined array key "declaration"
in APPPATH\Helpers\apanel_helper.php on line 591.
 1 APPPATH\Helpers\apanel_helper.php(591): CodeIgniter\Debug\Exceptions->errorHandler(2, 'Undefined array key "declaration"', 'APPPATH\\Helpers\\apanel_helper.php', 591)
 2 APPPATH\Views\invoices\invoice_designs\invoice_html-5.php(656): get_invoicesetting('1', 'sales_quotation', 'declaration')
 3 SYSTEMPATH\View\View.php(213): include('APPPATH\\Views\\invoices\\invoice_designs\\invoice_html-5.php')
 4 SYSTEMPATH\View\View.php(216): CodeIgniter\View\View->CodeIgniter\View\{closure}()
 5 SYSTEMPATH\Common.php(1184): CodeIgniter\View\View->render('invoices/invoice_designs/invoice_html-5', [], true)
 6 APPPATH\Controllers\Invoices.php(462): view('invoices/invoice_designs/invoice_html-5', [...])
 7 SYSTEMPATH\CodeIgniter.php(934): App\Controllers\Invoices->get_invoice_pdf('22', 'view')
 8 SYSTEMPATH\CodeIgniter.php(499): CodeIgniter\CodeIgniter->runController(Object(App\Controllers\Invoices))
 9 SYSTEMPATH\CodeIgniter.php(368): CodeIgniter\CodeIgniter->handleRequest(null, Object(Config\Cache), false)
10 FCPATH\index.php(67): CodeIgniter\CodeIgniter->run()
CRITICAL - 2024-05-10 08:42:13 --> Undefined array key "show_invoice_declaration"
in APPPATH\Helpers\apanel_helper.php on line 591.
 1 APPPATH\Helpers\apanel_helper.php(591): CodeIgniter\Debug\Exceptions->errorHandler(2, 'Undefined array key "show_invoice_declaration"', 'APPPATH\\Helpers\\apanel_helper.php', 591)
 2 APPPATH\Views\invoices\invoice_designs\invoice_html-5.php(658): get_invoicesetting('1', 'sales_quotation', 'show_invoice_declaration')
 3 SYSTEMPATH\View\View.php(213): include('APPPATH\\Views\\invoices\\invoice_designs\\invoice_html-5.php')
 4 SYSTEMPATH\View\View.php(216): CodeIgniter\View\View->CodeIgniter\View\{closure}()
 5 SYSTEMPATH\Common.php(1184): CodeIgniter\View\View->render('invoices/invoice_designs/invoice_html-5', [], true)
 6 APPPATH\Controllers\Invoices.php(462): view('invoices/invoice_designs/invoice_html-5', [...])
 7 SYSTEMPATH\CodeIgniter.php(934): App\Controllers\Invoices->get_invoice_pdf('22', 'view')
 8 SYSTEMPATH\CodeIgniter.php(499): CodeIgniter\CodeIgniter->runController(Object(App\Controllers\Invoices))
 9 SYSTEMPATH\CodeIgniter.php(368): CodeIgniter\CodeIgniter->handleRequest(null, Object(Config\Cache), false)
10 FCPATH\index.php(67): CodeIgniter\CodeIgniter->run()
CRITICAL - 2024-05-10 09:39:02 --> The action you requested is not allowed.
in SYSTEMPATH\Security\Security.php on line 306.
 1 SYSTEMPATH\Security\Security.php(306): CodeIgniter\Security\Exceptions\SecurityException::forDisallowedAction()
 2 SYSTEMPATH\Filters\CSRF.php(55): CodeIgniter\Security\Security->verify(Object(CodeIgniter\HTTP\IncomingRequest))
 3 SYSTEMPATH\Filters\Filters.php(173): CodeIgniter\Filters\CSRF->before(Object(CodeIgniter\HTTP\IncomingRequest), null)
 4 SYSTEMPATH\CodeIgniter.php(473): CodeIgniter\Filters\Filters->run('settings/save-organisation/1', 'before')
 5 SYSTEMPATH\CodeIgniter.php(368): CodeIgniter\CodeIgniter->handleRequest(null, Object(Config\Cache), false)
 6 FCPATH\index.php(67): CodeIgniter\CodeIgniter->run()
CRITICAL - 2024-05-10 09:39:10 --> The action you requested is not allowed.
in SYSTEMPATH\Security\Security.php on line 306.
 1 SYSTEMPATH\Security\Security.php(306): CodeIgniter\Security\Exceptions\SecurityException::forDisallowedAction()
 2 SYSTEMPATH\Filters\CSRF.php(55): CodeIgniter\Security\Security->verify(Object(CodeIgniter\HTTP\IncomingRequest))
 3 SYSTEMPATH\Filters\Filters.php(173): CodeIgniter\Filters\CSRF->before(Object(CodeIgniter\HTTP\IncomingRequest), null)
 4 SYSTEMPATH\CodeIgniter.php(473): CodeIgniter\Filters\Filters->run('settings/save-organisation/1', 'before')
 5 SYSTEMPATH\CodeIgniter.php(368): CodeIgniter\CodeIgniter->handleRequest(null, Object(Config\Cache), false)
 6 FCPATH\index.php(67): CodeIgniter\CodeIgniter->run()
ERROR - 2024-05-10 09:48:13 --> mysqli_sql_exception: Table 'aitsun_app_db.main_item_party_table' doesn't exist in C:\xampp\htdocs\aitsun-erp\system\Database\MySQLi\Connection.php:295
Stack trace:
#0 C:\xampp\htdocs\aitsun-erp\system\Database\MySQLi\Connection.php(295): mysqli->query('SELECT *\nFROM `...', 0)
#1 C:\xampp\htdocs\aitsun-erp\system\Database\BaseConnection.php(691): CodeIgniter\Database\MySQLi\Connection->execute('SELECT *\nFROM `...')
#2 C:\xampp\htdocs\aitsun-erp\system\Database\BaseConnection.php(605): CodeIgniter\Database\BaseConnection->simpleQuery('SELECT *\nFROM `...')
#3 C:\xampp\htdocs\aitsun-erp\system\Database\BaseBuilder.php(1616): CodeIgniter\Database\BaseConnection->query('SELECT *\nFROM `...', Array, false)
#4 C:\xampp\htdocs\aitsun-erp\system\Model.php(268): CodeIgniter\Database\BaseBuilder->get()
#5 C:\xampp\htdocs\aitsun-erp\system\BaseModel.php(656): CodeIgniter\Model->doFirst()
#6 C:\xampp\htdocs\aitsun-erp\app\Validation\UserRules.php(10): CodeIgniter\BaseModel->first()
#7 C:\xampp\htdocs\aitsun-erp\system\Validation\Validation.php(312): App\Validation\UserRules->validateUser('12345678', 'email,password', Array, NULL, 'password')
#8 C:\xampp\htdocs\aitsun-erp\system\Validation\Validation.php(170): CodeIgniter\Validation\Validation->processRules('password', 'password', '12345678', Array, Array)
#9 C:\xampp\htdocs\aitsun-erp\system\Controller.php(140): CodeIgniter\Validation\Validation->run()
#10 C:\xampp\htdocs\aitsun-erp\app\Controllers\Users.php(46): CodeIgniter\Controller->validate(Array, Array)
#11 C:\xampp\htdocs\aitsun-erp\system\CodeIgniter.php(934): App\Controllers\Users->login()
#12 C:\xampp\htdocs\aitsun-erp\system\CodeIgniter.php(499): CodeIgniter\CodeIgniter->runController(Object(App\Controllers\Users))
#13 C:\xampp\htdocs\aitsun-erp\system\CodeIgniter.php(368): CodeIgniter\CodeIgniter->handleRequest(NULL, Object(Config\Cache), false)
#14 C:\xampp\htdocs\aitsun-erp\index.php(67): CodeIgniter\CodeIgniter->run()
#15 {main}
CRITICAL - 2024-05-10 09:48:13 --> Table 'aitsun_app_db.main_item_party_table' doesn't exist
in SYSTEMPATH\Database\BaseConnection.php on line 645.
 1 SYSTEMPATH\Database\BaseBuilder.php(1616): CodeIgniter\Database\BaseConnection->query('SELECT *
FROM `main_item_party_table`
WHERE `email` = :email:
AND `deleted` = :deleted:
AND `main_type` = :main_type:
 LIMIT 1', [...], false)
 2 SYSTEMPATH\Model.php(268): CodeIgniter\Database\BaseBuilder->get()
 3 SYSTEMPATH\BaseModel.php(656): CodeIgniter\Model->doFirst()
 4 APPPATH\Validation\UserRules.php(10): CodeIgniter\BaseModel->first()
 5 SYSTEMPATH\Validation\Validation.php(312): App\Validation\UserRules->validateUser('12345678', 'email,password', [...], null, 'password')
 6 SYSTEMPATH\Validation\Validation.php(170): CodeIgniter\Validation\Validation->processRules('password', 'password', '12345678', [...], [...])
 7 SYSTEMPATH\Controller.php(140): CodeIgniter\Validation\Validation->run()
 8 APPPATH\Controllers\Users.php(46): CodeIgniter\Controller->validate([...], [...])
 9 SYSTEMPATH\CodeIgniter.php(934): App\Controllers\Users->login()
10 SYSTEMPATH\CodeIgniter.php(499): CodeIgniter\CodeIgniter->runController(Object(App\Controllers\Users))
11 SYSTEMPATH\CodeIgniter.php(368): CodeIgniter\CodeIgniter->handleRequest(null, Object(Config\Cache), false)
12 FCPATH\index.php(67): CodeIgniter\CodeIgniter->run()
CRITICAL - 2024-05-10 09:58:36 --> You should provide a barcode string.
in FCPATH\vendor\picqer\php-barcode-generator\src\Types\TypeCode128.php on line 136.
 1 FCPATH\vendor\picqer\php-barcode-generator\src\BarcodeGenerator.php(103): Picqer\Barcode\Types\TypeCode128->getBarcodeData('C:\\xampp\\htdocs\\aitsun-erp')
 2 FCPATH\vendor\picqer\php-barcode-generator\src\BarcodeGeneratorPNG.php(54): Picqer\Barcode\BarcodeGenerator->getBarcodeData('C:\\xampp\\htdocs\\aitsun-erp', 'C128')
 3 APPPATH\Controllers\Generate_barcode.php(81): Picqer\Barcode\BarcodeGeneratorPNG->getBarcode('C:\\xampp\\htdocs\\aitsun-erp', 'C128')
 4 SYSTEMPATH\CodeIgniter.php(934): App\Controllers\Generate_barcode->index()
 5 SYSTEMPATH\CodeIgniter.php(499): CodeIgniter\CodeIgniter->runController(Object(App\Controllers\Generate_barcode))
 6 SYSTEMPATH\CodeIgniter.php(368): CodeIgniter\CodeIgniter->handleRequest(null, Object(Config\Cache), false)
 7 FCPATH\index.php(67): CodeIgniter\CodeIgniter->run()
