ERROR - 2024-01-08 11:30:19 --> mysqli_sql_exception: Unknown column 'delete_receipts_and_payments' in 'where clause' in C:\xampp\htdocs\aitsun-erp\system\Database\MySQLi\Connection.php:295
Stack trace:
#0 C:\xampp\htdocs\aitsun-erp\system\Database\MySQLi\Connection.php(295): mysqli->query('SELECT *\nFROM `...', 0)
#1 C:\xampp\htdocs\aitsun-erp\system\Database\BaseConnection.php(691): CodeIgniter\Database\MySQLi\Connection->execute('SELECT *\nFROM `...')
#2 C:\xampp\htdocs\aitsun-erp\system\Database\BaseConnection.php(605): CodeIgniter\Database\BaseConnection->simpleQuery('SELECT *\nFROM `...')
#3 C:\xampp\htdocs\aitsun-erp\system\Database\BaseBuilder.php(1616): CodeIgniter\Database\BaseConnection->query('SELECT *\nFROM `...', Array, false)
#4 C:\xampp\htdocs\aitsun-erp\system\Model.php(241): CodeIgniter\Database\BaseBuilder->get()
#5 C:\xampp\htdocs\aitsun-erp\system\BaseModel.php(618): CodeIgniter\Model->doFindAll(0, 0)
#6 C:\xampp\htdocs\aitsun-erp\app\Helpers\apanel_helper.php(2445): CodeIgniter\BaseModel->findAll()
#7 C:\xampp\htdocs\aitsun-erp\app\Views\user_master\staffs.php(919): check_permission('9902', 'delete_receipts...')
#8 C:\xampp\htdocs\aitsun-erp\system\View\View.php(213): include('C:\\xampp\\htdocs...')
#9 C:\xampp\htdocs\aitsun-erp\system\View\View.php(216): CodeIgniter\View\View->CodeIgniter\View\{closure}()
#10 C:\xampp\htdocs\aitsun-erp\system\Common.php(1184): CodeIgniter\View\View->render('user_master/sta...', Array, true)
#11 C:\xampp\htdocs\aitsun-erp\app\Controllers\User_master.php(63): view('user_master/sta...')
#12 C:\xampp\htdocs\aitsun-erp\system\CodeIgniter.php(934): App\Controllers\User_master->index()
#13 C:\xampp\htdocs\aitsun-erp\system\CodeIgniter.php(499): CodeIgniter\CodeIgniter->runController(Object(App\Controllers\User_master))
#14 C:\xampp\htdocs\aitsun-erp\system\CodeIgniter.php(368): CodeIgniter\CodeIgniter->handleRequest(NULL, Object(Config\Cache), false)
#15 C:\xampp\htdocs\aitsun-erp\index.php(67): CodeIgniter\CodeIgniter->run()
#16 {main}
CRITICAL - 2024-01-08 11:30:19 --> Unknown column 'delete_receipts_and_payments' in 'where clause'
in SYSTEMPATH\Database\BaseConnection.php on line 645.
 1 SYSTEMPATH\Database\BaseBuilder.php(1616): CodeIgniter\Database\BaseConnection->query('SELECT *
FROM `permission_pos`
WHERE `company_id` = :company_id:
AND `user` = :user:
AND `delete_receipts_and_payments` = :delete_receipts_and_payments:', [...], false)
 2 SYSTEMPATH\Model.php(241): CodeIgniter\Database\BaseBuilder->get()
 3 SYSTEMPATH\BaseModel.php(618): CodeIgniter\Model->doFindAll(0, 0)
 4 APPPATH\Helpers\apanel_helper.php(2445): CodeIgniter\BaseModel->findAll()
 5 APPPATH\Views\user_master\staffs.php(919): check_permission('9902', 'delete_receipts_and_payments')
 6 SYSTEMPATH\View\View.php(213): include('APPPATH\\Views\\user_master\\staffs.php')
 7 SYSTEMPATH\View\View.php(216): CodeIgniter\View\View->CodeIgniter\View\{closure}()
 8 SYSTEMPATH\Common.php(1184): CodeIgniter\View\View->render('user_master/staffs', [], true)
 9 APPPATH\Controllers\User_master.php(63): view('user_master/staffs')
10 SYSTEMPATH\CodeIgniter.php(934): App\Controllers\User_master->index()
11 SYSTEMPATH\CodeIgniter.php(499): CodeIgniter\CodeIgniter->runController(Object(App\Controllers\User_master))
12 SYSTEMPATH\CodeIgniter.php(368): CodeIgniter\CodeIgniter->handleRequest(null, Object(Config\Cache), false)
13 FCPATH\index.php(67): CodeIgniter\CodeIgniter->run()
