CRITICAL - 2023-12-14 04:37:01 --> Class "Picqer\Barcode\BarcodeGeneratorJPG" not found
in APPPATH\Controllers\Generate_barcode.php on line 73.
 1 SYSTEMPATH\CodeIgniter.php(934): App\Controllers\Generate_barcode->index()
 2 SYSTEMPATH\CodeIgniter.php(499): CodeIgniter\CodeIgniter->runController(Object(App\Controllers\Generate_barcode))
 3 SYSTEMPATH\CodeIgniter.php(368): CodeIgniter\CodeIgniter->handleRequest(null, Object(Config\Cache), false)
 4 FCPATH\index.php(67): CodeIgniter\CodeIgniter->run()
CRITICAL - 2023-12-14 04:38:43 --> Class "Picqer\Barcode\BarcodeGeneratorJPG" not found
in APPPATH\Controllers\Generate_barcode.php on line 73.
 1 SYSTEMPATH\CodeIgniter.php(934): App\Controllers\Generate_barcode->index()
 2 SYSTEMPATH\CodeIgniter.php(499): CodeIgniter\CodeIgniter->runController(Object(App\Controllers\Generate_barcode))
 3 SYSTEMPATH\CodeIgniter.php(368): CodeIgniter\CodeIgniter->handleRequest(null, Object(Config\Cache), false)
 4 FCPATH\index.php(67): CodeIgniter\CodeIgniter->run()
CRITICAL - 2023-12-14 04:38:48 --> Class "Picqer\Barcode\BarcodeGeneratorJPG" not found
in APPPATH\Controllers\Generate_barcode.php on line 73.
 1 SYSTEMPATH\CodeIgniter.php(934): App\Controllers\Generate_barcode->index()
 2 SYSTEMPATH\CodeIgniter.php(499): CodeIgniter\CodeIgniter->runController(Object(App\Controllers\Generate_barcode))
 3 SYSTEMPATH\CodeIgniter.php(368): CodeIgniter\CodeIgniter->handleRequest(null, Object(Config\Cache), false)
 4 FCPATH\index.php(67): CodeIgniter\CodeIgniter->run()
CRITICAL - 2023-12-14 04:38:52 --> Class "Picqer\Barcode\BarcodeGeneratorJPG" not found
in APPPATH\Controllers\Generate_barcode.php on line 73.
 1 SYSTEMPATH\CodeIgniter.php(934): App\Controllers\Generate_barcode->index()
 2 SYSTEMPATH\CodeIgniter.php(499): CodeIgniter\CodeIgniter->runController(Object(App\Controllers\Generate_barcode))
 3 SYSTEMPATH\CodeIgniter.php(368): CodeIgniter\CodeIgniter->handleRequest(null, Object(Config\Cache), false)
 4 FCPATH\index.php(67): CodeIgniter\CodeIgniter->run()
CRITICAL - 2023-12-14 04:38:59 --> Class "Picqer\Barcode\BarcodeGeneratorJPG" not found
in APPPATH\Controllers\Generate_barcode.php on line 73.
 1 SYSTEMPATH\CodeIgniter.php(934): App\Controllers\Generate_barcode->index()
 2 SYSTEMPATH\CodeIgniter.php(499): CodeIgniter\CodeIgniter->runController(Object(App\Controllers\Generate_barcode))
 3 SYSTEMPATH\CodeIgniter.php(368): CodeIgniter\CodeIgniter->handleRequest(null, Object(Config\Cache), false)
 4 FCPATH\index.php(67): CodeIgniter\CodeIgniter->run()
CRITICAL - 2023-12-14 04:41:15 --> Class "Picqer\Barcode\BarcodeGeneratorJPG" not found
in APPPATH\Controllers\Generate_barcode.php on line 73.
 1 SYSTEMPATH\CodeIgniter.php(934): App\Controllers\Generate_barcode->index()
 2 SYSTEMPATH\CodeIgniter.php(499): CodeIgniter\CodeIgniter->runController(Object(App\Controllers\Generate_barcode))
 3 SYSTEMPATH\CodeIgniter.php(368): CodeIgniter\CodeIgniter->handleRequest(null, Object(Config\Cache), false)
 4 FCPATH\index.php(67): CodeIgniter\CodeIgniter->run()
CRITICAL - 2023-12-14 04:42:55 --> Class "Picqer\Barcode\BarcodeGeneratorJPG" not found
in APPPATH\Controllers\Generate_barcode.php on line 73.
 1 SYSTEMPATH\CodeIgniter.php(934): App\Controllers\Generate_barcode->index()
 2 SYSTEMPATH\CodeIgniter.php(499): CodeIgniter\CodeIgniter->runController(Object(App\Controllers\Generate_barcode))
 3 SYSTEMPATH\CodeIgniter.php(368): CodeIgniter\CodeIgniter->handleRequest(null, Object(Config\Cache), false)
 4 FCPATH\index.php(67): CodeIgniter\CodeIgniter->run()
CRITICAL - 2023-12-14 04:44:16 --> Class "Picqer\Barcode\BarcodeGeneratorJPG" not found
in APPPATH\Controllers\Generate_barcode.php on line 73.
 1 SYSTEMPATH\CodeIgniter.php(934): App\Controllers\Generate_barcode->index()
 2 SYSTEMPATH\CodeIgniter.php(499): CodeIgniter\CodeIgniter->runController(Object(App\Controllers\Generate_barcode))
 3 SYSTEMPATH\CodeIgniter.php(368): CodeIgniter\CodeIgniter->handleRequest(null, Object(Config\Cache), false)
 4 FCPATH\index.php(67): CodeIgniter\CodeIgniter->run()
CRITICAL - 2023-12-14 04:56:40 --> Class "Picqer\Barcode\BarcodeGeneratorJPG" not found
in APPPATH\Controllers\Generate_barcode.php on line 73.
 1 SYSTEMPATH\CodeIgniter.php(934): App\Controllers\Generate_barcode->index()
 2 SYSTEMPATH\CodeIgniter.php(499): CodeIgniter\CodeIgniter->runController(Object(App\Controllers\Generate_barcode))
 3 SYSTEMPATH\CodeIgniter.php(368): CodeIgniter\CodeIgniter->handleRequest(null, Object(Config\Cache), false)
 4 FCPATH\index.php(67): CodeIgniter\CodeIgniter->run()
CRITICAL - 2023-12-14 05:13:57 --> Class "Picqer\Barcode\BarcodeGeneratorJPG" not found
in APPPATH\Controllers\Generate_barcode.php on line 73.
 1 SYSTEMPATH\CodeIgniter.php(934): App\Controllers\Generate_barcode->index()
 2 SYSTEMPATH\CodeIgniter.php(499): CodeIgniter\CodeIgniter->runController(Object(App\Controllers\Generate_barcode))
 3 SYSTEMPATH\CodeIgniter.php(368): CodeIgniter\CodeIgniter->handleRequest(null, Object(Config\Cache), false)
 4 FCPATH\index.php(67): CodeIgniter\CodeIgniter->run()
CRITICAL - 2023-12-14 05:14:10 --> Class "Dompdf\Dompdf" not found
in APPPATH\Controllers\Invoices.php on line 456.
 1 SYSTEMPATH\CodeIgniter.php(934): App\Controllers\Invoices->get_invoice_pdf('42', 'view')
 2 SYSTEMPATH\CodeIgniter.php(499): CodeIgniter\CodeIgniter->runController(Object(App\Controllers\Invoices))
 3 SYSTEMPATH\CodeIgniter.php(368): CodeIgniter\CodeIgniter->handleRequest(null, Object(Config\Cache), false)
 4 FCPATH\index.php(67): CodeIgniter\CodeIgniter->run()
CRITICAL - 2023-12-14 05:14:10 --> Class "Dompdf\Dompdf" not found
in APPPATH\Controllers\Invoices.php on line 456.
 1 SYSTEMPATH\CodeIgniter.php(934): App\Controllers\Invoices->get_invoice_pdf('41', 'view')
 2 SYSTEMPATH\CodeIgniter.php(499): CodeIgniter\CodeIgniter->runController(Object(App\Controllers\Invoices))
 3 SYSTEMPATH\CodeIgniter.php(368): CodeIgniter\CodeIgniter->handleRequest(null, Object(Config\Cache), false)
 4 FCPATH\index.php(67): CodeIgniter\CodeIgniter->run()
CRITICAL - 2023-12-14 05:14:19 --> Class "Dompdf\Dompdf" not found
in APPPATH\Controllers\Invoices.php on line 456.
 1 SYSTEMPATH\CodeIgniter.php(934): App\Controllers\Invoices->get_invoice_pdf('42', 'view')
 2 SYSTEMPATH\CodeIgniter.php(499): CodeIgniter\CodeIgniter->runController(Object(App\Controllers\Invoices))
 3 SYSTEMPATH\CodeIgniter.php(368): CodeIgniter\CodeIgniter->handleRequest(null, Object(Config\Cache), false)
 4 FCPATH\index.php(67): CodeIgniter\CodeIgniter->run()
CRITICAL - 2023-12-14 05:14:35 --> Class "Dompdf\Dompdf" not found
in APPPATH\Controllers\Invoices.php on line 456.
 1 SYSTEMPATH\CodeIgniter.php(934): App\Controllers\Invoices->get_invoice_pdf('41', 'view')
 2 SYSTEMPATH\CodeIgniter.php(499): CodeIgniter\CodeIgniter->runController(Object(App\Controllers\Invoices))
 3 SYSTEMPATH\CodeIgniter.php(368): CodeIgniter\CodeIgniter->handleRequest(null, Object(Config\Cache), false)
 4 FCPATH\index.php(67): CodeIgniter\CodeIgniter->run()
CRITICAL - 2023-12-14 05:17:27 --> Class "Picqer\Barcode\BarcodeGeneratorJPG" not found
in APPPATH\Controllers\Generate_barcode.php on line 73.
 1 SYSTEMPATH\CodeIgniter.php(934): App\Controllers\Generate_barcode->index()
 2 SYSTEMPATH\CodeIgniter.php(499): CodeIgniter\CodeIgniter->runController(Object(App\Controllers\Generate_barcode))
 3 SYSTEMPATH\CodeIgniter.php(368): CodeIgniter\CodeIgniter->handleRequest(null, Object(Config\Cache), false)
 4 FCPATH\index.php(67): CodeIgniter\CodeIgniter->run()
CRITICAL - 2023-12-14 05:37:39 --> Class "Dompdf\Dompdf" not found
in APPPATH\Controllers\Invoices.php on line 456.
 1 SYSTEMPATH\CodeIgniter.php(934): App\Controllers\Invoices->get_invoice_pdf('45', 'view')
 2 SYSTEMPATH\CodeIgniter.php(499): CodeIgniter\CodeIgniter->runController(Object(App\Controllers\Invoices))
 3 SYSTEMPATH\CodeIgniter.php(368): CodeIgniter\CodeIgniter->handleRequest(null, Object(Config\Cache), false)
 4 FCPATH\index.php(67): CodeIgniter\CodeIgniter->run()
CRITICAL - 2023-12-14 05:39:29 --> Class "Picqer\Barcode\BarcodeGeneratorJPG" not found
in APPPATH\Controllers\Generate_barcode.php on line 73.
 1 SYSTEMPATH\CodeIgniter.php(934): App\Controllers\Generate_barcode->index()
 2 SYSTEMPATH\CodeIgniter.php(499): CodeIgniter\CodeIgniter->runController(Object(App\Controllers\Generate_barcode))
 3 SYSTEMPATH\CodeIgniter.php(368): CodeIgniter\CodeIgniter->handleRequest(null, Object(Config\Cache), false)
 4 FCPATH\index.php(67): CodeIgniter\CodeIgniter->run()
CRITICAL - 2023-12-14 05:40:06 --> Undefined array key "price"
in APPPATH\Controllers\Manufacture.php on line 1442.
 1 APPPATH\Controllers\Manufacture.php(1442): CodeIgniter\Debug\Exceptions->errorHandler(2, 'Undefined array key "price"', 'APPPATH\\Controllers\\Manufacture.php', 1442)
 2 SYSTEMPATH\CodeIgniter.php(934): App\Controllers\Manufacture->delete('47')
 3 SYSTEMPATH\CodeIgniter.php(499): CodeIgniter\CodeIgniter->runController(Object(App\Controllers\Manufacture))
 4 SYSTEMPATH\CodeIgniter.php(368): CodeIgniter\CodeIgniter->handleRequest(null, Object(Config\Cache), false)
 5 FCPATH\index.php(67): CodeIgniter\CodeIgniter->run()
CRITICAL - 2023-12-14 05:41:54 --> Class "Picqer\Barcode\BarcodeGeneratorJPG" not found
in APPPATH\Controllers\Generate_barcode.php on line 73.
 1 SYSTEMPATH\CodeIgniter.php(934): App\Controllers\Generate_barcode->index()
 2 SYSTEMPATH\CodeIgniter.php(499): CodeIgniter\CodeIgniter->runController(Object(App\Controllers\Generate_barcode))
 3 SYSTEMPATH\CodeIgniter.php(368): CodeIgniter\CodeIgniter->handleRequest(null, Object(Config\Cache), false)
 4 FCPATH\index.php(67): CodeIgniter\CodeIgniter->run()
CRITICAL - 2023-12-14 05:42:51 --> Class "Dompdf\Dompdf" not found
in APPPATH\Controllers\Invoices.php on line 456.
 1 SYSTEMPATH\CodeIgniter.php(934): App\Controllers\Invoices->get_invoice_pdf('48', 'view')
 2 SYSTEMPATH\CodeIgniter.php(499): CodeIgniter\CodeIgniter->runController(Object(App\Controllers\Invoices))
 3 SYSTEMPATH\CodeIgniter.php(368): CodeIgniter\CodeIgniter->handleRequest(null, Object(Config\Cache), false)
 4 FCPATH\index.php(67): CodeIgniter\CodeIgniter->run()
CRITICAL - 2023-12-14 05:43:02 --> Class "Picqer\Barcode\BarcodeGeneratorJPG" not found
in APPPATH\Controllers\Generate_barcode.php on line 73.
 1 SYSTEMPATH\CodeIgniter.php(934): App\Controllers\Generate_barcode->index()
 2 SYSTEMPATH\CodeIgniter.php(499): CodeIgniter\CodeIgniter->runController(Object(App\Controllers\Generate_barcode))
 3 SYSTEMPATH\CodeIgniter.php(368): CodeIgniter\CodeIgniter->handleRequest(null, Object(Config\Cache), false)
 4 FCPATH\index.php(67): CodeIgniter\CodeIgniter->run()
CRITICAL - 2023-12-14 05:44:03 --> Class "Picqer\Barcode\BarcodeGeneratorJPG" not found
in APPPATH\Controllers\Generate_barcode.php on line 73.
 1 SYSTEMPATH\CodeIgniter.php(934): App\Controllers\Generate_barcode->index()
 2 SYSTEMPATH\CodeIgniter.php(499): CodeIgniter\CodeIgniter->runController(Object(App\Controllers\Generate_barcode))
 3 SYSTEMPATH\CodeIgniter.php(368): CodeIgniter\CodeIgniter->handleRequest(null, Object(Config\Cache), false)
 4 FCPATH\index.php(67): CodeIgniter\CodeIgniter->run()
CRITICAL - 2023-12-14 05:44:07 --> Class "Picqer\Barcode\BarcodeGeneratorJPG" not found
in APPPATH\Controllers\Generate_barcode.php on line 73.
 1 SYSTEMPATH\CodeIgniter.php(934): App\Controllers\Generate_barcode->index()
 2 SYSTEMPATH\CodeIgniter.php(499): CodeIgniter\CodeIgniter->runController(Object(App\Controllers\Generate_barcode))
 3 SYSTEMPATH\CodeIgniter.php(368): CodeIgniter\CodeIgniter->handleRequest(null, Object(Config\Cache), false)
 4 FCPATH\index.php(67): CodeIgniter\CodeIgniter->run()
CRITICAL - 2023-12-14 05:44:15 --> Class "Picqer\Barcode\BarcodeGeneratorJPG" not found
in APPPATH\Controllers\Generate_barcode.php on line 73.
 1 SYSTEMPATH\CodeIgniter.php(934): App\Controllers\Generate_barcode->index()
 2 SYSTEMPATH\CodeIgniter.php(499): CodeIgniter\CodeIgniter->runController(Object(App\Controllers\Generate_barcode))
 3 SYSTEMPATH\CodeIgniter.php(368): CodeIgniter\CodeIgniter->handleRequest(null, Object(Config\Cache), false)
 4 FCPATH\index.php(67): CodeIgniter\CodeIgniter->run()
