CRITICAL - 2024-06-06 04:18:07 --> You should provide a barcode string.
in FCPATH\vendor\picqer\php-barcode-generator\src\Types\TypeCode128.php on line 136.
 1 FCPATH\vendor\picqer\php-barcode-generator\src\BarcodeGenerator.php(103): Picqer\Barcode\Types\TypeCode128->getBarcodeData('C:\\xampp\\htdocs\\aitsun-erp')
 2 FCPATH\vendor\picqer\php-barcode-generator\src\BarcodeGeneratorPNG.php(54): Picqer\Barcode\BarcodeGenerator->getBarcodeData('C:\\xampp\\htdocs\\aitsun-erp', 'C128')
 3 APPPATH\Controllers\Generate_barcode.php(81): Picqer\Barcode\BarcodeGeneratorPNG->getBarcode('C:\\xampp\\htdocs\\aitsun-erp', 'C128')
 4 SYSTEMPATH\CodeIgniter.php(934): App\Controllers\Generate_barcode->index()
 5 SYSTEMPATH\CodeIgniter.php(499): CodeIgniter\CodeIgniter->runController(Object(App\Controllers\Generate_barcode))
 6 SYSTEMPATH\CodeIgniter.php(368): CodeIgniter\CodeIgniter->handleRequest(null, Object(Config\Cache), false)
 7 FCPATH\index.php(67): CodeIgniter\CodeIgniter->run()
CRITICAL - 2024-06-06 05:31:35 --> Undefined variable $time
in APPPATH\Views\invoices\new_create_invoice.php on line 996.
 1 APPPATH\Views\invoices\new_create_invoice.php(996): CodeIgniter\Debug\Exceptions->errorHandler(2, 'Undefined variable $time', 'APPPATH\\Views\\invoices\\new_create_invoice.php', 996)
 2 SYSTEMPATH\View\View.php(213): include('APPPATH\\Views\\invoices\\new_create_invoice.php')
 3 SYSTEMPATH\View\View.php(216): CodeIgniter\View\View->CodeIgniter\View\{closure}()
 4 SYSTEMPATH\Common.php(1184): CodeIgniter\View\View->render('invoices/new_create_invoice', [], true)
 5 APPPATH\Controllers\Invoices.php(803): view('invoices/new_create_invoice', [...])
 6 SYSTEMPATH\CodeIgniter.php(934): App\Controllers\Invoices->create_sales_quotation()
 7 SYSTEMPATH\CodeIgniter.php(499): CodeIgniter\CodeIgniter->runController(Object(App\Controllers\Invoices))
 8 SYSTEMPATH\CodeIgniter.php(368): CodeIgniter\CodeIgniter->handleRequest(null, Object(Config\Cache), false)
 9 FCPATH\index.php(67): CodeIgniter\CodeIgniter->run()
CRITICAL - 2024-06-06 05:32:09 --> Call to a member function add() on bool
in APPPATH\Views\invoices\new_create_invoice.php on line 1001.
 1 SYSTEMPATH\View\View.php(213): include()
 2 SYSTEMPATH\View\View.php(216): CodeIgniter\View\View->CodeIgniter\View\{closure}()
 3 SYSTEMPATH\Common.php(1184): CodeIgniter\View\View->render('invoices/new_create_invoice', [], true)
 4 APPPATH\Controllers\Invoices.php(803): view('invoices/new_create_invoice', [...])
 5 SYSTEMPATH\CodeIgniter.php(934): App\Controllers\Invoices->create_sales_quotation()
 6 SYSTEMPATH\CodeIgniter.php(499): CodeIgniter\CodeIgniter->runController(Object(App\Controllers\Invoices))
 7 SYSTEMPATH\CodeIgniter.php(368): CodeIgniter\CodeIgniter->handleRequest(null, Object(Config\Cache), false)
 8 FCPATH\index.php(67): CodeIgniter\CodeIgniter->run()
CRITICAL - 2024-06-06 06:43:04 --> Undefined array key "retal_duration"
in APPPATH\Views\invoices\new_create_invoice.php on line 1005.
 1 APPPATH\Views\invoices\new_create_invoice.php(1005): CodeIgniter\Debug\Exceptions->errorHandler(2, 'Undefined array key "retal_duration"', 'APPPATH\\Views\\invoices\\new_create_invoice.php', 1005)
 2 SYSTEMPATH\View\View.php(213): include('APPPATH\\Views\\invoices\\new_create_invoice.php')
 3 SYSTEMPATH\View\View.php(216): CodeIgniter\View\View->CodeIgniter\View\{closure}()
 4 SYSTEMPATH\Common.php(1184): CodeIgniter\View\View->render('invoices/new_create_invoice', [], true)
 5 APPPATH\Controllers\Invoices.php(286): view('invoices/new_create_invoice', [...])
 6 SYSTEMPATH\CodeIgniter.php(934): App\Controllers\Invoices->edit('2052')
 7 SYSTEMPATH\CodeIgniter.php(499): CodeIgniter\CodeIgniter->runController(Object(App\Controllers\Invoices))
 8 SYSTEMPATH\CodeIgniter.php(368): CodeIgniter\CodeIgniter->handleRequest(null, Object(Config\Cache), false)
 9 FCPATH\index.php(67): CodeIgniter\CodeIgniter->run()
CRITICAL - 2024-06-06 09:43:07 --> Undefined variable $total_amount
in APPPATH\Views\rental\rental_index.php on line 144.
 1 APPPATH\Views\rental\rental_index.php(144): CodeIgniter\Debug\Exceptions->errorHandler(2, 'Undefined variable $total_amount', 'APPPATH\\Views\\rental\\rental_index.php', 144)
 2 SYSTEMPATH\View\View.php(213): include('APPPATH\\Views\\rental\\rental_index.php')
 3 SYSTEMPATH\View\View.php(216): CodeIgniter\View\View->CodeIgniter\View\{closure}()
 4 SYSTEMPATH\Common.php(1184): CodeIgniter\View\View->render('rental/rental_index', [], true)
 5 APPPATH\Controllers\Rental.php(37): view('rental/rental_index', [...])
 6 SYSTEMPATH\CodeIgniter.php(934): App\Controllers\Rental->index()
 7 SYSTEMPATH\CodeIgniter.php(499): CodeIgniter\CodeIgniter->runController(Object(App\Controllers\Rental))
 8 SYSTEMPATH\CodeIgniter.php(368): CodeIgniter\CodeIgniter->handleRequest(null, Object(Config\Cache), false)
 9 FCPATH\index.php(67): CodeIgniter\CodeIgniter->run()
CRITICAL - 2024-06-06 09:59:58 --> Undefined array key 1
in APPPATH\Helpers\apanel_helper.php on line 151.
 1 APPPATH\Helpers\apanel_helper.php(151): CodeIgniter\Debug\Exceptions->errorHandler(2, 'Undefined array key 1', 'APPPATH\\Helpers\\apanel_helper.php', 151)
 2 APPPATH\Views\rental\rental_index.php(154): duration_in_days('C:\\xampp\\htdocs\\aitsun-erp')
 3 SYSTEMPATH\View\View.php(213): include('APPPATH\\Views\\rental\\rental_index.php')
 4 SYSTEMPATH\View\View.php(216): CodeIgniter\View\View->CodeIgniter\View\{closure}()
 5 SYSTEMPATH\Common.php(1184): CodeIgniter\View\View->render('rental/rental_index', [], true)
 6 APPPATH\Controllers\Rental.php(37): view('rental/rental_index', [...])
 7 SYSTEMPATH\CodeIgniter.php(934): App\Controllers\Rental->index()
 8 SYSTEMPATH\CodeIgniter.php(499): CodeIgniter\CodeIgniter->runController(Object(App\Controllers\Rental))
 9 SYSTEMPATH\CodeIgniter.php(368): CodeIgniter\CodeIgniter->handleRequest(null, Object(Config\Cache), false)
10 FCPATH\index.php(67): CodeIgniter\CodeIgniter->run()
CRITICAL - 2024-06-06 10:08:01 --> syntax error, unexpected token ":", expecting ";"
in APPPATH\Views\rental\rental_index.php on line 161.
 1 SYSTEMPATH\View\View.php(216): CodeIgniter\View\View->CodeIgniter\View\{closure}()
 2 SYSTEMPATH\Common.php(1184): CodeIgniter\View\View->render('rental/rental_index', [], true)
 3 APPPATH\Controllers\Rental.php(37): view('rental/rental_index', [...])
 4 SYSTEMPATH\CodeIgniter.php(934): App\Controllers\Rental->index()
 5 SYSTEMPATH\CodeIgniter.php(499): CodeIgniter\CodeIgniter->runController(Object(App\Controllers\Rental))
 6 SYSTEMPATH\CodeIgniter.php(368): CodeIgniter\CodeIgniter->handleRequest(null, Object(Config\Cache), false)
 7 FCPATH\index.php(67): CodeIgniter\CodeIgniter->run()
CRITICAL - 2024-06-06 10:34:15 --> Undefined variable $InvoiceMode
in APPPATH\Controllers\Rental.php on line 31.
 1 APPPATH\Controllers\Rental.php(31): CodeIgniter\Debug\Exceptions->errorHandler(2, 'Undefined variable $InvoiceMode', 'APPPATH\\Controllers\\Rental.php', 31)
 2 SYSTEMPATH\CodeIgniter.php(934): App\Controllers\Rental->index()
 3 SYSTEMPATH\CodeIgniter.php(499): CodeIgniter\CodeIgniter->runController(Object(App\Controllers\Rental))
 4 SYSTEMPATH\CodeIgniter.php(368): CodeIgniter\CodeIgniter->handleRequest(null, Object(Config\Cache), false)
 5 FCPATH\index.php(67): CodeIgniter\CodeIgniter->run()
CRITICAL - 2024-06-06 10:34:32 --> Undefined variable $InvoiceMode
in APPPATH\Controllers\Rental.php on line 31.
 1 APPPATH\Controllers\Rental.php(31): CodeIgniter\Debug\Exceptions->errorHandler(2, 'Undefined variable $InvoiceMode', 'APPPATH\\Controllers\\Rental.php', 31)
 2 SYSTEMPATH\CodeIgniter.php(934): App\Controllers\Rental->index()
 3 SYSTEMPATH\CodeIgniter.php(499): CodeIgniter\CodeIgniter->runController(Object(App\Controllers\Rental))
 4 SYSTEMPATH\CodeIgniter.php(368): CodeIgniter\CodeIgniter->handleRequest(null, Object(Config\Cache), false)
 5 FCPATH\index.php(67): CodeIgniter\CodeIgniter->run()
CRITICAL - 2024-06-06 10:55:13 --> Undefined array key "bill_type"
in APPPATH\Views\invoices\invoice_details.php on line 215.
 1 APPPATH\Views\invoices\invoice_details.php(215): CodeIgniter\Debug\Exceptions->errorHandler(2, 'Undefined array key "bill_type"', 'APPPATH\\Views\\invoices\\invoice_details.php', 215)
 2 SYSTEMPATH\View\View.php(213): include('APPPATH\\Views\\invoices\\invoice_details.php')
 3 SYSTEMPATH\View\View.php(216): CodeIgniter\View\View->CodeIgniter\View\{closure}()
 4 SYSTEMPATH\Common.php(1184): CodeIgniter\View\View->render('invoices/invoice_details', [], true)
 5 APPPATH\Controllers\Invoices.php(205): view('invoices/invoice_details', [...])
 6 SYSTEMPATH\CodeIgniter.php(934): App\Controllers\Invoices->details('2054')
 7 SYSTEMPATH\CodeIgniter.php(499): CodeIgniter\CodeIgniter->runController(Object(App\Controllers\Invoices))
 8 SYSTEMPATH\CodeIgniter.php(368): CodeIgniter\CodeIgniter->handleRequest(null, Object(Config\Cache), false)
 9 FCPATH\index.php(67): CodeIgniter\CodeIgniter->run()
