CRITICAL - 2024-06-15 07:24:09 --> Undefined variable $cust
in APPPATH\Views\user_master\permission.php on line 80.
 1 APPPATH\Views\user_master\permission.php(80): CodeIgniter\Debug\Exceptions->errorHandler(2, 'Undefined variable $cust', 'APPPATH\\Views\\user_master\\permission.php', 80)
 2 SYSTEMPATH\View\View.php(213): include('APPPATH\\Views\\user_master\\permission.php')
 3 SYSTEMPATH\View\View.php(216): CodeIgniter\View\View->CodeIgniter\View\{closure}()
 4 SYSTEMPATH\Common.php(1184): CodeIgniter\View\View->render('user_master/permission', [], true)
 5 APPPATH\Controllers\Permission.php(36): view('user_master/permission', [...])
 6 SYSTEMPATH\CodeIgniter.php(934): App\Controllers\Permission->index('19593')
 7 SYSTEMPATH\CodeIgniter.php(499): CodeIgniter\CodeIgniter->runController(Object(App\Controllers\Permission))
 8 SYSTEMPATH\CodeIgniter.php(368): CodeIgniter\CodeIgniter->handleRequest(null, Object(Config\Cache), false)
 9 FCPATH\index.php(67): CodeIgniter\CodeIgniter->run()
CRITICAL - 2024-06-15 07:24:49 --> Undefined variable $cust
in APPPATH\Views\user_master\permission.php on line 80.
 1 APPPATH\Views\user_master\permission.php(80): CodeIgniter\Debug\Exceptions->errorHandler(2, 'Undefined variable $cust', 'APPPATH\\Views\\user_master\\permission.php', 80)
 2 SYSTEMPATH\View\View.php(213): include('APPPATH\\Views\\user_master\\permission.php')
 3 SYSTEMPATH\View\View.php(216): CodeIgniter\View\View->CodeIgniter\View\{closure}()
 4 SYSTEMPATH\Common.php(1184): CodeIgniter\View\View->render('user_master/permission', [], true)
 5 APPPATH\Controllers\Permission.php(36): view('user_master/permission', [...])
 6 SYSTEMPATH\CodeIgniter.php(934): App\Controllers\Permission->index('19593')
 7 SYSTEMPATH\CodeIgniter.php(499): CodeIgniter\CodeIgniter->runController(Object(App\Controllers\Permission))
 8 SYSTEMPATH\CodeIgniter.php(368): CodeIgniter\CodeIgniter->handleRequest(null, Object(Config\Cache), false)
 9 FCPATH\index.php(67): CodeIgniter\CodeIgniter->run()
CRITICAL - 2024-06-15 08:28:29 --> Undefined variable $staff
in APPPATH\Views\user_master\staffs.php on line 366.
 1 APPPATH\Views\user_master\staffs.php(366): CodeIgniter\Debug\Exceptions->errorHandler(2, 'Undefined variable $staff', 'APPPATH\\Views\\user_master\\staffs.php', 366)
 2 SYSTEMPATH\View\View.php(213): include('APPPATH\\Views\\user_master\\staffs.php')
 3 SYSTEMPATH\View\View.php(216): CodeIgniter\View\View->CodeIgniter\View\{closure}()
 4 SYSTEMPATH\Common.php(1184): CodeIgniter\View\View->render('user_master/staffs', [], true)
 5 APPPATH\Controllers\User_master.php(75): view('user_master/staffs')
 6 SYSTEMPATH\CodeIgniter.php(934): App\Controllers\User_master->index()
 7 SYSTEMPATH\CodeIgniter.php(499): CodeIgniter\CodeIgniter->runController(Object(App\Controllers\User_master))
 8 SYSTEMPATH\CodeIgniter.php(368): CodeIgniter\CodeIgniter->handleRequest(null, Object(Config\Cache), false)
 9 FCPATH\index.php(67): CodeIgniter\CodeIgniter->run()
CRITICAL - 2024-06-15 08:38:39 --> You should provide a barcode string.
in FCPATH\vendor\picqer\php-barcode-generator\src\Types\TypeCode128.php on line 136.
 1 FCPATH\vendor\picqer\php-barcode-generator\src\BarcodeGenerator.php(103): Picqer\Barcode\Types\TypeCode128->getBarcodeData('C:\\xampp\\htdocs\\aitsun-erp')
 2 FCPATH\vendor\picqer\php-barcode-generator\src\BarcodeGeneratorPNG.php(54): Picqer\Barcode\BarcodeGenerator->getBarcodeData('C:\\xampp\\htdocs\\aitsun-erp', 'C128')
 3 APPPATH\Controllers\Generate_barcode.php(81): Picqer\Barcode\BarcodeGeneratorPNG->getBarcode('C:\\xampp\\htdocs\\aitsun-erp', 'C128')
 4 SYSTEMPATH\CodeIgniter.php(934): App\Controllers\Generate_barcode->index()
 5 SYSTEMPATH\CodeIgniter.php(499): CodeIgniter\CodeIgniter->runController(Object(App\Controllers\Generate_barcode))
 6 SYSTEMPATH\CodeIgniter.php(368): CodeIgniter\CodeIgniter->handleRequest(null, Object(Config\Cache), false)
 7 FCPATH\index.php(67): CodeIgniter\CodeIgniter->run()
CRITICAL - 2024-06-15 08:41:17 --> Undefined array key "H"
in APPPATH\Controllers\Import_and_export.php on line 1351.
 1 APPPATH\Controllers\Import_and_export.php(1351): CodeIgniter\Debug\Exceptions->errorHandler(2, 'Undefined array key "H"', 'APPPATH\\Controllers\\Import_and_export.php', 1351)
 2 SYSTEMPATH\CodeIgniter.php(934): App\Controllers\Import_and_export->import_parties()
 3 SYSTEMPATH\CodeIgniter.php(499): CodeIgniter\CodeIgniter->runController(Object(App\Controllers\Import_and_export))
 4 SYSTEMPATH\CodeIgniter.php(368): CodeIgniter\CodeIgniter->handleRequest(null, Object(Config\Cache), false)
 5 FCPATH\index.php(67): CodeIgniter\CodeIgniter->run()
CRITICAL - 2024-06-15 08:42:11 --> Undefined array key "H"
in APPPATH\Controllers\Import_and_export.php on line 1351.
 1 APPPATH\Controllers\Import_and_export.php(1351): CodeIgniter\Debug\Exceptions->errorHandler(2, 'Undefined array key "H"', 'APPPATH\\Controllers\\Import_and_export.php', 1351)
 2 SYSTEMPATH\CodeIgniter.php(934): App\Controllers\Import_and_export->import_parties()
 3 SYSTEMPATH\CodeIgniter.php(499): CodeIgniter\CodeIgniter->runController(Object(App\Controllers\Import_and_export))
 4 SYSTEMPATH\CodeIgniter.php(368): CodeIgniter\CodeIgniter->handleRequest(null, Object(Config\Cache), false)
 5 FCPATH\index.php(67): CodeIgniter\CodeIgniter->run()
CRITICAL - 2024-06-15 08:45:31 --> Call to undefined function App\Controllers\isValidRow()
in APPPATH\Controllers\Import_and_export.php on line 1303.
 1 SYSTEMPATH\CodeIgniter.php(934): App\Controllers\Import_and_export->import_parties()
 2 SYSTEMPATH\CodeIgniter.php(499): CodeIgniter\CodeIgniter->runController(Object(App\Controllers\Import_and_export))
 3 SYSTEMPATH\CodeIgniter.php(368): CodeIgniter\CodeIgniter->handleRequest(null, Object(Config\Cache), false)
 4 FCPATH\index.php(67): CodeIgniter\CodeIgniter->run()
CRITICAL - 2024-06-15 08:47:32 --> Call to undefined function App\Controllers\isValidRow()
in APPPATH\Controllers\Import_and_export.php on line 1303.
 1 SYSTEMPATH\CodeIgniter.php(934): App\Controllers\Import_and_export->import_parties()
 2 SYSTEMPATH\CodeIgniter.php(499): CodeIgniter\CodeIgniter->runController(Object(App\Controllers\Import_and_export))
 3 SYSTEMPATH\CodeIgniter.php(368): CodeIgniter\CodeIgniter->handleRequest(null, Object(Config\Cache), false)
 4 FCPATH\index.php(67): CodeIgniter\CodeIgniter->run()
CRITICAL - 2024-06-15 08:48:21 --> Undefined array key "H"
in APPPATH\Controllers\Import_and_export.php on line 1358.
 1 APPPATH\Controllers\Import_and_export.php(1358): CodeIgniter\Debug\Exceptions->errorHandler(2, 'Undefined array key "H"', 'APPPATH\\Controllers\\Import_and_export.php', 1358)
 2 SYSTEMPATH\CodeIgniter.php(934): App\Controllers\Import_and_export->import_parties()
 3 SYSTEMPATH\CodeIgniter.php(499): CodeIgniter\CodeIgniter->runController(Object(App\Controllers\Import_and_export))
 4 SYSTEMPATH\CodeIgniter.php(368): CodeIgniter\CodeIgniter->handleRequest(null, Object(Config\Cache), false)
 5 FCPATH\index.php(67): CodeIgniter\CodeIgniter->run()
CRITICAL - 2024-06-15 08:48:45 --> Undefined array key "H"
in APPPATH\Controllers\Import_and_export.php on line 1358.
 1 APPPATH\Controllers\Import_and_export.php(1358): CodeIgniter\Debug\Exceptions->errorHandler(2, 'Undefined array key "H"', 'APPPATH\\Controllers\\Import_and_export.php', 1358)
 2 SYSTEMPATH\CodeIgniter.php(934): App\Controllers\Import_and_export->import_parties()
 3 SYSTEMPATH\CodeIgniter.php(499): CodeIgniter\CodeIgniter->runController(Object(App\Controllers\Import_and_export))
 4 SYSTEMPATH\CodeIgniter.php(368): CodeIgniter\CodeIgniter->handleRequest(null, Object(Config\Cache), false)
 5 FCPATH\index.php(67): CodeIgniter\CodeIgniter->run()
CRITICAL - 2024-06-15 08:49:14 --> Undefined variable $import_report
in APPPATH\Controllers\Import_and_export.php on line 1517.
 1 APPPATH\Controllers\Import_and_export.php(1517): CodeIgniter\Debug\Exceptions->errorHandler(2, 'Undefined variable $import_report', 'APPPATH\\Controllers\\Import_and_export.php', 1517)
 2 SYSTEMPATH\CodeIgniter.php(934): App\Controllers\Import_and_export->import_parties()
 3 SYSTEMPATH\CodeIgniter.php(499): CodeIgniter\CodeIgniter->runController(Object(App\Controllers\Import_and_export))
 4 SYSTEMPATH\CodeIgniter.php(368): CodeIgniter\CodeIgniter->handleRequest(null, Object(Config\Cache), false)
 5 FCPATH\index.php(67): CodeIgniter\CodeIgniter->run()
CRITICAL - 2024-06-15 08:52:31 --> Undefined variable $validRowCount
in APPPATH\Controllers\Import_and_export.php on line 1317.
 1 APPPATH\Controllers\Import_and_export.php(1317): CodeIgniter\Debug\Exceptions->errorHandler(2, 'Undefined variable $validRowCount', 'APPPATH\\Controllers\\Import_and_export.php', 1317)
 2 SYSTEMPATH\CodeIgniter.php(934): App\Controllers\Import_and_export->import_parties()
 3 SYSTEMPATH\CodeIgniter.php(499): CodeIgniter\CodeIgniter->runController(Object(App\Controllers\Import_and_export))
 4 SYSTEMPATH\CodeIgniter.php(368): CodeIgniter\CodeIgniter->handleRequest(null, Object(Config\Cache), false)
 5 FCPATH\index.php(67): CodeIgniter\CodeIgniter->run()
CRITICAL - 2024-06-15 08:55:14 --> syntax error, unexpected token "}"
in APPPATH\Controllers\Import_and_export.php on line 1318.
 1 SYSTEMPATH\Autoloader\Autoloader.php(289): CodeIgniter\Autoloader\Autoloader->includeFile('APPPATH\\Controllers\\Import_and_export.php')
 2 SYSTEMPATH\Autoloader\Autoloader.php(267): CodeIgniter\Autoloader\Autoloader->loadInNamespace('App\\Controllers\\Import_and_export')
 3 [internal function]: CodeIgniter\Autoloader\Autoloader->loadClass('App\\Controllers\\Import_and_export')
 4 SYSTEMPATH\CodeIgniter.php(892): class_exists('\\App\\Controllers\\Import_and_export', true)
 5 SYSTEMPATH\CodeIgniter.php(486): CodeIgniter\CodeIgniter->startController()
 6 SYSTEMPATH\CodeIgniter.php(368): CodeIgniter\CodeIgniter->handleRequest(null, Object(Config\Cache), false)
 7 FCPATH\index.php(67): CodeIgniter\CodeIgniter->run()
CRITICAL - 2024-06-15 08:58:50 --> You should provide a barcode string.
in FCPATH\vendor\picqer\php-barcode-generator\src\Types\TypeCode128.php on line 136.
 1 FCPATH\vendor\picqer\php-barcode-generator\src\BarcodeGenerator.php(103): Picqer\Barcode\Types\TypeCode128->getBarcodeData('C:\\xampp\\htdocs\\aitsun-erp')
 2 FCPATH\vendor\picqer\php-barcode-generator\src\BarcodeGeneratorPNG.php(54): Picqer\Barcode\BarcodeGenerator->getBarcodeData('C:\\xampp\\htdocs\\aitsun-erp', 'C128')
 3 APPPATH\Controllers\Generate_barcode.php(81): Picqer\Barcode\BarcodeGeneratorPNG->getBarcode('C:\\xampp\\htdocs\\aitsun-erp', 'C128')
 4 SYSTEMPATH\CodeIgniter.php(934): App\Controllers\Generate_barcode->index()
 5 SYSTEMPATH\CodeIgniter.php(499): CodeIgniter\CodeIgniter->runController(Object(App\Controllers\Generate_barcode))
 6 SYSTEMPATH\CodeIgniter.php(368): CodeIgniter\CodeIgniter->handleRequest(null, Object(Config\Cache), false)
 7 FCPATH\index.php(67): CodeIgniter\CodeIgniter->run()
ERROR - 2024-06-15 09:03:05 --> mysqli_sql_exception: Column 'cat_name' cannot be null in C:\xampp\htdocs\aitsun-erp\system\Database\MySQLi\Connection.php:295
Stack trace:
#0 C:\xampp\htdocs\aitsun-erp\system\Database\MySQLi\Connection.php(295): mysqli->query('INSERT INTO `pr...', 0)
#1 C:\xampp\htdocs\aitsun-erp\system\Database\BaseConnection.php(691): CodeIgniter\Database\MySQLi\Connection->execute('INSERT INTO `pr...')
#2 C:\xampp\htdocs\aitsun-erp\system\Database\BaseConnection.php(605): CodeIgniter\Database\BaseConnection->simpleQuery('INSERT INTO `pr...')
#3 C:\xampp\htdocs\aitsun-erp\system\Database\BaseBuilder.php(2309): CodeIgniter\Database\BaseConnection->query('INSERT INTO `pr...', Array, false)
#4 C:\xampp\htdocs\aitsun-erp\system\Model.php(330): CodeIgniter\Database\BaseBuilder->insert()
#5 C:\xampp\htdocs\aitsun-erp\system\BaseModel.php(782): CodeIgniter\Model->doInsert(Array)
#6 C:\xampp\htdocs\aitsun-erp\system\Model.php(730): CodeIgniter\BaseModel->insert(Array, false)
#7 C:\xampp\htdocs\aitsun-erp\system\BaseModel.php(692): CodeIgniter\Model->insert(Array, false)
#8 C:\xampp\htdocs\aitsun-erp\app\Helpers\apanel_helper.php(2224): CodeIgniter\BaseModel->save(Array)
#9 C:\xampp\htdocs\aitsun-erp\app\Controllers\Import_and_export.php(556): check_category_during_import('15', NULL)
#10 C:\xampp\htdocs\aitsun-erp\system\CodeIgniter.php(934): App\Controllers\Import_and_export->save()
#11 C:\xampp\htdocs\aitsun-erp\system\CodeIgniter.php(499): CodeIgniter\CodeIgniter->runController(Object(App\Controllers\Import_and_export))
#12 C:\xampp\htdocs\aitsun-erp\system\CodeIgniter.php(368): CodeIgniter\CodeIgniter->handleRequest(NULL, Object(Config\Cache), false)
#13 C:\xampp\htdocs\aitsun-erp\index.php(67): CodeIgniter\CodeIgniter->run()
#14 {main}
CRITICAL - 2024-06-15 09:03:05 --> Column 'cat_name' cannot be null
in SYSTEMPATH\Database\BaseConnection.php on line 645.
 1 SYSTEMPATH\Database\BaseBuilder.php(2309): CodeIgniter\Database\BaseConnection->query('INSERT INTO `product_categories` (`company_id`, `cat_name`, `cat_department`) VALUES (:company_id:, :cat_name:, :cat_department:)', [...], false)
 2 SYSTEMPATH\Model.php(330): CodeIgniter\Database\BaseBuilder->insert()
 3 SYSTEMPATH\BaseModel.php(782): CodeIgniter\Model->doInsert([...])
 4 SYSTEMPATH\Model.php(730): CodeIgniter\BaseModel->insert([...], false)
 5 SYSTEMPATH\BaseModel.php(692): CodeIgniter\Model->insert([...], false)
 6 APPPATH\Helpers\apanel_helper.php(2224): CodeIgniter\BaseModel->save([...])
 7 APPPATH\Controllers\Import_and_export.php(556): check_category_during_import('15', null)
 8 SYSTEMPATH\CodeIgniter.php(934): App\Controllers\Import_and_export->save()
 9 SYSTEMPATH\CodeIgniter.php(499): CodeIgniter\CodeIgniter->runController(Object(App\Controllers\Import_and_export))
10 SYSTEMPATH\CodeIgniter.php(368): CodeIgniter\CodeIgniter->handleRequest(null, Object(Config\Cache), false)
11 FCPATH\index.php(67): CodeIgniter\CodeIgniter->run()
CRITICAL - 2024-06-15 09:20:35 --> You should provide a barcode string.
in FCPATH\vendor\picqer\php-barcode-generator\src\Types\TypeCode128.php on line 136.
 1 FCPATH\vendor\picqer\php-barcode-generator\src\BarcodeGenerator.php(103): Picqer\Barcode\Types\TypeCode128->getBarcodeData('C:\\xampp\\htdocs\\aitsun-erp')
 2 FCPATH\vendor\picqer\php-barcode-generator\src\BarcodeGeneratorPNG.php(54): Picqer\Barcode\BarcodeGenerator->getBarcodeData('C:\\xampp\\htdocs\\aitsun-erp', 'C128')
 3 APPPATH\Controllers\Generate_barcode.php(81): Picqer\Barcode\BarcodeGeneratorPNG->getBarcode('C:\\xampp\\htdocs\\aitsun-erp', 'C128')
 4 SYSTEMPATH\CodeIgniter.php(934): App\Controllers\Generate_barcode->index()
 5 SYSTEMPATH\CodeIgniter.php(499): CodeIgniter\CodeIgniter->runController(Object(App\Controllers\Generate_barcode))
 6 SYSTEMPATH\CodeIgniter.php(368): CodeIgniter\CodeIgniter->handleRequest(null, Object(Config\Cache), false)
 7 FCPATH\index.php(67): CodeIgniter\CodeIgniter->run()
ERROR - 2024-06-15 09:20:48 --> mysqli_sql_exception: Column 'brand_name' cannot be null in C:\xampp\htdocs\aitsun-erp\system\Database\MySQLi\Connection.php:295
Stack trace:
#0 C:\xampp\htdocs\aitsun-erp\system\Database\MySQLi\Connection.php(295): mysqli->query('INSERT INTO `pr...', 0)
#1 C:\xampp\htdocs\aitsun-erp\system\Database\BaseConnection.php(691): CodeIgniter\Database\MySQLi\Connection->execute('INSERT INTO `pr...')
#2 C:\xampp\htdocs\aitsun-erp\system\Database\BaseConnection.php(605): CodeIgniter\Database\BaseConnection->simpleQuery('INSERT INTO `pr...')
#3 C:\xampp\htdocs\aitsun-erp\system\Database\BaseBuilder.php(2309): CodeIgniter\Database\BaseConnection->query('INSERT INTO `pr...', Array, false)
#4 C:\xampp\htdocs\aitsun-erp\system\Model.php(330): CodeIgniter\Database\BaseBuilder->insert()
#5 C:\xampp\htdocs\aitsun-erp\system\BaseModel.php(782): CodeIgniter\Model->doInsert(Array)
#6 C:\xampp\htdocs\aitsun-erp\system\Model.php(730): CodeIgniter\BaseModel->insert(Array, false)
#7 C:\xampp\htdocs\aitsun-erp\system\BaseModel.php(692): CodeIgniter\Model->insert(Array, false)
#8 C:\xampp\htdocs\aitsun-erp\app\Helpers\apanel_helper.php(2273): CodeIgniter\BaseModel->save(Array)
#9 C:\xampp\htdocs\aitsun-erp\app\Controllers\Import_and_export.php(558): check_brand_category_during_import('15', NULL)
#10 C:\xampp\htdocs\aitsun-erp\system\CodeIgniter.php(934): App\Controllers\Import_and_export->save()
#11 C:\xampp\htdocs\aitsun-erp\system\CodeIgniter.php(499): CodeIgniter\CodeIgniter->runController(Object(App\Controllers\Import_and_export))
#12 C:\xampp\htdocs\aitsun-erp\system\CodeIgniter.php(368): CodeIgniter\CodeIgniter->handleRequest(NULL, Object(Config\Cache), false)
#13 C:\xampp\htdocs\aitsun-erp\index.php(67): CodeIgniter\CodeIgniter->run()
#14 {main}
CRITICAL - 2024-06-15 09:20:48 --> Column 'brand_name' cannot be null
in SYSTEMPATH\Database\BaseConnection.php on line 645.
 1 SYSTEMPATH\Database\BaseBuilder.php(2309): CodeIgniter\Database\BaseConnection->query('INSERT INTO `product_brand` (`company_id`, `brand_name`) VALUES (:company_id:, :brand_name:)', [...], false)
 2 SYSTEMPATH\Model.php(330): CodeIgniter\Database\BaseBuilder->insert()
 3 SYSTEMPATH\BaseModel.php(782): CodeIgniter\Model->doInsert([...])
 4 SYSTEMPATH\Model.php(730): CodeIgniter\BaseModel->insert([...], false)
 5 SYSTEMPATH\BaseModel.php(692): CodeIgniter\Model->insert([...], false)
 6 APPPATH\Helpers\apanel_helper.php(2273): CodeIgniter\BaseModel->save([...])
 7 APPPATH\Controllers\Import_and_export.php(558): check_brand_category_during_import('15', null)
 8 SYSTEMPATH\CodeIgniter.php(934): App\Controllers\Import_and_export->save()
 9 SYSTEMPATH\CodeIgniter.php(499): CodeIgniter\CodeIgniter->runController(Object(App\Controllers\Import_and_export))
10 SYSTEMPATH\CodeIgniter.php(368): CodeIgniter\CodeIgniter->handleRequest(null, Object(Config\Cache), false)
11 FCPATH\index.php(67): CodeIgniter\CodeIgniter->run()
CRITICAL - 2024-06-15 09:22:52 --> You should provide a barcode string.
in FCPATH\vendor\picqer\php-barcode-generator\src\Types\TypeCode128.php on line 136.
 1 FCPATH\vendor\picqer\php-barcode-generator\src\BarcodeGenerator.php(103): Picqer\Barcode\Types\TypeCode128->getBarcodeData('C:\\xampp\\htdocs\\aitsun-erp')
 2 FCPATH\vendor\picqer\php-barcode-generator\src\BarcodeGeneratorPNG.php(54): Picqer\Barcode\BarcodeGenerator->getBarcodeData('C:\\xampp\\htdocs\\aitsun-erp', 'C128')
 3 APPPATH\Controllers\Generate_barcode.php(81): Picqer\Barcode\BarcodeGeneratorPNG->getBarcode('C:\\xampp\\htdocs\\aitsun-erp', 'C128')
 4 SYSTEMPATH\CodeIgniter.php(934): App\Controllers\Generate_barcode->index()
 5 SYSTEMPATH\CodeIgniter.php(499): CodeIgniter\CodeIgniter->runController(Object(App\Controllers\Generate_barcode))
 6 SYSTEMPATH\CodeIgniter.php(368): CodeIgniter\CodeIgniter->handleRequest(null, Object(Config\Cache), false)
 7 FCPATH\index.php(67): CodeIgniter\CodeIgniter->run()
CRITICAL - 2024-06-15 09:29:18 --> You should provide a barcode string.
in FCPATH\vendor\picqer\php-barcode-generator\src\Types\TypeCode128.php on line 136.
 1 FCPATH\vendor\picqer\php-barcode-generator\src\BarcodeGenerator.php(103): Picqer\Barcode\Types\TypeCode128->getBarcodeData('C:\\xampp\\htdocs\\aitsun-erp')
 2 FCPATH\vendor\picqer\php-barcode-generator\src\BarcodeGeneratorPNG.php(54): Picqer\Barcode\BarcodeGenerator->getBarcodeData('C:\\xampp\\htdocs\\aitsun-erp', 'C128')
 3 APPPATH\Controllers\Generate_barcode.php(81): Picqer\Barcode\BarcodeGeneratorPNG->getBarcode('C:\\xampp\\htdocs\\aitsun-erp', 'C128')
 4 SYSTEMPATH\CodeIgniter.php(934): App\Controllers\Generate_barcode->index()
 5 SYSTEMPATH\CodeIgniter.php(499): CodeIgniter\CodeIgniter->runController(Object(App\Controllers\Generate_barcode))
 6 SYSTEMPATH\CodeIgniter.php(368): CodeIgniter\CodeIgniter->handleRequest(null, Object(Config\Cache), false)
 7 FCPATH\index.php(67): CodeIgniter\CodeIgniter->run()
CRITICAL - 2024-06-15 09:30:48 --> You should provide a barcode string.
in FCPATH\vendor\picqer\php-barcode-generator\src\Types\TypeCode128.php on line 136.
 1 FCPATH\vendor\picqer\php-barcode-generator\src\BarcodeGenerator.php(103): Picqer\Barcode\Types\TypeCode128->getBarcodeData('C:\\xampp\\htdocs\\aitsun-erp')
 2 FCPATH\vendor\picqer\php-barcode-generator\src\BarcodeGeneratorPNG.php(54): Picqer\Barcode\BarcodeGenerator->getBarcodeData('C:\\xampp\\htdocs\\aitsun-erp', 'C128')
 3 APPPATH\Controllers\Generate_barcode.php(81): Picqer\Barcode\BarcodeGeneratorPNG->getBarcode('C:\\xampp\\htdocs\\aitsun-erp', 'C128')
 4 SYSTEMPATH\CodeIgniter.php(934): App\Controllers\Generate_barcode->index()
 5 SYSTEMPATH\CodeIgniter.php(499): CodeIgniter\CodeIgniter->runController(Object(App\Controllers\Generate_barcode))
 6 SYSTEMPATH\CodeIgniter.php(368): CodeIgniter\CodeIgniter->handleRequest(null, Object(Config\Cache), false)
 7 FCPATH\index.php(67): CodeIgniter\CodeIgniter->run()
CRITICAL - 2024-06-15 09:31:03 --> You should provide a barcode string.
in FCPATH\vendor\picqer\php-barcode-generator\src\Types\TypeCode128.php on line 136.
 1 FCPATH\vendor\picqer\php-barcode-generator\src\BarcodeGenerator.php(103): Picqer\Barcode\Types\TypeCode128->getBarcodeData('C:\\xampp\\htdocs\\aitsun-erp')
 2 FCPATH\vendor\picqer\php-barcode-generator\src\BarcodeGeneratorPNG.php(54): Picqer\Barcode\BarcodeGenerator->getBarcodeData('C:\\xampp\\htdocs\\aitsun-erp', 'C128')
 3 APPPATH\Controllers\Generate_barcode.php(81): Picqer\Barcode\BarcodeGeneratorPNG->getBarcode('C:\\xampp\\htdocs\\aitsun-erp', 'C128')
 4 SYSTEMPATH\CodeIgniter.php(934): App\Controllers\Generate_barcode->index()
 5 SYSTEMPATH\CodeIgniter.php(499): CodeIgniter\CodeIgniter->runController(Object(App\Controllers\Generate_barcode))
 6 SYSTEMPATH\CodeIgniter.php(368): CodeIgniter\CodeIgniter->handleRequest(null, Object(Config\Cache), false)
 7 FCPATH\index.php(67): CodeIgniter\CodeIgniter->run()
CRITICAL - 2024-06-15 09:32:52 --> You should provide a barcode string.
in FCPATH\vendor\picqer\php-barcode-generator\src\Types\TypeCode128.php on line 136.
 1 FCPATH\vendor\picqer\php-barcode-generator\src\BarcodeGenerator.php(103): Picqer\Barcode\Types\TypeCode128->getBarcodeData('C:\\xampp\\htdocs\\aitsun-erp')
 2 FCPATH\vendor\picqer\php-barcode-generator\src\BarcodeGeneratorPNG.php(54): Picqer\Barcode\BarcodeGenerator->getBarcodeData('C:\\xampp\\htdocs\\aitsun-erp', 'C128')
 3 APPPATH\Controllers\Generate_barcode.php(81): Picqer\Barcode\BarcodeGeneratorPNG->getBarcode('C:\\xampp\\htdocs\\aitsun-erp', 'C128')
 4 SYSTEMPATH\CodeIgniter.php(934): App\Controllers\Generate_barcode->index()
 5 SYSTEMPATH\CodeIgniter.php(499): CodeIgniter\CodeIgniter->runController(Object(App\Controllers\Generate_barcode))
 6 SYSTEMPATH\CodeIgniter.php(368): CodeIgniter\CodeIgniter->handleRequest(null, Object(Config\Cache), false)
 7 FCPATH\index.php(67): CodeIgniter\CodeIgniter->run()
CRITICAL - 2024-06-15 09:45:42 --> You should provide a barcode string.
in FCPATH\vendor\picqer\php-barcode-generator\src\Types\TypeCode128.php on line 136.
 1 FCPATH\vendor\picqer\php-barcode-generator\src\BarcodeGenerator.php(103): Picqer\Barcode\Types\TypeCode128->getBarcodeData('C:\\xampp\\htdocs\\aitsun-erp')
 2 FCPATH\vendor\picqer\php-barcode-generator\src\BarcodeGeneratorPNG.php(54): Picqer\Barcode\BarcodeGenerator->getBarcodeData('C:\\xampp\\htdocs\\aitsun-erp', 'C128')
 3 APPPATH\Controllers\Generate_barcode.php(81): Picqer\Barcode\BarcodeGeneratorPNG->getBarcode('C:\\xampp\\htdocs\\aitsun-erp', 'C128')
 4 SYSTEMPATH\CodeIgniter.php(934): App\Controllers\Generate_barcode->index()
 5 SYSTEMPATH\CodeIgniter.php(499): CodeIgniter\CodeIgniter->runController(Object(App\Controllers\Generate_barcode))
 6 SYSTEMPATH\CodeIgniter.php(368): CodeIgniter\CodeIgniter->handleRequest(null, Object(Config\Cache), false)
 7 FCPATH\index.php(67): CodeIgniter\CodeIgniter->run()
CRITICAL - 2024-06-15 09:48:47 --> Invalid range: "B2:B1"
in FCPATH\vendor\phpoffice\phpspreadsheet\src\PhpSpreadsheet\Cell\Coordinate.php on line 601.
 1 FCPATH\vendor\phpoffice\phpspreadsheet\src\PhpSpreadsheet\Cell\Coordinate.php(464): PhpOffice\PhpSpreadsheet\Cell\Coordinate::validateRange('B2:B1', 2, 3, 2, 1)
 2 FCPATH\vendor\phpoffice\phpspreadsheet\src\PhpSpreadsheet\Cell\Coordinate.php(371): PhpOffice\PhpSpreadsheet\Cell\Coordinate::getReferencesForCellBlock('B2:B1')
 3 FCPATH\vendor\phpoffice\phpspreadsheet\src\PhpSpreadsheet\Reader\Xlsx\DataValidations.php(45): PhpOffice\PhpSpreadsheet\Cell\Coordinate::extractAllCellReferencesInRange('B2:B1')
 4 FCPATH\vendor\phpoffice\phpspreadsheet\src\PhpSpreadsheet\Reader\Xlsx.php(1025): PhpOffice\PhpSpreadsheet\Reader\Xlsx\DataValidations->load()
 5 FCPATH\vendor\phpoffice\phpspreadsheet\src\PhpSpreadsheet\Reader\BaseReader.php(182): PhpOffice\PhpSpreadsheet\Reader\Xlsx->loadSpreadsheetFromFile('FCPATH\\public\\csvfile\\products_export (12).xlsx')
 6 FCPATH\vendor\phpoffice\phpspreadsheet\src\PhpSpreadsheet\IOFactory.php(108): PhpOffice\PhpSpreadsheet\Reader\BaseReader->load('FCPATH\\public\\csvfile\\products_export (12).xlsx', 0)
 7 APPPATH\Controllers\Import_and_export.php(326): PhpOffice\PhpSpreadsheet\IOFactory::load('FCPATH\\public\\csvfile\\products_export (12).xlsx')
 8 SYSTEMPATH\CodeIgniter.php(934): App\Controllers\Import_and_export->save()
 9 SYSTEMPATH\CodeIgniter.php(499): CodeIgniter\CodeIgniter->runController(Object(App\Controllers\Import_and_export))
10 SYSTEMPATH\CodeIgniter.php(368): CodeIgniter\CodeIgniter->handleRequest(null, Object(Config\Cache), false)
11 FCPATH\index.php(67): CodeIgniter\CodeIgniter->run()
CRITICAL - 2024-06-15 09:51:06 --> Invalid range: "B2:B1"
in FCPATH\vendor\phpoffice\phpspreadsheet\src\PhpSpreadsheet\Cell\Coordinate.php on line 601.
 1 FCPATH\vendor\phpoffice\phpspreadsheet\src\PhpSpreadsheet\Cell\Coordinate.php(464): PhpOffice\PhpSpreadsheet\Cell\Coordinate::validateRange('B2:B1', 2, 3, 2, 1)
 2 FCPATH\vendor\phpoffice\phpspreadsheet\src\PhpSpreadsheet\Cell\Coordinate.php(371): PhpOffice\PhpSpreadsheet\Cell\Coordinate::getReferencesForCellBlock('B2:B1')
 3 FCPATH\vendor\phpoffice\phpspreadsheet\src\PhpSpreadsheet\Reader\Xlsx\DataValidations.php(45): PhpOffice\PhpSpreadsheet\Cell\Coordinate::extractAllCellReferencesInRange('B2:B1')
 4 FCPATH\vendor\phpoffice\phpspreadsheet\src\PhpSpreadsheet\Reader\Xlsx.php(1025): PhpOffice\PhpSpreadsheet\Reader\Xlsx\DataValidations->load()
 5 FCPATH\vendor\phpoffice\phpspreadsheet\src\PhpSpreadsheet\Reader\BaseReader.php(182): PhpOffice\PhpSpreadsheet\Reader\Xlsx->loadSpreadsheetFromFile('FCPATH\\public\\csvfile\\products_export (12).xlsx')
 6 FCPATH\vendor\phpoffice\phpspreadsheet\src\PhpSpreadsheet\IOFactory.php(108): PhpOffice\PhpSpreadsheet\Reader\BaseReader->load('FCPATH\\public\\csvfile\\products_export (12).xlsx', 0)
 7 APPPATH\Controllers\Import_and_export.php(329): PhpOffice\PhpSpreadsheet\IOFactory::load('FCPATH\\public\\csvfile\\products_export (12).xlsx')
 8 SYSTEMPATH\CodeIgniter.php(934): App\Controllers\Import_and_export->save()
 9 SYSTEMPATH\CodeIgniter.php(499): CodeIgniter\CodeIgniter->runController(Object(App\Controllers\Import_and_export))
10 SYSTEMPATH\CodeIgniter.php(368): CodeIgniter\CodeIgniter->handleRequest(null, Object(Config\Cache), false)
11 FCPATH\index.php(67): CodeIgniter\CodeIgniter->run()
CRITICAL - 2024-06-15 09:51:44 --> You should provide a barcode string.
in FCPATH\vendor\picqer\php-barcode-generator\src\Types\TypeCode128.php on line 136.
 1 FCPATH\vendor\picqer\php-barcode-generator\src\BarcodeGenerator.php(103): Picqer\Barcode\Types\TypeCode128->getBarcodeData('C:\\xampp\\htdocs\\aitsun-erp')
 2 FCPATH\vendor\picqer\php-barcode-generator\src\BarcodeGeneratorPNG.php(54): Picqer\Barcode\BarcodeGenerator->getBarcodeData('C:\\xampp\\htdocs\\aitsun-erp', 'C128')
 3 APPPATH\Controllers\Generate_barcode.php(81): Picqer\Barcode\BarcodeGeneratorPNG->getBarcode('C:\\xampp\\htdocs\\aitsun-erp', 'C128')
 4 SYSTEMPATH\CodeIgniter.php(934): App\Controllers\Generate_barcode->index()
 5 SYSTEMPATH\CodeIgniter.php(499): CodeIgniter\CodeIgniter->runController(Object(App\Controllers\Generate_barcode))
 6 SYSTEMPATH\CodeIgniter.php(368): CodeIgniter\CodeIgniter->handleRequest(null, Object(Config\Cache), false)
 7 FCPATH\index.php(67): CodeIgniter\CodeIgniter->run()
CRITICAL - 2024-06-15 09:52:47 --> Invalid range: "B2:B1"
in FCPATH\vendor\phpoffice\phpspreadsheet\src\PhpSpreadsheet\Cell\Coordinate.php on line 601.
 1 FCPATH\vendor\phpoffice\phpspreadsheet\src\PhpSpreadsheet\Cell\Coordinate.php(464): PhpOffice\PhpSpreadsheet\Cell\Coordinate::validateRange('B2:B1', 2, 3, 2, 1)
 2 FCPATH\vendor\phpoffice\phpspreadsheet\src\PhpSpreadsheet\Cell\Coordinate.php(371): PhpOffice\PhpSpreadsheet\Cell\Coordinate::getReferencesForCellBlock('B2:B1')
 3 FCPATH\vendor\phpoffice\phpspreadsheet\src\PhpSpreadsheet\Reader\Xlsx\DataValidations.php(45): PhpOffice\PhpSpreadsheet\Cell\Coordinate::extractAllCellReferencesInRange('B2:B1')
 4 FCPATH\vendor\phpoffice\phpspreadsheet\src\PhpSpreadsheet\Reader\Xlsx.php(1025): PhpOffice\PhpSpreadsheet\Reader\Xlsx\DataValidations->load()
 5 FCPATH\vendor\phpoffice\phpspreadsheet\src\PhpSpreadsheet\Reader\BaseReader.php(182): PhpOffice\PhpSpreadsheet\Reader\Xlsx->loadSpreadsheetFromFile('FCPATH\\public\\csvfile\\products_export (12).xlsx')
 6 FCPATH\vendor\phpoffice\phpspreadsheet\src\PhpSpreadsheet\IOFactory.php(108): PhpOffice\PhpSpreadsheet\Reader\BaseReader->load('FCPATH\\public\\csvfile\\products_export (12).xlsx', 0)
 7 APPPATH\Controllers\Import_and_export.php(329): PhpOffice\PhpSpreadsheet\IOFactory::load('FCPATH\\public\\csvfile\\products_export (12).xlsx')
 8 SYSTEMPATH\CodeIgniter.php(934): App\Controllers\Import_and_export->save()
 9 SYSTEMPATH\CodeIgniter.php(499): CodeIgniter\CodeIgniter->runController(Object(App\Controllers\Import_and_export))
10 SYSTEMPATH\CodeIgniter.php(368): CodeIgniter\CodeIgniter->handleRequest(null, Object(Config\Cache), false)
11 FCPATH\index.php(67): CodeIgniter\CodeIgniter->run()
CRITICAL - 2024-06-15 09:54:43 --> Invalid range: "B2:B1"
in FCPATH\vendor\phpoffice\phpspreadsheet\src\PhpSpreadsheet\Cell\Coordinate.php on line 601.
 1 FCPATH\vendor\phpoffice\phpspreadsheet\src\PhpSpreadsheet\Cell\Coordinate.php(464): PhpOffice\PhpSpreadsheet\Cell\Coordinate::validateRange('B2:B1', 2, 3, 2, 1)
 2 FCPATH\vendor\phpoffice\phpspreadsheet\src\PhpSpreadsheet\Cell\Coordinate.php(371): PhpOffice\PhpSpreadsheet\Cell\Coordinate::getReferencesForCellBlock('B2:B1')
 3 FCPATH\vendor\phpoffice\phpspreadsheet\src\PhpSpreadsheet\Reader\Xlsx\DataValidations.php(45): PhpOffice\PhpSpreadsheet\Cell\Coordinate::extractAllCellReferencesInRange('B2:B1')
 4 FCPATH\vendor\phpoffice\phpspreadsheet\src\PhpSpreadsheet\Reader\Xlsx.php(1025): PhpOffice\PhpSpreadsheet\Reader\Xlsx\DataValidations->load()
 5 FCPATH\vendor\phpoffice\phpspreadsheet\src\PhpSpreadsheet\Reader\BaseReader.php(182): PhpOffice\PhpSpreadsheet\Reader\Xlsx->loadSpreadsheetFromFile('FCPATH\\public\\csvfile\\products_export (12).xlsx')
 6 FCPATH\vendor\phpoffice\phpspreadsheet\src\PhpSpreadsheet\IOFactory.php(108): PhpOffice\PhpSpreadsheet\Reader\BaseReader->load('FCPATH\\public\\csvfile\\products_export (12).xlsx', 0)
 7 APPPATH\Controllers\Import_and_export.php(330): PhpOffice\PhpSpreadsheet\IOFactory::load('FCPATH\\public\\csvfile\\products_export (12).xlsx')
 8 SYSTEMPATH\CodeIgniter.php(934): App\Controllers\Import_and_export->save()
 9 SYSTEMPATH\CodeIgniter.php(499): CodeIgniter\CodeIgniter->runController(Object(App\Controllers\Import_and_export))
10 SYSTEMPATH\CodeIgniter.php(368): CodeIgniter\CodeIgniter->handleRequest(null, Object(Config\Cache), false)
11 FCPATH\index.php(67): CodeIgniter\CodeIgniter->run()
CRITICAL - 2024-06-15 10:02:01 --> You should provide a barcode string.
in FCPATH\vendor\picqer\php-barcode-generator\src\Types\TypeCode128.php on line 136.
 1 FCPATH\vendor\picqer\php-barcode-generator\src\BarcodeGenerator.php(103): Picqer\Barcode\Types\TypeCode128->getBarcodeData('C:\\xampp\\htdocs\\aitsun-erp')
 2 FCPATH\vendor\picqer\php-barcode-generator\src\BarcodeGeneratorPNG.php(54): Picqer\Barcode\BarcodeGenerator->getBarcodeData('C:\\xampp\\htdocs\\aitsun-erp', 'C128')
 3 APPPATH\Controllers\Generate_barcode.php(81): Picqer\Barcode\BarcodeGeneratorPNG->getBarcode('C:\\xampp\\htdocs\\aitsun-erp', 'C128')
 4 SYSTEMPATH\CodeIgniter.php(934): App\Controllers\Generate_barcode->index()
 5 SYSTEMPATH\CodeIgniter.php(499): CodeIgniter\CodeIgniter->runController(Object(App\Controllers\Generate_barcode))
 6 SYSTEMPATH\CodeIgniter.php(368): CodeIgniter\CodeIgniter->handleRequest(null, Object(Config\Cache), false)
 7 FCPATH\index.php(67): CodeIgniter\CodeIgniter->run()
CRITICAL - 2024-06-15 10:02:14 --> You should provide a barcode string.
in FCPATH\vendor\picqer\php-barcode-generator\src\Types\TypeCode128.php on line 136.
 1 FCPATH\vendor\picqer\php-barcode-generator\src\BarcodeGenerator.php(103): Picqer\Barcode\Types\TypeCode128->getBarcodeData('C:\\xampp\\htdocs\\aitsun-erp')
 2 FCPATH\vendor\picqer\php-barcode-generator\src\BarcodeGeneratorPNG.php(54): Picqer\Barcode\BarcodeGenerator->getBarcodeData('C:\\xampp\\htdocs\\aitsun-erp', 'C128')
 3 APPPATH\Controllers\Generate_barcode.php(81): Picqer\Barcode\BarcodeGeneratorPNG->getBarcode('C:\\xampp\\htdocs\\aitsun-erp', 'C128')
 4 SYSTEMPATH\CodeIgniter.php(934): App\Controllers\Generate_barcode->index()
 5 SYSTEMPATH\CodeIgniter.php(499): CodeIgniter\CodeIgniter->runController(Object(App\Controllers\Generate_barcode))
 6 SYSTEMPATH\CodeIgniter.php(368): CodeIgniter\CodeIgniter->handleRequest(null, Object(Config\Cache), false)
 7 FCPATH\index.php(67): CodeIgniter\CodeIgniter->run()
CRITICAL - 2024-06-15 10:02:28 --> You should provide a barcode string.
in FCPATH\vendor\picqer\php-barcode-generator\src\Types\TypeCode128.php on line 136.
 1 FCPATH\vendor\picqer\php-barcode-generator\src\BarcodeGenerator.php(103): Picqer\Barcode\Types\TypeCode128->getBarcodeData('C:\\xampp\\htdocs\\aitsun-erp')
 2 FCPATH\vendor\picqer\php-barcode-generator\src\BarcodeGeneratorPNG.php(54): Picqer\Barcode\BarcodeGenerator->getBarcodeData('C:\\xampp\\htdocs\\aitsun-erp', 'C128')
 3 APPPATH\Controllers\Generate_barcode.php(81): Picqer\Barcode\BarcodeGeneratorPNG->getBarcode('C:\\xampp\\htdocs\\aitsun-erp', 'C128')
 4 SYSTEMPATH\CodeIgniter.php(934): App\Controllers\Generate_barcode->index()
 5 SYSTEMPATH\CodeIgniter.php(499): CodeIgniter\CodeIgniter->runController(Object(App\Controllers\Generate_barcode))
 6 SYSTEMPATH\CodeIgniter.php(368): CodeIgniter\CodeIgniter->handleRequest(null, Object(Config\Cache), false)
 7 FCPATH\index.php(67): CodeIgniter\CodeIgniter->run()
