CRITICAL - 2024-01-16 10:48:24 --> require_once(ripcord.php): Failed to open stream: No such file or directory
in APPPATH\Controllers\Testing.php on line 54.
 1 APPPATH\Controllers\Testing.php(54): CodeIgniter\Debug\Exceptions->errorHandler(2, 'require_once(ripcord.php): Failed to open stream: No such file or directory', 'APPPATH\\Controllers\\Testing.php', 54)
 2 APPPATH\Controllers\Testing.php(54): require_once()
 3 SYSTEMPATH\CodeIgniter.php(934): App\Controllers\Testing->index()
 4 SYSTEMPATH\CodeIgniter.php(499): CodeIgniter\CodeIgniter->runController(Object(App\Controllers\Testing))
 5 SYSTEMPATH\CodeIgniter.php(368): CodeIgniter\CodeIgniter->handleRequest(null, Object(Config\Cache), false)
 6 FCPATH\index.php(67): CodeIgniter\CodeIgniter->run()
CRITICAL - 2024-01-16 10:52:59 --> require_once(../ThirdParty/odoo/ripcord.php): Failed to open stream: No such file or directory
in APPPATH\Controllers\Testing.php on line 54.
 1 APPPATH\Controllers\Testing.php(54): CodeIgniter\Debug\Exceptions->errorHandler(2, 'require_once(../ThirdParty/odoo/ripcord.php): Failed to open stream: No such file or directory', 'APPPATH\\Controllers\\Testing.php', 54)
 2 APPPATH\Controllers\Testing.php(54): require_once()
 3 SYSTEMPATH\CodeIgniter.php(934): App\Controllers\Testing->index()
 4 SYSTEMPATH\CodeIgniter.php(499): CodeIgniter\CodeIgniter->runController(Object(App\Controllers\Testing))
 5 SYSTEMPATH\CodeIgniter.php(368): CodeIgniter\CodeIgniter->handleRequest(null, Object(Config\Cache), false)
 6 FCPATH\index.php(67): CodeIgniter\CodeIgniter->run()
CRITICAL - 2024-01-16 10:56:21 --> Class "App\Controllers\ripcord" not found
in APPPATH\Controllers\Testing.php on line 55.
 1 SYSTEMPATH\CodeIgniter.php(934): App\Controllers\Testing->index()
 2 SYSTEMPATH\CodeIgniter.php(499): CodeIgniter\CodeIgniter->runController(Object(App\Controllers\Testing))
 3 SYSTEMPATH\CodeIgniter.php(368): CodeIgniter\CodeIgniter->handleRequest(null, Object(Config\Cache), false)
 4 FCPATH\index.php(67): CodeIgniter\CodeIgniter->run()
CRITICAL - 2024-01-16 10:56:40 --> PHP XMLRPC library is not installed
in APPPATH\Controllers\odoo\ripcord_client.php on line 132.
 1 APPPATH\Controllers\odoo\ripcord.php(86): Ripcord_Client->__construct('https://exevor.odoo.com/xmlrpc/2/common', null, Object(Ripcord_Transport_Stream))
 2 APPPATH\Controllers\Testing.php(55): ripcord::client('https://exevor.odoo.com/xmlrpc/2/common')
 3 SYSTEMPATH\CodeIgniter.php(934): App\Controllers\Testing->index()
 4 SYSTEMPATH\CodeIgniter.php(499): CodeIgniter\CodeIgniter->runController(Object(App\Controllers\Testing))
 5 SYSTEMPATH\CodeIgniter.php(368): CodeIgniter\CodeIgniter->handleRequest(null, Object(Config\Cache), false)
 6 FCPATH\index.php(67): CodeIgniter\CodeIgniter->run()
CRITICAL - 2024-01-16 11:33:40 --> PHP XMLRPC library is not installed
in APPPATH\ThirdParty\odoo\ripcord_client.php on line 132.
 1 APPPATH\ThirdParty\odoo\ripcord.php(86): Ripcord_Client->__construct('https://exevor.odoo.com/xmlrpc/2/common', null, Object(Ripcord_Transport_Stream))
 2 APPPATH\Controllers\Testing.php(55): ripcord::client('https://exevor.odoo.com/xmlrpc/2/common')
 3 SYSTEMPATH\CodeIgniter.php(934): App\Controllers\Testing->index()
 4 SYSTEMPATH\CodeIgniter.php(499): CodeIgniter\CodeIgniter->runController(Object(App\Controllers\Testing))
 5 SYSTEMPATH\CodeIgniter.php(368): CodeIgniter\CodeIgniter->handleRequest(null, Object(Config\Cache), false)
 6 FCPATH\index.php(67): CodeIgniter\CodeIgniter->run()
CRITICAL - 2024-01-16 11:36:46 --> PHP XMLRPC library is not installed
in APPPATH\ThirdParty\odoo\ripcord_client.php on line 132.
 1 APPPATH\ThirdParty\odoo\ripcord.php(86): Ripcord_Client->__construct('https://exevor.odoo.com/xmlrpc/2/common', null, Object(Ripcord_Transport_Stream))
 2 APPPATH\Controllers\Testing.php(55): ripcord::client('https://exevor.odoo.com/xmlrpc/2/common')
 3 SYSTEMPATH\CodeIgniter.php(934): App\Controllers\Testing->index()
 4 SYSTEMPATH\CodeIgniter.php(499): CodeIgniter\CodeIgniter->runController(Object(App\Controllers\Testing))
 5 SYSTEMPATH\CodeIgniter.php(368): CodeIgniter\CodeIgniter->handleRequest(null, Object(Config\Cache), false)
 6 FCPATH\index.php(67): CodeIgniter\CodeIgniter->run()
CRITICAL - 2024-01-16 11:38:33 --> Class "App\Libraries\TCPDF" not found
in APPPATH\Libraries\ConceptOdoo.php on line 6.
 1 SYSTEMPATH\Autoloader\Autoloader.php(312): include_once()
 2 SYSTEMPATH\Autoloader\Autoloader.php(289): CodeIgniter\Autoloader\Autoloader->includeFile('APPPATH\\Libraries\\ConceptOdoo.php')
 3 SYSTEMPATH\Autoloader\Autoloader.php(267): CodeIgniter\Autoloader\Autoloader->loadInNamespace('App\\Libraries\\ConceptOdoo')
 4 APPPATH\Controllers\Testing.php(45): CodeIgniter\Autoloader\Autoloader->loadClass('App\\Libraries\\ConceptOdoo')
 5 SYSTEMPATH\CodeIgniter.php(934): App\Controllers\Testing->index()
 6 SYSTEMPATH\CodeIgniter.php(499): CodeIgniter\CodeIgniter->runController(Object(App\Controllers\Testing))
 7 SYSTEMPATH\CodeIgniter.php(368): CodeIgniter\CodeIgniter->handleRequest(null, Object(Config\Cache), false)
 8 FCPATH\index.php(67): CodeIgniter\CodeIgniter->run()
CRITICAL - 2024-01-16 11:39:27 --> Cannot use "parent" when current class scope has no parent
in APPPATH\Libraries\ConceptOdoo.php on line 9.
 1 [internal function]: CodeIgniter\Debug\Exceptions->shutdownHandler()
CRITICAL - 2024-01-16 11:53:57 --> PHP XMLRPC library is not installed
in APPPATH\ThirdParty\odoo\ripcord_client.php on line 132.
 1 APPPATH\ThirdParty\odoo\ripcord.php(86): Ripcord_Client->__construct('https://exevor.odoo.com/xmlrpc/2/common', null, Object(Ripcord_Transport_Stream))
 2 APPPATH\Libraries\ConceptOdoo.php(20): ripcord::client('https://exevor.odoo.com/xmlrpc/2/common')
 3 APPPATH\Controllers\Testing.php(47): App\Libraries\ConceptOdoo->add_task()
 4 SYSTEMPATH\CodeIgniter.php(934): App\Controllers\Testing->index()
 5 SYSTEMPATH\CodeIgniter.php(499): CodeIgniter\CodeIgniter->runController(Object(App\Controllers\Testing))
 6 SYSTEMPATH\CodeIgniter.php(368): CodeIgniter\CodeIgniter->handleRequest(null, Object(Config\Cache), false)
 7 FCPATH\index.php(67): CodeIgniter\CodeIgniter->run()
CRITICAL - 2024-01-16 11:54:23 --> Class "ripcord" not found
in APPPATH\Libraries\ConceptOdoo.php on line 20.
 1 APPPATH\Controllers\Testing.php(47): App\Libraries\ConceptOdoo->add_task()
 2 SYSTEMPATH\CodeIgniter.php(934): App\Controllers\Testing->index()
 3 SYSTEMPATH\CodeIgniter.php(499): CodeIgniter\CodeIgniter->runController(Object(App\Controllers\Testing))
 4 SYSTEMPATH\CodeIgniter.php(368): CodeIgniter\CodeIgniter->handleRequest(null, Object(Config\Cache), false)
 5 FCPATH\index.php(67): CodeIgniter\CodeIgniter->run()
CRITICAL - 2024-01-16 11:54:40 --> PHP XMLRPC library is not installed
in APPPATH\ThirdParty\odoo\ripcord_client.php on line 132.
 1 APPPATH\ThirdParty\odoo\ripcord.php(86): Ripcord_Client->__construct('https://exevor.odoo.com/xmlrpc/2/common', null, Object(Ripcord_Transport_Stream))
 2 APPPATH\Libraries\ConceptOdoo.php(20): ripcord::client('https://exevor.odoo.com/xmlrpc/2/common')
 3 APPPATH\Controllers\Testing.php(47): App\Libraries\ConceptOdoo->add_task()
 4 SYSTEMPATH\CodeIgniter.php(934): App\Controllers\Testing->index()
 5 SYSTEMPATH\CodeIgniter.php(499): CodeIgniter\CodeIgniter->runController(Object(App\Controllers\Testing))
 6 SYSTEMPATH\CodeIgniter.php(368): CodeIgniter\CodeIgniter->handleRequest(null, Object(Config\Cache), false)
 7 FCPATH\index.php(67): CodeIgniter\CodeIgniter->run()
CRITICAL - 2024-01-16 11:55:32 --> require_once(C:\xampp\htdocs\aitsun-erp\app\ThirdParty/odoo/ripcord.php): Failed to open stream: No such file or directory
in APPPATH\Libraries\ConceptOdoo.php on line 4.
 1 APPPATH\Libraries\ConceptOdoo.php(4): CodeIgniter\Debug\Exceptions->errorHandler(2, 'require_once(C:\\xampp\\htdocs\\aitsun-erp\\app\\ThirdParty/odoo/ripcord.php): Failed to open stream: No such file or directory', 'APPPATH\\Libraries\\ConceptOdoo.php', 4)
 2 APPPATH\Libraries\ConceptOdoo.php(4): require_once()
 3 SYSTEMPATH\Autoloader\Autoloader.php(312): include_once('APPPATH\\Libraries\\ConceptOdoo.php')
 4 SYSTEMPATH\Autoloader\Autoloader.php(289): CodeIgniter\Autoloader\Autoloader->includeFile('APPPATH\\Libraries\\ConceptOdoo.php')
 5 SYSTEMPATH\Autoloader\Autoloader.php(267): CodeIgniter\Autoloader\Autoloader->loadInNamespace('App\\Libraries\\ConceptOdoo')
 6 APPPATH\Controllers\Testing.php(45): CodeIgniter\Autoloader\Autoloader->loadClass('App\\Libraries\\ConceptOdoo')
 7 SYSTEMPATH\CodeIgniter.php(934): App\Controllers\Testing->index()
 8 SYSTEMPATH\CodeIgniter.php(499): CodeIgniter\CodeIgniter->runController(Object(App\Controllers\Testing))
 9 SYSTEMPATH\CodeIgniter.php(368): CodeIgniter\CodeIgniter->handleRequest(null, Object(Config\Cache), false)
10 FCPATH\index.php(67): CodeIgniter\CodeIgniter->run()
CRITICAL - 2024-01-16 11:55:49 --> require_once(C:\xampp\htdocs\aitsun-erp\app\odoo/ripcord.php): Failed to open stream: No such file or directory
in APPPATH\Libraries\ConceptOdoo.php on line 4.
 1 APPPATH\Libraries\ConceptOdoo.php(4): CodeIgniter\Debug\Exceptions->errorHandler(2, 'require_once(C:\\xampp\\htdocs\\aitsun-erp\\app\\odoo/ripcord.php): Failed to open stream: No such file or directory', 'APPPATH\\Libraries\\ConceptOdoo.php', 4)
 2 APPPATH\Libraries\ConceptOdoo.php(4): require_once()
 3 SYSTEMPATH\Autoloader\Autoloader.php(312): include_once('APPPATH\\Libraries\\ConceptOdoo.php')
 4 SYSTEMPATH\Autoloader\Autoloader.php(289): CodeIgniter\Autoloader\Autoloader->includeFile('APPPATH\\Libraries\\ConceptOdoo.php')
 5 SYSTEMPATH\Autoloader\Autoloader.php(267): CodeIgniter\Autoloader\Autoloader->loadInNamespace('App\\Libraries\\ConceptOdoo')
 6 APPPATH\Controllers\Testing.php(45): CodeIgniter\Autoloader\Autoloader->loadClass('App\\Libraries\\ConceptOdoo')
 7 SYSTEMPATH\CodeIgniter.php(934): App\Controllers\Testing->index()
 8 SYSTEMPATH\CodeIgniter.php(499): CodeIgniter\CodeIgniter->runController(Object(App\Controllers\Testing))
 9 SYSTEMPATH\CodeIgniter.php(368): CodeIgniter\CodeIgniter->handleRequest(null, Object(Config\Cache), false)
10 FCPATH\index.php(67): CodeIgniter\CodeIgniter->run()
CRITICAL - 2024-01-16 11:56:07 --> PHP XMLRPC library is not installed
in APPPATH\Libraries\odoo\ripcord_client.php on line 132.
 1 APPPATH\Libraries\odoo\ripcord.php(86): Ripcord_Client->__construct('https://exevor.odoo.com/xmlrpc/2/common', null, Object(Ripcord_Transport_Stream))
 2 APPPATH\Libraries\ConceptOdoo.php(20): ripcord::client('https://exevor.odoo.com/xmlrpc/2/common')
 3 APPPATH\Controllers\Testing.php(47): App\Libraries\ConceptOdoo->add_task()
 4 SYSTEMPATH\CodeIgniter.php(934): App\Controllers\Testing->index()
 5 SYSTEMPATH\CodeIgniter.php(499): CodeIgniter\CodeIgniter->runController(Object(App\Controllers\Testing))
 6 SYSTEMPATH\CodeIgniter.php(368): CodeIgniter\CodeIgniter->handleRequest(null, Object(Config\Cache), false)
 7 FCPATH\index.php(67): CodeIgniter\CodeIgniter->run()
