CRITICAL - 2024-03-17 06:17:15 --> Unmatched '}'
in APPPATH\Views\invoices\invoice_designs\invoice_html-1.php on line 151.
 1 SYSTEMPATH\View\View.php(216): CodeIgniter\View\View->CodeIgniter\View\{closure}()
 2 SYSTEMPATH\Common.php(1184): CodeIgniter\View\View->render('invoices/invoice_designs/invoice_html-1', [], true)
 3 APPPATH\Controllers\Invoices.php(463): view('invoices/invoice_designs/invoice_html-1', [...])
 4 SYSTEMPATH\CodeIgniter.php(934): App\Controllers\Invoices->get_invoice_html('41738', 'view')
 5 SYSTEMPATH\CodeIgniter.php(499): CodeIgniter\CodeIgniter->runController(Object(App\Controllers\Invoices))
 6 SYSTEMPATH\CodeIgniter.php(368): CodeIgniter\CodeIgniter->handleRequest(null, Object(Config\Cache), false)
 7 FCPATH\index.php(67): CodeIgniter\CodeIgniter->run()
CRITICAL - 2024-03-17 06:17:17 --> Undefined variable $i
in APPPATH\Views\invoices\invoice_designs\invoice_html-1.php on line 148.
 1 APPPATH\Views\invoices\invoice_designs\invoice_html-1.php(148): CodeIgniter\Debug\Exceptions->errorHandler(2, 'Undefined variable $i', 'APPPATH\\Views\\invoices\\invoice_designs\\invoice_html-1.php', 148)
 2 SYSTEMPATH\View\View.php(213): include('APPPATH\\Views\\invoices\\invoice_designs\\invoice_html-1.php')
 3 SYSTEMPATH\View\View.php(216): CodeIgniter\View\View->CodeIgniter\View\{closure}()
 4 SYSTEMPATH\Common.php(1184): CodeIgniter\View\View->render('invoices/invoice_designs/invoice_html-1', [], true)
 5 APPPATH\Controllers\Invoices.php(463): view('invoices/invoice_designs/invoice_html-1', [...])
 6 SYSTEMPATH\CodeIgniter.php(934): App\Controllers\Invoices->get_invoice_html('41738', 'view')
 7 SYSTEMPATH\CodeIgniter.php(499): CodeIgniter\CodeIgniter->runController(Object(App\Controllers\Invoices))
 8 SYSTEMPATH\CodeIgniter.php(368): CodeIgniter\CodeIgniter->handleRequest(null, Object(Config\Cache), false)
 9 FCPATH\index.php(67): CodeIgniter\CodeIgniter->run()
CRITICAL - 2024-03-17 06:17:21 --> Undefined variable $i
in APPPATH\Views\invoices\invoice_designs\invoice_html-1.php on line 148.
 1 APPPATH\Views\invoices\invoice_designs\invoice_html-1.php(148): CodeIgniter\Debug\Exceptions->errorHandler(2, 'Undefined variable $i', 'APPPATH\\Views\\invoices\\invoice_designs\\invoice_html-1.php', 148)
 2 SYSTEMPATH\View\View.php(213): include('APPPATH\\Views\\invoices\\invoice_designs\\invoice_html-1.php')
 3 SYSTEMPATH\View\View.php(216): CodeIgniter\View\View->CodeIgniter\View\{closure}()
 4 SYSTEMPATH\Common.php(1184): CodeIgniter\View\View->render('invoices/invoice_designs/invoice_html-1', [], true)
 5 APPPATH\Controllers\Invoices.php(463): view('invoices/invoice_designs/invoice_html-1', [...])
 6 SYSTEMPATH\CodeIgniter.php(934): App\Controllers\Invoices->get_invoice_html('41738', 'view')
 7 SYSTEMPATH\CodeIgniter.php(499): CodeIgniter\CodeIgniter->runController(Object(App\Controllers\Invoices))
 8 SYSTEMPATH\CodeIgniter.php(368): CodeIgniter\CodeIgniter->handleRequest(null, Object(Config\Cache), false)
 9 FCPATH\index.php(67): CodeIgniter\CodeIgniter->run()
CRITICAL - 2024-03-17 09:30:20 --> Undefined array key "transport_charge"
in APPPATH\Views\invoices\invoice_designs\invoice_html-1.php on line 445.
 1 APPPATH\Views\invoices\invoice_designs\invoice_html-1.php(445): CodeIgniter\Debug\Exceptions->errorHandler(2, 'Undefined array key "transport_charge"', 'APPPATH\\Views\\invoices\\invoice_designs\\invoice_html-1.php', 445)
 2 SYSTEMPATH\View\View.php(213): include('APPPATH\\Views\\invoices\\invoice_designs\\invoice_html-1.php')
 3 SYSTEMPATH\View\View.php(216): CodeIgniter\View\View->CodeIgniter\View\{closure}()
 4 SYSTEMPATH\Common.php(1184): CodeIgniter\View\View->render('invoices/invoice_designs/invoice_html-1', [], true)
 5 APPPATH\Controllers\Invoices.php(463): view('invoices/invoice_designs/invoice_html-1', [...])
 6 SYSTEMPATH\CodeIgniter.php(934): App\Controllers\Invoices->get_invoice_html('41738', 'view')
 7 SYSTEMPATH\CodeIgniter.php(499): CodeIgniter\CodeIgniter->runController(Object(App\Controllers\Invoices))
 8 SYSTEMPATH\CodeIgniter.php(368): CodeIgniter\CodeIgniter->handleRequest(null, Object(Config\Cache), false)
 9 FCPATH\index.php(67): CodeIgniter\CodeIgniter->run()
CRITICAL - 2024-03-17 09:47:03 --> Undefined variable $height
in APPPATH\Views\invoices\invoice_designs\invoice_html-1.php on line 278.
 1 APPPATH\Views\invoices\invoice_designs\invoice_html-1.php(278): CodeIgniter\Debug\Exceptions->errorHandler(2, 'Undefined variable $height', 'APPPATH\\Views\\invoices\\invoice_designs\\invoice_html-1.php', 278)
 2 SYSTEMPATH\View\View.php(213): include('APPPATH\\Views\\invoices\\invoice_designs\\invoice_html-1.php')
 3 SYSTEMPATH\View\View.php(216): CodeIgniter\View\View->CodeIgniter\View\{closure}()
 4 SYSTEMPATH\Common.php(1184): CodeIgniter\View\View->render('invoices/invoice_designs/invoice_html-1', [], true)
 5 APPPATH\Controllers\Invoices.php(463): view('invoices/invoice_designs/invoice_html-1', [...])
 6 SYSTEMPATH\CodeIgniter.php(934): App\Controllers\Invoices->get_invoice_html('41738', 'view')
 7 SYSTEMPATH\CodeIgniter.php(499): CodeIgniter\CodeIgniter->runController(Object(App\Controllers\Invoices))
 8 SYSTEMPATH\CodeIgniter.php(368): CodeIgniter\CodeIgniter->handleRequest(null, Object(Config\Cache), false)
 9 FCPATH\index.php(67): CodeIgniter\CodeIgniter->run()
