CRITICAL - 2024-05-17 06:30:53 --> Undefined variable $invoice_type
in APPPATH\Views\pos\create.php on line 490.
 1 APPPATH\Views\pos\create.php(490): CodeIgniter\Debug\Exceptions->errorHandler(2, 'Undefined variable $invoice_type', 'APPPATH\\Views\\pos\\create.php', 490)
 2 SYSTEMPATH\View\View.php(213): include('APPPATH\\Views\\pos\\create.php')
 3 SYSTEMPATH\View\View.php(216): CodeIgniter\View\View->CodeIgniter\View\{closure}()
 4 SYSTEMPATH\Common.php(1184): CodeIgniter\View\View->render('pos/create', [], true)
 5 APPPATH\Controllers\Pos.php(100): view('pos/create', [...])
 6 SYSTEMPATH\CodeIgniter.php(934): App\Controllers\Pos->create()
 7 SYSTEMPATH\CodeIgniter.php(499): CodeIgniter\CodeIgniter->runController(Object(App\Controllers\Pos))
 8 SYSTEMPATH\CodeIgniter.php(368): CodeIgniter\CodeIgniter->handleRequest(null, Object(Config\Cache), false)
 9 FCPATH\index.php(67): CodeIgniter\CodeIgniter->run()
CRITICAL - 2024-05-17 07:20:03 --> Undefined array key "payment_type"
in APPPATH\Controllers\Sales.php on line 50.
 1 APPPATH\Controllers\Sales.php(50): CodeIgniter\Debug\Exceptions->errorHandler(2, 'Undefined array key "payment_type"', 'APPPATH\\Controllers\\Sales.php', 50)
 2 SYSTEMPATH\CodeIgniter.php(934): App\Controllers\Sales->index()
 3 SYSTEMPATH\CodeIgniter.php(499): CodeIgniter\CodeIgniter->runController(Object(App\Controllers\Sales))
 4 SYSTEMPATH\CodeIgniter.php(368): CodeIgniter\CodeIgniter->handleRequest(null, Object(Config\Cache), false)
 5 FCPATH\index.php(67): CodeIgniter\CodeIgniter->run()
CRITICAL - 2024-05-17 07:32:27 --> Undefined variable $view_type
in APPPATH\Views\pos\create.php on line 95.
 1 APPPATH\Views\pos\create.php(95): CodeIgniter\Debug\Exceptions->errorHandler(2, 'Undefined variable $view_type', 'APPPATH\\Views\\pos\\create.php', 95)
 2 SYSTEMPATH\View\View.php(213): include('APPPATH\\Views\\pos\\create.php')
 3 SYSTEMPATH\View\View.php(216): CodeIgniter\View\View->CodeIgniter\View\{closure}()
 4 SYSTEMPATH\Common.php(1184): CodeIgniter\View\View->render('pos/create', [], true)
 5 APPPATH\Controllers\Pos.php(100): view('pos/create', [...])
 6 SYSTEMPATH\CodeIgniter.php(934): App\Controllers\Pos->create()
 7 SYSTEMPATH\CodeIgniter.php(499): CodeIgniter\CodeIgniter->runController(Object(App\Controllers\Pos))
 8 SYSTEMPATH\CodeIgniter.php(368): CodeIgniter\CodeIgniter->handleRequest(null, Object(Config\Cache), false)
 9 FCPATH\index.php(67): CodeIgniter\CodeIgniter->run()
CRITICAL - 2024-05-17 07:39:13 --> Undefined variable $invoice_type
in APPPATH\Views\pos\create.php on line 107.
 1 APPPATH\Views\pos\create.php(107): CodeIgniter\Debug\Exceptions->errorHandler(2, 'Undefined variable $invoice_type', 'APPPATH\\Views\\pos\\create.php', 107)
 2 SYSTEMPATH\View\View.php(213): include('APPPATH\\Views\\pos\\create.php')
 3 SYSTEMPATH\View\View.php(216): CodeIgniter\View\View->CodeIgniter\View\{closure}()
 4 SYSTEMPATH\Common.php(1184): CodeIgniter\View\View->render('pos/create', [], true)
 5 APPPATH\Controllers\Pos.php(102): view('pos/create', [...])
 6 SYSTEMPATH\CodeIgniter.php(934): App\Controllers\Pos->create()
 7 SYSTEMPATH\CodeIgniter.php(499): CodeIgniter\CodeIgniter->runController(Object(App\Controllers\Pos))
 8 SYSTEMPATH\CodeIgniter.php(368): CodeIgniter\CodeIgniter->handleRequest(null, Object(Config\Cache), false)
 9 FCPATH\index.php(67): CodeIgniter\CodeIgniter->run()
CRITICAL - 2024-05-17 07:40:26 --> Undefined array key "payment_type"
in APPPATH\Controllers\Sales.php on line 50.
 1 APPPATH\Controllers\Sales.php(50): CodeIgniter\Debug\Exceptions->errorHandler(2, 'Undefined array key "payment_type"', 'APPPATH\\Controllers\\Sales.php', 50)
 2 SYSTEMPATH\CodeIgniter.php(934): App\Controllers\Sales->index()
 3 SYSTEMPATH\CodeIgniter.php(499): CodeIgniter\CodeIgniter->runController(Object(App\Controllers\Sales))
 4 SYSTEMPATH\CodeIgniter.php(368): CodeIgniter\CodeIgniter->handleRequest(null, Object(Config\Cache), false)
 5 FCPATH\index.php(67): CodeIgniter\CodeIgniter->run()
CRITICAL - 2024-05-17 07:40:41 --> Undefined array key "payment_type"
in APPPATH\Controllers\Sales.php on line 50.
 1 APPPATH\Controllers\Sales.php(50): CodeIgniter\Debug\Exceptions->errorHandler(2, 'Undefined array key "payment_type"', 'APPPATH\\Controllers\\Sales.php', 50)
 2 SYSTEMPATH\CodeIgniter.php(934): App\Controllers\Sales->index()
 3 SYSTEMPATH\CodeIgniter.php(499): CodeIgniter\CodeIgniter->runController(Object(App\Controllers\Sales))
 4 SYSTEMPATH\CodeIgniter.php(368): CodeIgniter\CodeIgniter->handleRequest(null, Object(Config\Cache), false)
 5 FCPATH\index.php(67): CodeIgniter\CodeIgniter->run()
CRITICAL - 2024-05-17 07:54:21 --> Undefined array key "payment_type"
in APPPATH\Controllers\Sales.php on line 50.
 1 APPPATH\Controllers\Sales.php(50): CodeIgniter\Debug\Exceptions->errorHandler(2, 'Undefined array key "payment_type"', 'APPPATH\\Controllers\\Sales.php', 50)
 2 SYSTEMPATH\CodeIgniter.php(934): App\Controllers\Sales->index()
 3 SYSTEMPATH\CodeIgniter.php(499): CodeIgniter\CodeIgniter->runController(Object(App\Controllers\Sales))
 4 SYSTEMPATH\CodeIgniter.php(368): CodeIgniter\CodeIgniter->handleRequest(null, Object(Config\Cache), false)
 5 FCPATH\index.php(67): CodeIgniter\CodeIgniter->run()
CRITICAL - 2024-05-17 08:08:45 --> Undefined array key "payment_type"
in APPPATH\Controllers\Sales.php on line 50.
 1 APPPATH\Controllers\Sales.php(50): CodeIgniter\Debug\Exceptions->errorHandler(2, 'Undefined array key "payment_type"', 'APPPATH\\Controllers\\Sales.php', 50)
 2 SYSTEMPATH\CodeIgniter.php(934): App\Controllers\Sales->index()
 3 SYSTEMPATH\CodeIgniter.php(499): CodeIgniter\CodeIgniter->runController(Object(App\Controllers\Sales))
 4 SYSTEMPATH\CodeIgniter.php(368): CodeIgniter\CodeIgniter->handleRequest(null, Object(Config\Cache), false)
 5 FCPATH\index.php(67): CodeIgniter\CodeIgniter->run()
CRITICAL - 2024-05-17 08:09:45 --> Undefined array key "payment_type"
in APPPATH\Controllers\Sales.php on line 50.
 1 APPPATH\Controllers\Sales.php(50): CodeIgniter\Debug\Exceptions->errorHandler(2, 'Undefined array key "payment_type"', 'APPPATH\\Controllers\\Sales.php', 50)
 2 SYSTEMPATH\CodeIgniter.php(934): App\Controllers\Sales->index()
 3 SYSTEMPATH\CodeIgniter.php(499): CodeIgniter\CodeIgniter->runController(Object(App\Controllers\Sales))
 4 SYSTEMPATH\CodeIgniter.php(368): CodeIgniter\CodeIgniter->handleRequest(null, Object(Config\Cache), false)
 5 FCPATH\index.php(67): CodeIgniter\CodeIgniter->run()
CRITICAL - 2024-05-17 08:14:04 --> strip_tags(): Argument #1 ($string) must be of type string, array given
in APPPATH\Controllers\Sales.php on line 50.
 1 APPPATH\Controllers\Sales.php(50): strip_tags([...])
 2 SYSTEMPATH\CodeIgniter.php(934): App\Controllers\Sales->index()
 3 SYSTEMPATH\CodeIgniter.php(499): CodeIgniter\CodeIgniter->runController(Object(App\Controllers\Sales))
 4 SYSTEMPATH\CodeIgniter.php(368): CodeIgniter\CodeIgniter->handleRequest(null, Object(Config\Cache), false)
 5 FCPATH\index.php(67): CodeIgniter\CodeIgniter->run()
CRITICAL - 2024-05-17 08:14:34 --> strip_tags(): Argument #1 ($string) must be of type string, array given
in APPPATH\Controllers\Sales.php on line 50.
 1 APPPATH\Controllers\Sales.php(50): strip_tags([...])
 2 SYSTEMPATH\CodeIgniter.php(934): App\Controllers\Sales->index()
 3 SYSTEMPATH\CodeIgniter.php(499): CodeIgniter\CodeIgniter->runController(Object(App\Controllers\Sales))
 4 SYSTEMPATH\CodeIgniter.php(368): CodeIgniter\CodeIgniter->handleRequest(null, Object(Config\Cache), false)
 5 FCPATH\index.php(67): CodeIgniter\CodeIgniter->run()
CRITICAL - 2024-05-17 08:28:01 --> Undefined array key "payment_type"
in APPPATH\Controllers\Sales.php on line 50.
 1 APPPATH\Controllers\Sales.php(50): CodeIgniter\Debug\Exceptions->errorHandler(2, 'Undefined array key "payment_type"', 'APPPATH\\Controllers\\Sales.php', 50)
 2 SYSTEMPATH\CodeIgniter.php(934): App\Controllers\Sales->index()
 3 SYSTEMPATH\CodeIgniter.php(499): CodeIgniter\CodeIgniter->runController(Object(App\Controllers\Sales))
 4 SYSTEMPATH\CodeIgniter.php(368): CodeIgniter\CodeIgniter->handleRequest(null, Object(Config\Cache), false)
 5 FCPATH\index.php(67): CodeIgniter\CodeIgniter->run()
CRITICAL - 2024-05-17 08:28:30 --> Undefined array key "payment_type"
in APPPATH\Controllers\Sales.php on line 50.
 1 APPPATH\Controllers\Sales.php(50): CodeIgniter\Debug\Exceptions->errorHandler(2, 'Undefined array key "payment_type"', 'APPPATH\\Controllers\\Sales.php', 50)
 2 SYSTEMPATH\CodeIgniter.php(934): App\Controllers\Sales->index()
 3 SYSTEMPATH\CodeIgniter.php(499): CodeIgniter\CodeIgniter->runController(Object(App\Controllers\Sales))
 4 SYSTEMPATH\CodeIgniter.php(368): CodeIgniter\CodeIgniter->handleRequest(null, Object(Config\Cache), false)
 5 FCPATH\index.php(67): CodeIgniter\CodeIgniter->run()
CRITICAL - 2024-05-17 08:29:11 --> strip_tags(): Argument #1 ($string) must be of type string, array given
in APPPATH\Controllers\Sales.php on line 50.
 1 APPPATH\Controllers\Sales.php(50): strip_tags([...])
 2 SYSTEMPATH\CodeIgniter.php(934): App\Controllers\Sales->index()
 3 SYSTEMPATH\CodeIgniter.php(499): CodeIgniter\CodeIgniter->runController(Object(App\Controllers\Sales))
 4 SYSTEMPATH\CodeIgniter.php(368): CodeIgniter\CodeIgniter->handleRequest(null, Object(Config\Cache), false)
 5 FCPATH\index.php(67): CodeIgniter\CodeIgniter->run()
CRITICAL - 2024-05-17 08:39:54 --> Undefined variable $payment_type
in APPPATH\Controllers\Sales.php on line 78.
 1 APPPATH\Controllers\Sales.php(78): CodeIgniter\Debug\Exceptions->errorHandler(2, 'Undefined variable $payment_type', 'APPPATH\\Controllers\\Sales.php', 78)
 2 SYSTEMPATH\CodeIgniter.php(934): App\Controllers\Sales->index()
 3 SYSTEMPATH\CodeIgniter.php(499): CodeIgniter\CodeIgniter->runController(Object(App\Controllers\Sales))
 4 SYSTEMPATH\CodeIgniter.php(368): CodeIgniter\CodeIgniter->handleRequest(null, Object(Config\Cache), false)
 5 FCPATH\index.php(67): CodeIgniter\CodeIgniter->run()
CRITICAL - 2024-05-17 08:40:50 --> Undefined variable $payment_type
in APPPATH\Controllers\Sales.php on line 78.
 1 APPPATH\Controllers\Sales.php(78): CodeIgniter\Debug\Exceptions->errorHandler(2, 'Undefined variable $payment_type', 'APPPATH\\Controllers\\Sales.php', 78)
 2 SYSTEMPATH\CodeIgniter.php(934): App\Controllers\Sales->index()
 3 SYSTEMPATH\CodeIgniter.php(499): CodeIgniter\CodeIgniter->runController(Object(App\Controllers\Sales))
 4 SYSTEMPATH\CodeIgniter.php(368): CodeIgniter\CodeIgniter->handleRequest(null, Object(Config\Cache), false)
 5 FCPATH\index.php(67): CodeIgniter\CodeIgniter->run()
CRITICAL - 2024-05-17 08:42:06 --> Undefined variable $duuuuamt
in APPPATH\Controllers\Sales.php on line 128.
 1 APPPATH\Controllers\Sales.php(128): CodeIgniter\Debug\Exceptions->errorHandler(2, 'Undefined variable $duuuuamt', 'APPPATH\\Controllers\\Sales.php', 128)
 2 SYSTEMPATH\CodeIgniter.php(934): App\Controllers\Sales->index()
 3 SYSTEMPATH\CodeIgniter.php(499): CodeIgniter\CodeIgniter->runController(Object(App\Controllers\Sales))
 4 SYSTEMPATH\CodeIgniter.php(368): CodeIgniter\CodeIgniter->handleRequest(null, Object(Config\Cache), false)
 5 FCPATH\index.php(67): CodeIgniter\CodeIgniter->run()
CRITICAL - 2024-05-17 08:44:29 --> syntax error, unexpected token "public"
in APPPATH\Controllers\Sales.php on line 54.
 1 SYSTEMPATH\Autoloader\Autoloader.php(289): CodeIgniter\Autoloader\Autoloader->includeFile('APPPATH\\Controllers\\Sales.php')
 2 SYSTEMPATH\Autoloader\Autoloader.php(267): CodeIgniter\Autoloader\Autoloader->loadInNamespace('App\\Controllers\\Sales')
 3 [internal function]: CodeIgniter\Autoloader\Autoloader->loadClass('App\\Controllers\\Sales')
 4 SYSTEMPATH\CodeIgniter.php(892): class_exists('\\App\\Controllers\\Sales', true)
 5 SYSTEMPATH\CodeIgniter.php(486): CodeIgniter\CodeIgniter->startController()
 6 SYSTEMPATH\CodeIgniter.php(368): CodeIgniter\CodeIgniter->handleRequest(null, Object(Config\Cache), false)
 7 FCPATH\index.php(67): CodeIgniter\CodeIgniter->run()
CRITICAL - 2024-05-17 08:45:04 --> syntax error, unexpected token "public"
in APPPATH\Controllers\Sales.php on line 54.
 1 SYSTEMPATH\Autoloader\Autoloader.php(289): CodeIgniter\Autoloader\Autoloader->includeFile('APPPATH\\Controllers\\Sales.php')
 2 SYSTEMPATH\Autoloader\Autoloader.php(267): CodeIgniter\Autoloader\Autoloader->loadInNamespace('App\\Controllers\\Sales')
 3 [internal function]: CodeIgniter\Autoloader\Autoloader->loadClass('App\\Controllers\\Sales')
 4 SYSTEMPATH\CodeIgniter.php(892): class_exists('\\App\\Controllers\\Sales', true)
 5 SYSTEMPATH\CodeIgniter.php(486): CodeIgniter\CodeIgniter->startController()
 6 SYSTEMPATH\CodeIgniter.php(368): CodeIgniter\CodeIgniter->handleRequest(null, Object(Config\Cache), false)
 7 FCPATH\index.php(67): CodeIgniter\CodeIgniter->run()
CRITICAL - 2024-05-17 08:45:20 --> syntax error, unexpected token "public"
in APPPATH\Controllers\Sales.php on line 55.
 1 SYSTEMPATH\Autoloader\Autoloader.php(289): CodeIgniter\Autoloader\Autoloader->includeFile('APPPATH\\Controllers\\Sales.php')
 2 SYSTEMPATH\Autoloader\Autoloader.php(267): CodeIgniter\Autoloader\Autoloader->loadInNamespace('App\\Controllers\\Sales')
 3 [internal function]: CodeIgniter\Autoloader\Autoloader->loadClass('App\\Controllers\\Sales')
 4 SYSTEMPATH\CodeIgniter.php(892): class_exists('\\App\\Controllers\\Sales', true)
 5 SYSTEMPATH\CodeIgniter.php(486): CodeIgniter\CodeIgniter->startController()
 6 SYSTEMPATH\CodeIgniter.php(368): CodeIgniter\CodeIgniter->handleRequest(null, Object(Config\Cache), false)
 7 FCPATH\index.php(67): CodeIgniter\CodeIgniter->run()
CRITICAL - 2024-05-17 08:46:49 --> Undefined variable $payment_type
in APPPATH\Controllers\Sales.php on line 74.
 1 APPPATH\Controllers\Sales.php(74): CodeIgniter\Debug\Exceptions->errorHandler(2, 'Undefined variable $payment_type', 'APPPATH\\Controllers\\Sales.php', 74)
 2 SYSTEMPATH\CodeIgniter.php(934): App\Controllers\Sales->index()
 3 SYSTEMPATH\CodeIgniter.php(499): CodeIgniter\CodeIgniter->runController(Object(App\Controllers\Sales))
 4 SYSTEMPATH\CodeIgniter.php(368): CodeIgniter\CodeIgniter->handleRequest(null, Object(Config\Cache), false)
 5 FCPATH\index.php(67): CodeIgniter\CodeIgniter->run()
CRITICAL - 2024-05-17 08:50:02 --> strip_tags(): Argument #1 ($string) must be of type string, array given
in APPPATH\Controllers\Sales.php on line 157.
 1 APPPATH\Controllers\Sales.php(157): strip_tags([...])
 2 SYSTEMPATH\CodeIgniter.php(934): App\Controllers\Sales->index()
 3 SYSTEMPATH\CodeIgniter.php(499): CodeIgniter\CodeIgniter->runController(Object(App\Controllers\Sales))
 4 SYSTEMPATH\CodeIgniter.php(368): CodeIgniter\CodeIgniter->handleRequest(null, Object(Config\Cache), false)
 5 FCPATH\index.php(67): CodeIgniter\CodeIgniter->run()
CRITICAL - 2024-05-17 08:50:13 --> strip_tags(): Argument #1 ($string) must be of type string, array given
in APPPATH\Controllers\Sales.php on line 157.
 1 APPPATH\Controllers\Sales.php(157): strip_tags([...])
 2 SYSTEMPATH\CodeIgniter.php(934): App\Controllers\Sales->index()
 3 SYSTEMPATH\CodeIgniter.php(499): CodeIgniter\CodeIgniter->runController(Object(App\Controllers\Sales))
 4 SYSTEMPATH\CodeIgniter.php(368): CodeIgniter\CodeIgniter->handleRequest(null, Object(Config\Cache), false)
 5 FCPATH\index.php(67): CodeIgniter\CodeIgniter->run()
CRITICAL - 2024-05-17 08:50:41 --> strip_tags(): Argument #1 ($string) must be of type string, array given
in APPPATH\Controllers\Sales.php on line 157.
 1 APPPATH\Controllers\Sales.php(157): strip_tags([...])
 2 SYSTEMPATH\CodeIgniter.php(934): App\Controllers\Sales->index()
 3 SYSTEMPATH\CodeIgniter.php(499): CodeIgniter\CodeIgniter->runController(Object(App\Controllers\Sales))
 4 SYSTEMPATH\CodeIgniter.php(368): CodeIgniter\CodeIgniter->handleRequest(null, Object(Config\Cache), false)
 5 FCPATH\index.php(67): CodeIgniter\CodeIgniter->run()
CRITICAL - 2024-05-17 08:55:40 --> syntax error, unexpected token "public", expecting end of file
in APPPATH\Controllers\Sales.php on line 417.
 1 SYSTEMPATH\Autoloader\Autoloader.php(289): CodeIgniter\Autoloader\Autoloader->includeFile('APPPATH\\Controllers\\Sales.php')
 2 SYSTEMPATH\Autoloader\Autoloader.php(267): CodeIgniter\Autoloader\Autoloader->loadInNamespace('App\\Controllers\\Sales')
 3 [internal function]: CodeIgniter\Autoloader\Autoloader->loadClass('App\\Controllers\\Sales')
 4 SYSTEMPATH\CodeIgniter.php(892): class_exists('\\App\\Controllers\\Sales', true)
 5 SYSTEMPATH\CodeIgniter.php(486): CodeIgniter\CodeIgniter->startController()
 6 SYSTEMPATH\CodeIgniter.php(368): CodeIgniter\CodeIgniter->handleRequest(null, Object(Config\Cache), false)
 7 FCPATH\index.php(67): CodeIgniter\CodeIgniter->run()
CRITICAL - 2024-05-17 08:56:35 --> syntax error, unexpected token "public", expecting end of file
in APPPATH\Controllers\Sales.php on line 415.
 1 SYSTEMPATH\Autoloader\Autoloader.php(289): CodeIgniter\Autoloader\Autoloader->includeFile('APPPATH\\Controllers\\Sales.php')
 2 SYSTEMPATH\Autoloader\Autoloader.php(267): CodeIgniter\Autoloader\Autoloader->loadInNamespace('App\\Controllers\\Sales')
 3 [internal function]: CodeIgniter\Autoloader\Autoloader->loadClass('App\\Controllers\\Sales')
 4 SYSTEMPATH\CodeIgniter.php(892): class_exists('\\App\\Controllers\\Sales', true)
 5 SYSTEMPATH\CodeIgniter.php(486): CodeIgniter\CodeIgniter->startController()
 6 SYSTEMPATH\CodeIgniter.php(368): CodeIgniter\CodeIgniter->handleRequest(null, Object(Config\Cache), false)
 7 FCPATH\index.php(67): CodeIgniter\CodeIgniter->run()
CRITICAL - 2024-05-17 08:56:59 --> syntax error, unexpected token "public", expecting end of file
in APPPATH\Controllers\Sales.php on line 417.
 1 SYSTEMPATH\Autoloader\Autoloader.php(289): CodeIgniter\Autoloader\Autoloader->includeFile('APPPATH\\Controllers\\Sales.php')
 2 SYSTEMPATH\Autoloader\Autoloader.php(267): CodeIgniter\Autoloader\Autoloader->loadInNamespace('App\\Controllers\\Sales')
 3 [internal function]: CodeIgniter\Autoloader\Autoloader->loadClass('App\\Controllers\\Sales')
 4 SYSTEMPATH\CodeIgniter.php(892): class_exists('\\App\\Controllers\\Sales', true)
 5 SYSTEMPATH\CodeIgniter.php(486): CodeIgniter\CodeIgniter->startController()
 6 SYSTEMPATH\CodeIgniter.php(368): CodeIgniter\CodeIgniter->handleRequest(null, Object(Config\Cache), false)
 7 FCPATH\index.php(67): CodeIgniter\CodeIgniter->run()
CRITICAL - 2024-05-17 08:57:09 --> syntax error, unexpected token "public", expecting end of file
in APPPATH\Controllers\Sales.php on line 413.
 1 SYSTEMPATH\Autoloader\Autoloader.php(289): CodeIgniter\Autoloader\Autoloader->includeFile('APPPATH\\Controllers\\Sales.php')
 2 SYSTEMPATH\Autoloader\Autoloader.php(267): CodeIgniter\Autoloader\Autoloader->loadInNamespace('App\\Controllers\\Sales')
 3 [internal function]: CodeIgniter\Autoloader\Autoloader->loadClass('App\\Controllers\\Sales')
 4 SYSTEMPATH\CodeIgniter.php(892): class_exists('\\App\\Controllers\\Sales', true)
 5 SYSTEMPATH\CodeIgniter.php(486): CodeIgniter\CodeIgniter->startController()
 6 SYSTEMPATH\CodeIgniter.php(368): CodeIgniter\CodeIgniter->handleRequest(null, Object(Config\Cache), false)
 7 FCPATH\index.php(67): CodeIgniter\CodeIgniter->run()
CRITICAL - 2024-05-17 09:00:57 --> strip_tags(): Argument #1 ($string) must be of type string, array given
in APPPATH\Controllers\Sales.php on line 440.
 1 APPPATH\Controllers\Sales.php(440): strip_tags([...])
 2 SYSTEMPATH\CodeIgniter.php(934): App\Controllers\Sales->index()
 3 SYSTEMPATH\CodeIgniter.php(499): CodeIgniter\CodeIgniter->runController(Object(App\Controllers\Sales))
 4 SYSTEMPATH\CodeIgniter.php(368): CodeIgniter\CodeIgniter->handleRequest(null, Object(Config\Cache), false)
 5 FCPATH\index.php(67): CodeIgniter\CodeIgniter->run()
